6 /packetpunk/sync 1
39 /gyrosc/grav 0.096712 -0.294724 -0.950676
42 /gyrosc/grav 0.096736 -0.294648 -0.950697
46 /gyrosc/grav 0.096888 -0.294534 -0.950717
51 /gyrosc/grav 0.097008 -0.294444 -0.950732
54 /gyrosc/grav 0.097053 -0.294415 -0.950737
57 /gyrosc/grav 0.097076 -0.294389 -0.950743
60 /gyrosc/grav 0.097059 -0.294366 -0.950752
66 /gyrosc/grav 0.097021 -0.294357 -0.950758
75 /gyrosc/grav 0.096928 -0.294357 -0.950768
83 /gyrosc/grav 0.096804 -0.294427 -0.950759
92 /gyrosc/grav 0.096724 -0.294467 -0.950754
100 /gyrosc/grav 0.096540 -0.294511 -0.950759
109 /gyrosc/grav 0.096344 -0.294471 -0.950792
117 /gyrosc/grav 0.096270 -0.294405 -0.950820
125 /gyrosc/grav 0.096204 -0.294236 -0.950879
134 /gyrosc/grav 0.096265 -0.294026 -0.950937
141 /gyrosc/grav 0.096313 -0.293905 -0.950970
150 /gyrosc/grav 0.096387 -0.293686 -0.951030
158 /gyrosc/grav 0.096511 -0.293573 -0.951052
166 /gyrosc/grav 0.096556 -0.293554 -0.951054
175 /gyrosc/grav 0.096550 -0.293605 -0.951039
183 /gyrosc/grav 0.096580 -0.293698 -0.951007
192 /gyrosc/grav 0.096638 -0.293737 -0.950989
201 /gyrosc/grav 0.096806 -0.293761 -0.950964
208 /gyrosc/grav 0.097052 -0.293734 -0.950947
217 /gyrosc/grav 0.097187 -0.293722 -0.950937
225 /gyrosc/grav 0.097426 -0.293767 -0.950899
233 /gyrosc/grav 0.097522 -0.293905 -0.950847
241 /gyrosc/grav 0.097498 -0.294022 -0.950813
250 /gyrosc/grav 0.097380 -0.294263 -0.950751
258 /gyrosc/grav 0.097276 -0.294446 -0.950704
267 /gyrosc/grav 0.097279 -0.294499 -0.950688
275 /gyrosc/grav 0.097369 -0.294509 -0.950675
285 /gyrosc/grav 0.097585 -0.294485 -0.950661
291 /gyrosc/grav 0.097715 -0.294507 -0.950640
301 /gyrosc/grav 0.097901 -0.294612 -0.950589
308 /gyrosc/grav 0.097957 -0.294705 -0.950554
317 /gyrosc/grav 0.097991 -0.295015 -0.950454
325 /gyrosc/grav 0.097997 -0.295446 -0.950320
333 /gyrosc/grav 0.098027 -0.295676 -0.950245
342 /gyrosc/grav 0.098182 -0.296052 -0.950112
349 /gyrosc/grav 0.098529 -0.296246 -0.950016
358 /gyrosc/grav 0.098763 -0.296255 -0.949989
366 /gyrosc/grav 0.099205 -0.296211 -0.949957
375 /gyrosc/grav 0.099566 -0.296224 -0.949915
406 /gyrosc/grav 0.099671 -0.296282 -0.949886
409 /gyrosc/grav 0.099735 -0.296568 -0.949790
412 /gyrosc/grav 0.099679 -0.297032 -0.949651
416 /gyrosc/grav 0.099631 -0.297299 -0.949572
420 /gyrosc/grav 0.099507 -0.297815 -0.949423
425 /gyrosc/grav 0.099541 -0.298194 -0.949301
434 /gyrosc/grav 0.099626 -0.298339 -0.949246
441 /gyrosc/grav 0.099757 -0.298503 -0.949181
450 /gyrosc/grav 0.099851 -0.298603 -0.949140
458 /gyrosc/grav 0.099882 -0.298621 -0.949131
467 /gyrosc/grav 0.099883 -0.298645 -0.949123
475 /gyrosc/grav 0.099959 -0.298669 -0.949107
483 /gyrosc/grav 0.100052 -0.298680 -0.949094
491 /gyrosc/grav 0.100194 -0.298696 -0.949074
500 /gyrosc/grav 0.100288 -0.298678 -0.949070
508 /gyrosc/grav 0.100318 -0.298653 -0.949075
516 /gyrosc/grav 0.100346 -0.298630 -0.949079
525 /gyrosc/grav 0.100251 -0.298558 -0.949112
533 /gyrosc/grav 0.100177 -0.298521 -0.949131
542 /gyrosc/grav 0.099989 -0.298433 -0.949179
550 /gyrosc/grav 0.099851 -0.298378 -0.949210
558 /gyrosc/grav 0.099787 -0.298362 -0.949222
566 /gyrosc/grav 0.099667 -0.298369 -0.949233
575 /gyrosc/grav 0.099603 -0.298386 -0.949234
583 /gyrosc/grav 0.099615 -0.298397 -0.949229
592 /gyrosc/grav 0.099671 -0.298366 -0.949233
600 /gyrosc/grav 0.099680 -0.298322 -0.949246
608 /gyrosc/grav 0.099688 -0.298278 -0.949259
616 /gyrosc/grav 0.099575 -0.298240 -0.949283
624 /gyrosc/grav 0.099481 -0.298225 -0.949297
633 /gyrosc/grav 0.099322 -0.298150 -0.949337
642 /gyrosc/grav 0.099256 -0.298024 -0.949384
650 /gyrosc/grav 0.099224 -0.297904 -0.949425
658 /gyrosc/grav 0.099138 -0.297566 -0.949540
666 /gyrosc/grav 0.099039 -0.297205 -0.949663
674 /gyrosc/grav 0.098983 -0.297057 -0.949716
683 /gyrosc/grav 0.098730 -0.296856 -0.949805
694 /gyrosc/grav 0.098455 -0.296818 -0.949845
700 /gyrosc/grav 0.098337 -0.296848 -0.949848
710 /gyrosc/grav 0.098117 -0.296928 -0.949845
717 /gyrosc/grav 0.097963 -0.296989 -0.949842
725 /gyrosc/grav 0.097904 -0.297020 -0.949839
733 /gyrosc/grav 0.097792 -0.297040 -0.949844
741 /gyrosc/grav 0.097761 -0.297023 -0.949853
750 /gyrosc/grav 0.097760 -0.297000 -0.949860
757 /gyrosc/grav 0.097774 -0.296974 -0.949867
767 /gyrosc/grav 0.097753 -0.297013 -0.949857
774 /gyrosc/grav 0.097730 -0.297046 -0.949849
783 /gyrosc/grav 0.097643 -0.297098 -0.949841
792 /gyrosc/grav 0.097660 -0.297070 -0.949849
800 /gyrosc/grav 0.097740 -0.297037 -0.949850
808 /gyrosc/grav 0.097921 -0.296989 -0.949847
817 /gyrosc/grav 0.098049 -0.297040 -0.949818
825 /gyrosc/grav 0.098039 -0.297076 -0.949807
833 /gyrosc/grav 0.097815 -0.297106 -0.949821
843 /gyrosc/grav 0.097462 -0.297058 -0.949872
850 /gyrosc/grav 0.097322 -0.296953 -0.949920
858 /gyrosc/grav 0.097176 -0.296628 -0.950036
866 /gyrosc/grav 0.097178 -0.296442 -0.950094
874 /gyrosc/grav 0.097247 -0.296056 -0.950207
883 /gyrosc/grav 0.097302 -0.295696 -0.950314
891 /gyrosc/grav 0.097331 -0.295531 -0.950362
900 /gyrosc/grav 0.097345 -0.295322 -0.950426
908 /gyrosc/grav 0.097251 -0.295222 -0.950466
918 /gyrosc/grav 0.097184 -0.295192 -0.950482
925 /gyrosc/grav 0.096959 -0.295073 -0.950542
933 /gyrosc/grav 0.096710 -0.294844 -0.950639
941 /gyrosc/grav 0.096612 -0.294693 -0.950696
950 /gyrosc/grav 0.096481 -0.294400 -0.950800
958 /gyrosc/grav 0.096518 -0.294131 -0.950879
966 /gyrosc/grav 0.096596 -0.294022 -0.950905
975 /gyrosc/grav 0.096750 -0.293874 -0.950935
983 /gyrosc/grav 0.096836 -0.293769 -0.950959
991 /gyrosc/grav 0.096856 -0.293714 -0.950974
1001 /gyrosc/grav 0.096876 -0.293644 -0.950993
1008 /gyrosc/grav 0.096876 -0.293648 -0.950992
1017 /gyrosc/grav 0.096860 -0.293675 -0.950985
1025 /gyrosc/grav 0.096839 -0.293711 -0.950976
1033 /gyrosc/grav 0.096859 -0.293652 -0.950992
1042 /gyrosc/grav 0.096865 -0.293584 -0.951013
1050 /gyrosc/grav 0.096822 -0.293491 -0.951046
1058 /gyrosc/grav 0.096654 -0.293583 -0.951035
1066 /gyrosc/grav 0.096492 -0.293685 -0.951020
1075 /gyrosc/grav 0.096030 -0.293940 -0.950988
1083 /gyrosc/grav 0.095487 -0.294233 -0.950952
1092 /gyrosc/grav 0.095226 -0.294386 -0.950931
1100 /gyrosc/grav 0.094814 -0.294733 -0.950864
1108 /gyrosc/grav 0.094532 -0.295150 -0.950763
1116 /gyrosc/grav 0.094416 -0.295422 -0.950690
1124 /gyrosc/grav 0.094197 -0.296068 -0.950511
1133 /gyrosc/grav 0.093926 -0.296826 -0.950301
1141 /gyrosc/grav 0.093751 -0.297263 -0.950182
1150 /gyrosc/grav 0.093300 -0.298366 -0.949881
1158 /gyrosc/grav 0.092760 -0.299831 -0.949472
1166 /gyrosc/grav 0.092437 -0.300716 -0.949223
1174 /gyrosc/grav 0.091656 -0.302749 -0.948653
1183 /gyrosc/grav 0.090731 -0.304922 -0.948046
1192 /gyrosc/grav 0.090278 -0.306000 -0.947741
1200 /gyrosc/grav 0.089608 -0.308104 -0.947123
1208 /gyrosc/grav 0.089215 -0.310138 -0.946496
1216 /gyrosc/grav 0.089068 -0.311172 -0.946171
1225 /gyrosc/grav 0.088839 -0.313332 -0.945479
1233 /gyrosc/grav 0.088759 -0.314468 -0.945109
1241 /gyrosc/grav 0.088523 -0.316818 -0.944346
1250 /gyrosc/grav 0.088130 -0.319385 -0.943518
1259 /gyrosc/grav 0.087929 -0.320799 -0.943057
1267 /gyrosc/grav 0.087571 -0.323920 -0.942023
1275 /gyrosc/grav 0.087243 -0.327352 -0.940866
1283 /gyrosc/grav 0.087056 -0.329183 -0.940244
1291 /gyrosc/grav 0.086649 -0.333049 -0.938920
1299 /gyrosc/grav 0.086167 -0.337090 -0.937521
1309 /gyrosc/grav 0.085902 -0.339145 -0.936804
1317 /gyrosc/grav 0.085429 -0.343274 -0.935342
1325 /gyrosc/grav 0.084985 -0.347410 -0.933854
1333 /gyrosc/grav 0.084787 -0.349522 -0.933084
1341 /gyrosc/grav 0.084424 -0.353950 -0.931446
1351 /gyrosc/grav 0.084035 -0.358624 -0.929692
1358 /gyrosc/grav 0.083745 -0.361026 -0.928788
1367 /gyrosc/grav 0.082983 -0.365902 -0.926946
1535 /gyrosc/grav 0.082157 -0.370721 -0.925103
1539 /gyrosc/grav 0.081840 -0.373081 -0.924182
1542 /gyrosc/grav 0.081439 -0.377746 -0.922321
1545 /gyrosc/grav 0.081203 -0.382504 -0.920379
1548 /gyrosc/grav 0.081099 -0.385001 -0.919346
1553 /gyrosc/grav 0.080814 -0.390432 -0.917078
1556 /gyrosc/grav 0.080353 -0.396473 -0.914523
1559 /gyrosc/grav 0.074392 -0.474223 -0.877256
1740 /gyrosc/grav 0.074154 -0.478241 -0.875093
1744 /gyrosc/grav 0.073471 -0.486405 -0.870639
1747 /gyrosc/grav 0.072383 -0.494664 -0.866065
1750 /gyrosc/grav 0.071684 -0.498805 -0.863745
1753 /gyrosc/grav 0.070167 -0.507016 -0.859076
1756 /gyrosc/grav 0.068821 -0.515227 -0.854286
1759 /gyrosc/grav 0.068238 -0.519373 -0.851819
1940 /gyrosc/grav 0.053794 -0.611202 -0.789644
1948 /gyrosc/grav 0.052284 -0.617917 -0.784503
1952 /gyrosc/grav 0.050746 -0.624396 -0.779458
1955 /gyrosc/grav 0.049981 -0.627572 -0.776953
1958 /gyrosc/grav 0.048576 -0.633783 -0.771984
1962 /gyrosc/grav 0.047518 -0.639609 -0.767231
1965 /gyrosc/grav 0.047130 -0.642314 -0.764992
1968 /gyrosc/grav 0.046722 -0.647310 -0.760794
1971 /gyrosc/grav 0.043076 -0.720558 -0.692056
1975 /gyrosc/grav 0.042319 -0.739128 -0.672234
1978 /gyrosc/grav 0.042171 -0.741872 -0.669214
1981 /gyrosc/grav 0.041875 -0.747598 -0.662831
1985 /gyrosc/grav 0.041521 -0.753522 -0.656111
1991 /gyrosc/grav 0.041299 -0.756479 -0.652713
1999 /gyrosc/grav 0.040742 -0.762261 -0.645986
2008 /gyrosc/grav 0.040121 -0.767821 -0.639407
2018 /gyrosc/grav 0.039834 -0.770500 -0.636194
2025 /gyrosc/grav 0.039384 -0.775664 -0.629916
2033 /gyrosc/grav 0.039280 -0.780734 -0.623627
2041 /gyrosc/grav 0.039267 -0.783293 -0.620411
2050 /gyrosc/grav 0.039185 -0.788436 -0.613868
2058 /gyrosc/grav 0.039067 -0.793443 -0.607390
2067 /gyrosc/grav 0.039004 -0.795854 -0.604231
2075 /gyrosc/grav 0.038824 -0.800472 -0.598111
2083 /gyrosc/grav 0.038547 -0.804889 -0.592173
2091 /gyrosc/grav 0.038401 -0.807047 -0.589237
2100 /gyrosc/grav 0.038221 -0.811230 -0.583477
2108 /gyrosc/grav 0.038233 -0.813224 -0.580694
2117 /gyrosc/grav 0.038413 -0.817137 -0.575163
2124 /gyrosc/grav 0.038703 -0.821262 -0.569238
2133 /gyrosc/grav 0.039033 -0.825753 -0.562680
2147 /gyrosc/grav 0.039166 -0.828144 -0.559146
2150 /gyrosc/grav 0.039261 -0.833094 -0.551737
2158 /gyrosc/grav 0.039202 -0.835552 -0.548011
2166 /gyrosc/grav 0.038883 -0.840303 -0.540721
2174 /gyrosc/grav 0.038395 -0.844837 -0.533644
2183 /gyrosc/grav 0.038165 -0.847054 -0.530135
2191 /gyrosc/grav 0.037839 -0.851448 -0.523072
2200 /gyrosc/grav 0.037698 -0.855958 -0.515669
2209 /gyrosc/grav 0.037680 -0.858272 -0.511809
2217 /gyrosc/grav 0.037712 -0.863022 -0.503757
2225 /gyrosc/grav 0.037781 -0.867826 -0.495430
2233 /gyrosc/grav 0.037802 -0.870200 -0.491246
2241 /gyrosc/grav 0.037715 -0.874891 -0.482849
2250 /gyrosc/grav 0.037403 -0.879549 -0.474335
2258 /gyrosc/grav 0.037194 -0.881854 -0.470053
2267 /gyrosc/grav 0.036765 -0.886367 -0.461522
2275 /gyrosc/grav 0.036254 -0.890733 -0.453079
2283 /gyrosc/grav 0.035953 -0.892864 -0.448889
2292 /gyrosc/grav 0.035309 -0.897082 -0.440451
2300 /gyrosc/grav 0.034634 -0.901353 -0.431699
2308 /gyrosc/grav 0.034287 -0.903507 -0.427200
2318 /gyrosc/grav 0.033504 -0.907784 -0.418098
2326 /gyrosc/grav 0.032732 -0.911855 -0.409205
2333 /gyrosc/grav 0.032408 -0.913757 -0.404966
2342 /gyrosc/grav 0.031914 -0.917291 -0.396938
2350 /gyrosc/grav 0.031614 -0.920571 -0.389294
2358 /gyrosc/grav 0.031547 -0.922155 -0.385531
2366 /gyrosc/grav 0.031519 -0.925267 -0.378004
2375 /gyrosc/grav 0.031599 -0.928249 -0.370616
2383 /gyrosc/grav 0.031662 -0.929663 -0.367047
2392 /gyrosc/grav 0.031799 -0.932320 -0.360234
2400 /gyrosc/grav 0.032063 -0.934733 -0.353901
2408 /gyrosc/grav 0.032300 -0.935876 -0.350845
2416 /gyrosc/grav 0.032978 -0.938105 -0.344779
2427 /gyrosc/grav 0.033842 -0.940340 -0.338548
2435 /gyrosc/grav 0.034301 -0.941491 -0.335289
2441 /gyrosc/grav 0.035167 -0.943870 -0.328441
2451 /gyrosc/grav 0.035544 -0.945091 -0.324867
2458 /gyrosc/grav 0.036083 -0.947543 -0.317585
2467 /gyrosc/grav 0.036332 -0.949928 -0.310349
2475 /gyrosc/grav 0.036342 -0.951069 -0.306836
2483 /gyrosc/grav 0.036260 -0.953229 -0.300066
2491 /gyrosc/grav 0.036220 -0.955322 -0.293340
2500 /gyrosc/grav 0.036241 -0.956386 -0.289849
2508 /gyrosc/grav 0.036343 -0.958581 -0.282491
2517 /gyrosc/grav 0.036314 -0.960846 -0.274691
2525 /gyrosc/grav 0.036186 -0.961980 -0.270711
2533 /gyrosc/grav 0.035830 -0.964178 -0.262827
2541 /gyrosc/grav 0.035501 -0.966223 -0.255249
2550 /gyrosc/grav 0.035389 -0.967176 -0.251632
2559 /gyrosc/grav 0.035269 -0.968940 -0.244767
2566 /gyrosc/grav 0.035188 -0.970557 -0.238289
2575 /gyrosc/grav 0.035124 -0.971317 -0.235180
2583 /gyrosc/grav 0.034894 -0.972740 -0.229260
2591 /gyrosc/grav 0.034619 -0.974061 -0.223620
2599 /gyrosc/grav 0.034515 -0.974694 -0.220861
2608 /gyrosc/grav 0.034417 -0.975868 -0.215631
2617 /gyrosc/grav 0.034505 -0.976856 -0.211099
2625 /gyrosc/grav 0.034622 -0.977274 -0.209133
2633 /gyrosc/grav 0.034954 -0.977995 -0.205679
2641 /gyrosc/grav 0.035293 -0.978586 -0.202788
2650 /gyrosc/grav 0.035435 -0.978842 -0.201526
2659 /gyrosc/grav 0.035651 -0.979297 -0.199266
2667 /gyrosc/grav 0.035813 -0.979684 -0.197325
2674 /gyrosc/grav 0.035885 -0.979845 -0.196509
2683 /gyrosc/grav 0.035981 -0.980115 -0.195141
2691 /gyrosc/grav 0.035966 -0.980332 -0.194050
2700 /gyrosc/grav 0.035925 -0.980426 -0.193581
2713 /gyrosc/grav 0.035798 -0.980595 -0.192749
2719 /gyrosc/grav 0.035738 -0.980772 -0.191858
2725 /gyrosc/grav 0.035760 -0.980873 -0.191335
2733 /gyrosc/grav 0.035936 -0.981094 -0.190164
2743 /gyrosc/grav 0.036057 -0.981212 -0.189532
2750 /gyrosc/grav 0.036289 -0.981449 -0.188258
2758 /gyrosc/grav 0.036506 -0.981678 -0.187017
2767 /gyrosc/grav 0.036599 -0.981806 -0.186328
2774 /gyrosc/grav 0.036667 -0.982008 -0.185247
2784 /gyrosc/grav 0.036627 -0.982177 -0.184358
2791 /gyrosc/grav 0.036603 -0.982240 -0.184028
2800 /gyrosc/grav 0.036536 -0.982338 -0.183513
2808 /gyrosc/grav 0.036460 -0.982373 -0.183342
2816 /gyrosc/grav 0.036406 -0.982377 -0.183329
2825 /gyrosc/grav 0.036367 -0.982343 -0.183519
2833 /gyrosc/grav 0.036394 -0.982261 -0.183953
2844 /gyrosc/grav 0.036426 -0.982205 -0.184246
2853 /gyrosc/grav 0.036490 -0.982105 -0.184766
2860 /gyrosc/grav 0.036585 -0.982007 -0.185269
2869 /gyrosc/grav 0.036645 -0.981967 -0.185468
2877 /gyrosc/grav 0.036759 -0.981882 -0.185894
2883 /gyrosc/grav 0.036868 -0.981815 -0.186227
2891 /gyrosc/grav 0.036922 -0.981778 -0.186409
2900 /gyrosc/grav 0.037040 -0.981735 -0.186611
2908 /gyrosc/grav 0.037156 -0.981715 -0.186694
2917 /gyrosc/grav 0.037214 -0.981714 -0.186692
2925 /gyrosc/grav 0.037304 -0.981694 -0.186779
2953 /gyrosc/grav 0.037349 -0.981656 -0.186965
2956 /gyrosc/grav 0.037368 -0.981627 -0.187117
2959 /gyrosc/grav 0.037500 -0.981558 -0.187450
2963 /gyrosc/grav 0.037843 -0.981479 -0.187798
2966 /gyrosc/grav 0.038100 -0.981429 -0.188003
2974 /gyrosc/grav 0.038857 -0.981282 -0.188617
2983 /gyrosc/grav 0.039921 -0.981028 -0.189712
2993 /gyrosc/grav 0.040588 -0.980846 -0.190507
3000 /gyrosc/grav 0.042193 -0.980333 -0.192788
3008 /gyrosc/grav 0.044184 -0.979596 -0.196059
3016 /gyrosc/grav 0.045254 -0.979165 -0.197961
3024 /gyrosc/grav 0.047558 -0.978194 -0.202173
3033 /gyrosc/grav 0.048840 -0.977649 -0.204491
3041 /gyrosc/grav 0.051719 -0.976422 -0.209586
3069 /gyrosc/grav 0.055023 -0.974986 -0.215350
3072 /gyrosc/grav 0.056757 -0.974192 -0.218468
3077 /gyrosc/grav 0.060343 -0.972416 -0.225314
3080 /gyrosc/grav 0.063980 -0.970370 -0.233002
3083 /gyrosc/grav 0.065811 -0.969233 -0.237184
3091 /gyrosc/grav 0.069548 -0.966677 -0.246370
3099 /gyrosc/grav 0.073363 -0.963661 -0.256857
3108 /gyrosc/grav 0.075215 -0.961957 -0.262645
3120 /gyrosc/grav 0.078701 -0.958130 -0.275307
3125 /gyrosc/grav 0.081871 -0.953789 -0.289109
3133 /gyrosc/grav 0.083345 -0.951465 -0.296256
3142 /gyrosc/grav 0.086155 -0.946628 -0.310602
3152 /gyrosc/grav 0.088922 -0.941642 -0.324659
3158 /gyrosc/grav 0.090367 -0.939070 -0.331635
3168 /gyrosc/grav 0.093328 -0.933634 -0.345858
3175 /gyrosc/grav 0.096498 -0.927614 -0.360860
3184 /gyrosc/grav 0.098235 -0.924313 -0.368775
3192 /gyrosc/grav 0.102152 -0.917007 -0.385569
3200 /gyrosc/grav 0.106628 -0.908712 -0.403576
3209 /gyrosc/grav 0.108951 -0.904214 -0.412949
3217 /gyrosc/grav 0.113430 -0.894617 -0.432196
3225 /gyrosc/grav 0.117489 -0.884331 -0.451836
3233 /gyrosc/grav 0.119366 -0.878942 -0.461750
3242 /gyrosc/grav 0.122862 -0.867873 -0.481354
3250 /gyrosc/grav 0.126134 -0.856741 -0.500086
3258 /gyrosc/grav 0.127783 -0.851189 -0.509066
3266 /gyrosc/grav 0.131391 -0.840094 -0.526288
3274 /gyrosc/grav 0.135678 -0.828888 -0.542711
3283 /gyrosc/grav 0.138125 -0.823194 -0.550703
3291 /gyrosc/grav 0.143437 -0.811642 -0.566271
3300 /gyrosc/grav 0.148920 -0.799707 -0.581629
3308 /gyrosc/grav 0.151609 -0.793482 -0.589408
3317 /gyrosc/grav 0.156737 -0.780380 -0.605343
3325 /gyrosc/grav 0.159004 -0.773490 -0.613540
3333 /gyrosc/grav 0.162638 -0.759148 -0.630272
3341 /gyrosc/grav 0.165501 -0.744419 -0.646877
3350 /gyrosc/grav 0.168376 -0.729536 -0.662892
3358 /gyrosc/grav 0.169980 -0.722027 -0.670659
3366 /gyrosc/grav 0.173612 -0.706773 -0.685807
3374 /gyrosc/grav 0.175704 -0.698998 -0.693203
3383 /gyrosc/grav 0.180367 -0.683011 -0.707788
3391 /gyrosc/grav 0.184819 -0.666337 -0.722383
3400 /gyrosc/grav 0.186695 -0.657786 -0.729701
3408 /gyrosc/grav 0.189737 -0.640349 -0.744280
3416 /gyrosc/grav 0.192471 -0.622509 -0.758576
3424 /gyrosc/grav 0.193796 -0.613506 -0.765542
3433 /gyrosc/grav 0.196464 -0.595306 -0.779110
3442 /gyrosc/grav 0.199065 -0.576636 -0.792379
3451 /gyrosc/grav 0.200215 -0.567092 -0.798950
3459 /gyrosc/grav 0.201792 -0.547708 -0.811971
3467 /gyrosc/grav 0.202076 -0.528375 -0.824612
3476 /gyrosc/grav 0.201742 -0.518885 -0.830697
3483 /gyrosc/grav 0.200533 -0.500437 -0.842228
3492 /gyrosc/grav 0.199433 -0.482694 -0.852779
3500 /gyrosc/grav 0.199131 -0.473988 -0.857719
3508 /gyrosc/grav 0.199000 -0.456511 -0.867178
3517 /gyrosc/grav 0.199458 -0.438261 -0.876438
3524 /gyrosc/grav 0.199815 -0.428736 -0.881056
3533 /gyrosc/grav 0.200628 -0.408958 -0.890226
3542 /gyrosc/grav 0.201554 -0.388749 -0.899028
3550 /gyrosc/grav 0.202071 -0.378733 -0.903177
3558 /gyrosc/grav 0.203154 -0.359348 -0.910822
3566 /gyrosc/grav 0.204098 -0.341337 -0.917515
3577 /gyrosc/grav 0.204584 -0.332989 -0.920470
3583 /gyrosc/grav 0.205561 -0.317715 -0.925636
3592 /gyrosc/grav 0.206047 -0.304393 -0.929994
3600 /gyrosc/grav 0.205975 -0.298460 -0.931931
3608 /gyrosc/grav 0.204873 -0.288068 -0.935438
3617 /gyrosc/grav 0.202469 -0.279706 -0.938494
3625 /gyrosc/grav 0.201012 -0.276312 -0.939812
3633 /gyrosc/grav 0.198124 -0.270857 -0.942010
3641 /gyrosc/grav 0.196650 -0.268602 -0.942964
3650 /gyrosc/grav 0.193572 -0.264552 -0.944745
3659 /gyrosc/grav 0.190641 -0.260701 -0.946409
3667 /gyrosc/grav 0.189308 -0.258758 -0.947210
3674 /gyrosc/grav 0.187006 -0.254651 -0.948779
3683 /gyrosc/grav 0.185315 -0.250297 -0.950268
3694 /gyrosc/grav 0.184629 -0.248122 -0.950972
3700 /gyrosc/grav 0.183154 -0.243959 -0.952333
3709 /gyrosc/grav 0.181364 -0.240335 -0.953596
3717 /gyrosc/grav 0.180353 -0.238785 -0.954177
3725 /gyrosc/grav 0.178196 -0.236121 -0.955245
3733 /gyrosc/grav 0.176146 -0.233759 -0.956206
3741 /gyrosc/grav 0.175207 -0.232609 -0.956658
3750 /gyrosc/grav 0.173667 -0.230413 -0.957470
3759 /gyrosc/grav 0.172555 -0.228428 -0.958147
3767 /gyrosc/grav 0.172145 -0.227517 -0.958437
3775 /gyrosc/grav 0.171683 -0.225762 -0.958935
3784 /gyrosc/grav 0.171433 -0.224058 -0.959379
3792 /gyrosc/grav 0.171267 -0.223268 -0.959593
3802 /gyrosc/grav 0.170752 -0.221895 -0.960003
3808 /gyrosc/grav 0.169928 -0.220949 -0.960368
3816 /gyrosc/grav 0.169378 -0.220717 -0.960518
3825 /gyrosc/grav 0.167944 -0.220743 -0.960764
3834 /gyrosc/grav 0.166320 -0.221328 -0.960912
3842 /gyrosc/grav 0.165562 -0.221791 -0.960936
3850 /gyrosc/grav 0.164047 -0.222875 -0.960945
3859 /gyrosc/grav 0.162633 -0.223932 -0.960940
3869 /gyrosc/grav 0.162023 -0.224379 -0.960938
3875 /gyrosc/grav 0.161021 -0.225027 -0.960955
3885 /gyrosc/grav 0.160167 -0.225381 -0.961015
3891 /gyrosc/grav 0.159799 -0.225545 -0.961038
3901 /gyrosc/grav 0.159105 -0.226001 -0.961046
3908 /gyrosc/grav 0.158397 -0.226595 -0.961023
3917 /gyrosc/grav 0.158056 -0.226925 -0.961001
3926 /gyrosc/grav 0.157521 -0.227635 -0.960921
3933 /gyrosc/grav 0.157202 -0.228431 -0.960785
3942 /gyrosc/grav 0.157069 -0.228851 -0.960706
3950 /gyrosc/grav 0.156895 -0.229764 -0.960517
3958 /gyrosc/grav 0.156888 -0.230249 -0.960402
3966 /gyrosc/grav 0.156989 -0.231156 -0.960167
3976 /gyrosc/grav 0.157211 -0.231793 -0.959977
3984 /gyrosc/grav 0.157376 -0.232004 -0.959899
3991 /gyrosc/grav 0.157681 -0.232324 -0.959772
4000 /gyrosc/grav 0.157727 -0.232694 -0.959675
4008 /gyrosc/grav 0.157643 -0.232910 -0.959636
4017 /gyrosc/grav 0.157211 -0.233356 -0.959599
4024 /gyrosc/grav 0.156584 -0.233783 -0.959597
4034 /gyrosc/grav 0.156277 -0.233963 -0.959603
4043 /gyrosc/grav 0.155711 -0.234170 -0.959645
4051 /gyrosc/grav 0.155282 -0.234254 -0.959694
4058 /gyrosc/grav 0.155153 -0.234318 -0.959699
4066 /gyrosc/grav 0.154823 -0.234691 -0.959661
4074 /gyrosc/grav 0.154293 -0.235472 -0.959555
4084 /gyrosc/grav 0.153924 -0.235940 -0.959500
4093 /gyrosc/grav 0.152836 -0.236861 -0.959447
4100 /gyrosc/grav 0.151545 -0.237747 -0.959432
4108 /gyrosc/grav 0.150941 -0.238184 -0.959419
4116 /gyrosc/grav 0.149900 -0.239163 -0.959339
4124 /gyrosc/grav 0.148880 -0.240406 -0.959187
4133 /gyrosc/grav 0.148335 -0.241156 -0.959083
4141 /gyrosc/grav 0.147085 -0.242863 -0.958845
4150 /gyrosc/grav 0.145867 -0.244881 -0.958518
4158 /gyrosc/grav 0.145378 -0.246049 -0.958293
4167 /gyrosc/grav 0.144594 -0.248861 -0.957685
4176 /gyrosc/grav 0.143834 -0.252542 -0.956835
4183 /gyrosc/grav 0.143344 -0.254768 -0.956319
4192 /gyrosc/grav 0.141949 -0.259890 -0.955148
4200 /gyrosc/grav 0.139905 -0.265909 -0.953792
4229 /gyrosc/grav 0.138643 -0.269336 -0.953014
4232 /gyrosc/grav 0.135995 -0.277144 -0.951155
4235 /gyrosc/grav 0.133227 -0.285952 -0.948937
4238 /gyrosc/grav 0.131693 -0.290591 -0.947742
4241 /gyrosc/grav 0.128413 -0.300351 -0.945145
4250 /gyrosc/grav 0.126740 -0.305612 -0.943683
4258 /gyrosc/grav 0.123536 -0.317149 -0.940295
4267 /gyrosc/grav 0.120893 -0.329507 -0.936381
4276 /gyrosc/grav 0.119876 -0.335599 -0.934346
4283 /gyrosc/grav 0.118566 -0.347255 -0.930245
4294 /gyrosc/grav 0.118020 -0.358434 -0.926065
4300 /gyrosc/grav 0.118004 -0.363970 -0.923905
4309 /gyrosc/grav 0.118408 -0.375274 -0.919320
4316 /gyrosc/grav 0.119256 -0.387346 -0.914189
4325 /gyrosc/grav 0.119800 -0.393783 -0.911363
4333 /gyrosc/grav 0.120872 -0.407607 -0.905122
4342 /gyrosc/grav 0.121779 -0.422924 -0.897945
4350 /gyrosc/grav 0.122174 -0.431186 -0.893953
4357 /gyrosc/grav 0.122452 -0.448748 -0.885229
4366 /gyrosc/grav 0.121246 -0.467141 -0.875830
4374 /gyrosc/grav 0.119980 -0.476451 -0.870976
4383 /gyrosc/grav 0.116110 -0.495157 -0.861010
4392 /gyrosc/grav 0.110714 -0.514080 -0.850567
4400 /gyrosc/grav 0.107757 -0.523648 -0.845092
4408 /gyrosc/grav 0.102044 -0.542782 -0.833652
4416 /gyrosc/grav 0.097071 -0.561575 -0.821712
4426 /gyrosc/grav 0.095167 -0.570755 -0.815587
4433 /gyrosc/grav 0.093199 -0.588706 -0.802956
4441 /gyrosc/grav 0.092565 -0.606214 -0.789896
4450 /gyrosc/grav 0.092249 -0.614819 -0.783254
4458 /gyrosc/grav 0.091181 -0.631546 -0.769958
4467 /gyrosc/grav 0.089692 -0.647651 -0.756639
4475 /gyrosc/grav 0.088883 -0.655610 -0.749851
4483 /gyrosc/grav 0.087226 -0.671669 -0.735699
4492 /gyrosc/grav 0.085296 -0.688140 -0.720547
4500 /gyrosc/grav 0.084077 -0.696531 -0.712584
4508 /gyrosc/grav 0.081071 -0.713544 -0.695904
4516 /gyrosc/grav 0.077191 -0.730811 -0.678201
4524 /gyrosc/grav 0.074964 -0.739518 -0.668950
4533 /gyrosc/grav 0.070099 -0.757076 -0.649555
4541 /gyrosc/grav 0.064547 -0.774735 -0.628983
4550 /gyrosc/grav 0.061449 -0.783537 -0.618299
4558 /gyrosc/grav 0.054553 -0.800905 -0.596301
4566 /gyrosc/grav 0.047025 -0.817724 -0.573687
4575 /gyrosc/grav 0.043163 -0.825881 -0.562191
4586 /gyrosc/grav 0.035253 -0.841534 -0.539052
4592 /gyrosc/grav 0.031207 -0.848996 -0.527477
4602 /gyrosc/grav 0.023024 -0.863176 -0.504379
4608 /gyrosc/grav 0.015122 -0.876425 -0.481302
4617 /gyrosc/grav 0.011366 -0.882699 -0.469802
4625 /gyrosc/grav 0.004352 -0.894472 -0.447103
4633 /gyrosc/grav -0.001623 -0.905216 -0.424949
4642 /gyrosc/grav -0.004201 -0.910208 -0.414129
4650 /gyrosc/grav -0.008729 -0.919420 -0.393181
4658 /gyrosc/grav -0.012582 -0.927698 -0.373119
4666 /gyrosc/grav -0.014392 -0.931552 -0.363324
4675 /gyrosc/grav -0.018143 -0.938790 -0.344012
4684 /gyrosc/grav -0.022195 -0.945451 -0.325007
4691 /gyrosc/grav -0.024320 -0.948582 -0.315595
4700 /gyrosc/grav -0.028729 -0.954500 -0.296825
4708 /gyrosc/grav -0.033008 -0.959998 -0.278055
4716 /gyrosc/grav -0.035012 -0.962592 -0.268685
4724 /gyrosc/grav -0.038754 -0.967422 -0.250185
4733 /gyrosc/grav -0.042270 -0.971703 -0.232395
4742 /gyrosc/grav -0.043883 -0.973632 -0.223865
4750 /gyrosc/grav -0.046721 -0.977161 -0.207299
4758 /gyrosc/grav -0.049278 -0.980386 -0.190826
4771 /gyrosc/grav -0.050556 -0.981909 -0.182481
4777 /gyrosc/grav -0.053071 -0.984771 -0.165560
4783 /gyrosc/grav -0.055310 -0.987395 -0.148301
4792 /gyrosc/grav -0.056321 -0.988616 -0.139525
4800 /gyrosc/grav -0.057912 -0.990886 -0.121619
4808 /gyrosc/grav -0.058554 -0.993001 -0.102572
4816 /gyrosc/grav -0.058518 -0.994000 -0.092408
4824 /gyrosc/grav -0.057930 -0.995793 -0.070994
4834 /gyrosc/grav -0.057093 -0.997175 -0.048822
4841 /gyrosc/grav -0.056721 -0.997680 -0.037652
4850 /gyrosc/grav -0.056286 -0.998293 -0.015611
4857 /gyrosc/grav -0.056254 -0.998405 -0.004872
4866 /gyrosc/grav -0.056600 -0.998270 0.015955
4875 /gyrosc/grav -0.057497 -0.997693 0.036087
4885 /gyrosc/grav -0.058159 -0.997248 0.045973
4893 /gyrosc/grav -0.059715 -0.996076 0.065328
4900 /gyrosc/grav -0.061108 -0.994588 0.084032
4908 /gyrosc/grav -0.061617 -0.993743 0.093160
4916 /gyrosc/grav -0.062233 -0.991880 0.110909
4924 /gyrosc/grav -0.062364 -0.989799 0.128092
4933 /gyrosc/grav -0.062374 -0.988657 0.136630
4941 /gyrosc/grav -0.062614 -0.986135 0.153679
4951 /gyrosc/grav -0.063118 -0.983309 0.170646
4958 /gyrosc/grav -0.063225 -0.981794 0.179118
4967 /gyrosc/grav -0.062702 -0.978559 0.196189
4975 /gyrosc/grav -0.061315 -0.974996 0.213597
4983 /gyrosc/grav -0.060496 -0.973062 0.222465
4992 /gyrosc/grav -0.059160 -0.968844 0.240503
4998 /gyrosc/ipport 192.168.1.117 6449
5001 /gyrosc/grav -0.058724 -0.964144 0.258803
5011 /gyrosc/grav -0.058962 -0.961606 0.268025
5016 /gyrosc/grav -0.060465 -0.956177 0.286480
5025 /gyrosc/grav -0.063232 -0.950369 0.304633
5033 /gyrosc/grav -0.064999 -0.947358 0.313509
5042 /gyrosc/grav -0.069098 -0.941185 0.330752
5050 /gyrosc/grav -0.073604 -0.934885 0.347235
5059 /gyrosc/grav -0.075910 -0.931699 0.355210
5067 /gyrosc/grav -0.080666 -0.925270 0.370633
5076 /gyrosc/grav -0.085761 -0.918769 0.385370
5083 /gyrosc/grav -0.088405 -0.915492 0.392505
5092 /gyrosc/grav -0.093719 -0.908833 0.406497
5100 /gyrosc/grav -0.099416 -0.901876 0.420401
5108 /gyrosc/grav -0.102645 -0.898219 0.427397
5116 /gyrosc/grav -0.109951 -0.890512 0.441474
5124 /gyrosc/grav -0.117925 -0.882292 0.455693
5133 /gyrosc/grav -0.121969 -0.877998 0.462864
5217 /gyrosc/grav -0.129793 -0.869071 0.477358
5222 /gyrosc/grav -0.137143 -0.859684 0.492074
5225 /gyrosc/grav -0.140772 -0.854798 0.499504
5228 /gyrosc/grav -0.147921 -0.844651 0.514475
5231 /gyrosc/grav -0.151300 -0.839369 0.522081
5235 /gyrosc/grav -0.157500 -0.828326 0.537653
5238 /gyrosc/grav -0.163269 -0.816497 0.553784
5241 /gyrosc/grav -0.182536 -0.774994 0.605033
5244 /gyrosc/grav -0.189347 -0.758835 0.623151
5247 /gyrosc/grav -0.196098 -0.741476 0.641685
5250 /gyrosc/grav -0.199438 -0.732400 0.651011
5258 /gyrosc/grav -0.205781 -0.713624 0.669623
5267 /gyrosc/grav -0.211631 -0.694198 0.687970
5275 /gyrosc/grav -0.214497 -0.684212 0.697026
5283 /gyrosc/grav -0.220055 -0.663821 0.714785
5291 /gyrosc/grav -0.225340 -0.643140 0.731843
5302 /gyrosc/grav -0.228045 -0.632815 0.739960
5308 /gyrosc/grav -0.233630 -0.612498 0.755158
5318 /gyrosc/grav -0.239294 -0.593148 0.768710
5325 /gyrosc/grav -0.242150 -0.583956 0.774828
5333 /gyrosc/grav -0.248280 -0.566747 0.785592
5341 /gyrosc/grav -0.254850 -0.551773 0.794102
5351 /gyrosc/grav -0.257956 -0.545311 0.797556
5359 /gyrosc/grav -0.263424 -0.534458 0.803096
5367 /gyrosc/grav -0.267873 -0.526159 0.807094
5375 /gyrosc/grav -0.269796 -0.522806 0.808631
5383 /gyrosc/grav -0.272977 -0.517342 0.811074
5391 /gyrosc/grav -0.274086 -0.515127 0.812109
5400 /gyrosc/grav -0.275322 -0.511346 0.814078
5408 /gyrosc/grav -0.275556 -0.507996 0.816094
5417 /gyrosc/grav -0.275012 -0.504749 0.818289
5425 /gyrosc/grav -0.274400 -0.503033 0.819551
5433 /gyrosc/grav -0.272352 -0.499165 0.822593
5442 /gyrosc/grav -0.269471 -0.494506 0.826347
5450 /gyrosc/grav -0.267834 -0.491881 0.828443
5458 /gyrosc/grav -0.263984 -0.486240 0.832997
5466 /gyrosc/grav -0.261696 -0.483333 0.835407
5475 /gyrosc/grav -0.256605 -0.477449 0.840355
5503 /gyrosc/grav -0.251135 -0.471549 0.845324
5506 /gyrosc/grav -0.245500 -0.465815 0.850145
5509 /gyrosc/grav -0.242699 -0.463095 0.852432
5512 /gyrosc/grav -0.237658 -0.458179 0.856499
5518 /gyrosc/grav -0.235605 -0.455929 0.858265
5526 /gyrosc/grav -0.230929 -0.451544 0.861847
5534 /gyrosc/grav -0.225654 -0.447759 0.865212
5542 /gyrosc/grav -0.223100 -0.446161 0.866698
5550 /gyrosc/grav -0.218288 -0.443355 0.869360
5558 /gyrosc/grav -0.213843 -0.440800 0.871761
5566 /gyrosc/grav -0.211600 -0.439588 0.872920
5574 /gyrosc/grav -0.206533 -0.437233 0.875312
5583 /gyrosc/grav -0.199084 -0.434327 0.878479
5591 /gyrosc/grav -0.194046 -0.431810 0.880844
5600 /gyrosc/grav -0.184514 -0.424400 0.886476
5609 /gyrosc/grav -0.176004 -0.414583 0.892829
5616 /gyrosc/grav -0.171954 -0.408565 0.896385
5626 /gyrosc/grav -0.164846 -0.394023 0.904197
5633 /gyrosc/grav -0.158203 -0.375863 0.913071
5641 /gyrosc/grav -0.155109 -0.365539 0.917781
5650 /gyrosc/grav -0.149524 -0.343003 0.927358
5658 /gyrosc/grav -0.144785 -0.319531 0.936450
5668 /gyrosc/grav -0.142585 -0.308106 0.940607
5675 /gyrosc/grav -0.138720 -0.287080 0.947809
5683 /gyrosc/grav -0.135377 -0.269448 0.953452
5691 /gyrosc/grav -0.133732 -0.262119 0.955725
5700 /gyrosc/grav -0.129044 -0.250454 0.959490
5708 /gyrosc/grav -0.125770 -0.241610 0.962189
5717 /gyrosc/grav -0.125605 -0.237836 0.963150
5728 /gyrosc/grav -0.126287 -0.231479 0.964609
5733 /gyrosc/grav -0.125341 -0.226124 0.966001
5741 /gyrosc/grav -0.124130 -0.223332 0.966807
5750 /gyrosc/grav -0.121343 -0.216834 0.968638
5758 /gyrosc/grav -0.119950 -0.213162 0.969626
5767 /gyrosc/grav -0.116407 -0.205209 0.971771
5775 /gyrosc/grav -0.108653 -0.196695 0.974426
5783 /gyrosc/grav -0.102994 -0.187330 0.976883
5791 /gyrosc/grav -0.101582 -0.182641 0.977918
5799 /gyrosc/grav -0.099198 -0.174441 0.979659
5808 /gyrosc/grav -0.097887 -0.170964 0.980403
5817 /gyrosc/grav -0.095143 -0.164654 0.981752
5825 /gyrosc/grav -0.092465 -0.158602 0.983004
5833 /gyrosc/grav -0.091027 -0.155586 0.983620
5841 /gyrosc/grav -0.087610 -0.149009 0.984948
5850 /gyrosc/grav -0.083785 -0.141340 0.986409
5858 /gyrosc/grav -0.081733 -0.137176 0.987169
5866 /gyrosc/grav -0.077368 -0.128374 0.988704
5874 /gyrosc/grav -0.073197 -0.119529 0.990129
5883 /gyrosc/grav -0.071225 -0.115310 0.990773
5891 /gyrosc/grav -0.067577 -0.107465 0.991910
5900 /gyrosc/grav -0.064358 -0.100241 0.992880
5908 /gyrosc/grav -0.062853 -0.096803 0.993318
5916 /gyrosc/grav -0.059957 -0.089996 0.994136
5925 /gyrosc/grav -0.056615 -0.083009 0.994940
5933 /gyrosc/grav -0.053983 -0.079351 0.995384
5941 /gyrosc/grav -0.049365 -0.071220 0.996238
5950 /gyrosc/grav -0.046573 -0.064154 0.996853
5958 /gyrosc/grav -0.045105 -0.061275 0.997101
5966 /gyrosc/grav -0.042720 -0.056135 0.997509
5974 /gyrosc/grav -0.040927 -0.051887 0.997814
5983 /gyrosc/grav -0.040048 -0.050003 0.997946
5991 /gyrosc/grav -0.038363 -0.046559 0.998179
6000 /gyrosc/grav -0.036852 -0.043463 0.998376
6008 /gyrosc/grav -0.035858 -0.042024 0.998473
6018 /gyrosc/grav -0.033513 -0.039331 0.998664
6025 /gyrosc/grav -0.032880 -0.036599 0.998789
6035 /gyrosc/grav -0.032647 -0.035190 0.998848
6041 /gyrosc/grav -0.031493 -0.032752 0.998968
6050 /gyrosc/grav -0.030518 -0.031884 0.999026
6058 /gyrosc/grav -0.028002 -0.030629 0.999139
6067 /gyrosc/grav -0.025072 -0.029292 0.999257
6075 /gyrosc/grav -0.022625 -0.027499 0.999366
6083 /gyrosc/grav -0.021847 -0.026458 0.999412
6091 /gyrosc/grav -0.020958 -0.024308 0.999485
6100 /gyrosc/grav -0.020733 -0.023330 0.999513
6108 /gyrosc/grav -0.020745 -0.021933 0.999544
6117 /gyrosc/grav -0.021354 -0.021683 0.999537
6125 /gyrosc/grav -0.021766 -0.022149 0.999518
6133 /gyrosc/grav -0.022627 -0.024577 0.999442
6142 /gyrosc/grav -0.023229 -0.029194 0.999304
6150 /gyrosc/grav -0.023439 -0.032228 0.999206
6158 /gyrosc/grav -0.023699 -0.039142 0.998953
6166 /gyrosc/grav -0.023792 -0.046224 0.998648
6175 /gyrosc/grav -0.023721 -0.049510 0.998492
6183 /gyrosc/grav -0.023392 -0.054900 0.998218
6191 /gyrosc/grav -0.022886 -0.057969 0.998056
6200 /gyrosc/grav -0.022686 -0.058399 0.998036
6208 /gyrosc/grav -0.022516 -0.056723 0.998136
6217 /gyrosc/grav -0.022570 -0.051376 0.998424
6225 /gyrosc/grav -0.022692 -0.047266 0.998625
6233 /gyrosc/grav -0.023345 -0.036253 0.999070
6241 /gyrosc/grav -0.025100 -0.021893 0.999445
6250 /gyrosc/grav -0.026398 -0.013686 0.999558
6258 /gyrosc/grav -0.029404 0.004005 0.999560
6266 /gyrosc/grav -0.032703 0.022243 0.999218
6275 /gyrosc/grav -0.034281 0.031165 0.998926
6283 /gyrosc/grav -0.037142 0.047885 0.998162
6291 /gyrosc/grav -0.039912 0.062427 0.997251
6300 /gyrosc/grav -0.041247 0.068807 0.996777
6308 /gyrosc/grav -0.043978 0.079909 0.995832
6316 /gyrosc/grav -0.046959 0.089516 0.994878
6326 /gyrosc/grav -0.048490 0.094053 0.994386
6333 /gyrosc/grav -0.051339 0.103158 0.993339
6349 /gyrosc/grav -0.052555 0.107916 0.992770
6354 /gyrosc/grav -0.054300 0.118197 0.991504
6358 /gyrosc/grav -0.055014 0.129851 0.990007
6366 /gyrosc/grav -0.054159 0.142770 0.988273
6375 /gyrosc/grav -0.053217 0.149490 0.987330
6383 /gyrosc/grav -0.051198 0.162821 0.985327
6392 /gyrosc/grav -0.049145 0.175310 0.983286
6399 /gyrosc/grav -0.047886 0.181125 0.982294
6410 /gyrosc/grav -0.045004 0.191832 0.980396
6417 /gyrosc/grav -0.043697 0.196747 0.979480
6425 /gyrosc/grav -0.041958 0.205848 0.977684
6433 /gyrosc/grav -0.041475 0.214284 0.975891
6444 /gyrosc/grav -0.041630 0.218391 0.974973
6450 /gyrosc/grav -0.043108 0.226572 0.973040
6458 /gyrosc/grav -0.047091 0.234331 0.971016
6467 /gyrosc/grav -0.049514 0.238102 0.969977
6475 /gyrosc/grav -0.054089 0.245703 0.967835
6483 /gyrosc/grav -0.055956 0.253811 0.965634
6491 /gyrosc/grav -0.055835 0.258103 0.964503
6500 /gyrosc/grav -0.054907 0.266787 0.962190
6508 /gyrosc/grav -0.053951 0.275451 0.959800
6517 /gyrosc/grav -0.053242 0.279817 0.958576
6526 /gyrosc/grav -0.051165 0.288650 0.956067
6534 /gyrosc/grav -0.048340 0.297649 0.953451
6541 /gyrosc/grav -0.046700 0.302211 0.952096
6550 /gyrosc/grav -0.043138 0.311516 0.949262
6558 /gyrosc/grav -0.039639 0.321070 0.946226
6566 /gyrosc/grav -0.038000 0.325860 0.944654
6576 /gyrosc/grav -0.034940 0.335128 0.941525
6583 /gyrosc/grav -0.033211 0.344062 0.938360
6591 /gyrosc/grav -0.033360 0.348298 0.936790
6600 /gyrosc/grav -0.035212 0.356077 0.933793
6608 /gyrosc/grav -0.039251 0.363525 0.930758
6616 /gyrosc/grav -0.041929 0.367280 0.929165
6625 /gyrosc/grav -0.047669 0.375166 0.925732
6656 /gyrosc/grav -0.053028 0.384225 0.921715
6659 /gyrosc/grav -0.055446 0.389460 0.919373
6663 /gyrosc/grav -0.059497 0.401684 0.913844
6666 /gyrosc/grav -0.061695 0.416388 0.907092
6669 /gyrosc/grav -0.061613 0.424747 0.903213
6674 /gyrosc/grav -0.058915 0.443476 0.894348
6683 /gyrosc/grav -0.056683 0.453728 0.889336
6692 /gyrosc/grav -0.051350 0.475614 0.878154
6700 /gyrosc/grav -0.045233 0.498918 0.865469
6708 /gyrosc/grav -0.038787 0.523224 0.851313
6716 /gyrosc/grav -0.035681 0.535681 0.843667
6724 /gyrosc/grav -0.030456 0.561088 0.827196
6733 /gyrosc/grav -0.028546 0.573982 0.818370
6742 /gyrosc/grav -0.025847 0.600106 0.799503
6752 /gyrosc/grav -0.024103 0.626457 0.779083
6777 /gyrosc/grav -0.023590 0.639596 0.768349
6781 /gyrosc/grav -0.023868 0.664702 0.746728
6784 /gyrosc/grav -0.025327 0.682592 0.730361
6787 /gyrosc/grav -0.024972 0.688717 0.724600
6792 /gyrosc/grav -0.020285 0.700853 0.713018
6800 /gyrosc/grav -0.014414 0.712821 0.701198
6808 /gyrosc/grav -0.012073 0.718191 0.695741
6816 /gyrosc/grav -0.009335 0.728591 0.684885
6824 /gyrosc/grav -0.008355 0.739623 0.672970
6833 /gyrosc/grav -0.008023 0.745530 0.666424
6841 /gyrosc/grav -0.007217 0.758229 0.651949
6850 /gyrosc/grav -0.006073 0.772119 0.635449
6859 /gyrosc/grav -0.005291 0.779507 0.626371
6867 /gyrosc/grav -0.002986 0.795061 0.606523
7065 /gyrosc/grav 0.000573 0.811365 0.584540
7069 /gyrosc/grav 0.002665 0.819671 0.572828
7072 /gyrosc/grav 0.007224 0.836258 0.548289
7075 /gyrosc/grav 0.011956 0.852393 0.522765
7079 /gyrosc/grav 0.014231 0.860186 0.509782
7082 /gyrosc/grav 0.018462 0.875117 0.483560
7086 /gyrosc/grav 0.022140 0.889073 0.457230
7265 /gyrosc/grav 0.013938 0.996618 0.080983
7271 /gyrosc/grav 0.010432 0.998346 0.056537
7274 /gyrosc/grav 0.008598 0.998937 0.045294
7277 /gyrosc/grav 0.004909 0.999693 0.024288
7280 /gyrosc/grav 0.001299 0.999989 0.004499
7284 /gyrosc/grav -0.000538 0.999986 -0.005236
7287 /gyrosc/grav -0.004301 0.999686 -0.024701
7290 /gyrosc/grav -0.007857 0.998971 -0.044666
7372 /gyrosc/grav -0.043138 0.936868 -0.347013
7376 /gyrosc/grav -0.049078 0.925862 -0.374662
7379 /gyrosc/grav -0.051362 0.920678 -0.386928
7383 /gyrosc/grav -0.054373 0.911527 -0.407629
7386 /gyrosc/grav -0.055397 0.903839 -0.424273
7389 /gyrosc/grav -0.055430 0.900293 -0.431741
7392 /gyrosc/grav -0.055463 0.893134 -0.446358
7395 /gyrosc/grav -0.082441 0.824286 -0.560139
7398 /gyrosc/grav -0.083121 0.820780 -0.565165
7573 /gyrosc/grav -0.083239 0.813770 -0.575195
7578 /gyrosc/grav -0.082705 0.806848 -0.584942
7583 /gyrosc/grav -0.082640 0.803621 -0.589376
7586 /gyrosc/grav -0.083468 0.797639 -0.597332
7589 /gyrosc/grav -0.085422 0.792139 -0.604334
7592 /gyrosc/grav -0.086610 0.789668 -0.607390
7595 /gyrosc/grav -0.089033 0.785308 -0.612670
7598 /gyrosc/grav -0.090781 0.781405 -0.617386
7777 /gyrosc/grav -0.055988 0.713218 -0.698703
7783 /gyrosc/grav -0.084944 0.714953 -0.693994
7786 /gyrosc/grav -0.098083 0.714830 -0.692386
7789 /gyrosc/grav -0.114063 0.711654 -0.693208
7792 /gyrosc/grav -0.116381 0.710032 -0.694485
7796 /gyrosc/grav -0.113526 0.706035 -0.699018
7799 /gyrosc/grav -0.104482 0.699775 -0.706681
7802 /gyrosc/grav -0.097548 0.696538 -0.710858
7982 /gyrosc/grav -0.000139 0.620173 -0.784465
7986 /gyrosc/grav 0.001507 0.617953 -0.786214
7990 /gyrosc/grav 0.004092 0.614362 -0.789014
7993 /gyrosc/grav 0.005285 0.612464 -0.790481
7996 /gyrosc/grav 0.005320 0.612507 -0.790447
8000 /gyrosc/grav 0.004190 0.614798 -0.788674
8003 /gyrosc/grav 0.001800 0.618456 -0.785817
8006 /gyrosc/grav -0.000293 0.619743 -0.784805
8010 /gyrosc/grav -0.007981 0.619206 -0.785188
8013 /gyrosc/grav 0.028038 0.582803 -0.812129
8016 /gyrosc/grav 0.038954 0.569094 -0.821349
8019 /gyrosc/grav 0.042857 0.562497 -0.825688
8022 /gyrosc/grav 0.046055 0.555815 -0.830029
8025 /gyrosc/grav 0.047564 0.552441 -0.832194
8035 /gyrosc/grav 0.050256 0.545304 -0.836730
8059 /gyrosc/grav 0.052816 0.537710 -0.841474
8062 /gyrosc/grav 0.054385 0.533806 -0.843856
8065 /gyrosc/grav 0.057794 0.525602 -0.848765
8068 /gyrosc/grav 0.060892 0.516736 -0.853977
8076 /gyrosc/grav 0.062522 0.512009 -0.856702
8083 /gyrosc/grav 0.067075 0.501259 -0.862694
8092 /gyrosc/grav 0.073145 0.488342 -0.869581
8099 /gyrosc/grav 0.076172 0.481556 -0.873099
8108 /gyrosc/grav 0.080842 0.469266 -0.879349
8117 /gyrosc/grav 0.084374 0.459488 -0.884167
8124 /gyrosc/grav 0.086565 0.454994 -0.886277
8133 /gyrosc/grav 0.092203 0.445527 -0.890508
8142 /gyrosc/grav 0.098042 0.434423 -0.895357
8149 /gyrosc/grav 0.100310 0.428189 -0.898105
8158 /gyrosc/grav 0.102643 0.414370 -0.904302
8167 /gyrosc/grav 0.102256 0.399340 -0.911083
8174 /gyrosc/grav 0.101652 0.391506 -0.914544
8185 /gyrosc/grav 0.100056 0.375277 -0.921497
8192 /gyrosc/grav 0.099441 0.366388 -0.925133
8199 /gyrosc/grav 0.098307 0.346088 -0.933037
8209 /gyrosc/grav 0.096563 0.322222 -0.941726
8217 /gyrosc/grav 0.090484 0.299421 -0.949821
8225 /gyrosc/grav 0.085051 0.290821 -0.952990
8233 /gyrosc/grav 0.076734 0.277053 -0.957786
8241 /gyrosc/grav 0.074418 0.270637 -0.959801
8250 /gyrosc/grav 0.069575 0.259547 -0.963221
8259 /gyrosc/grav 0.064782 0.250143 -0.966039
8266 /gyrosc/grav 0.062314 0.245644 -0.967355
8275 /gyrosc/grav 0.056702 0.236981 -0.969858
8283 /gyrosc/grav 0.050819 0.228080 -0.972315
8291 /gyrosc/grav 0.047890 0.223469 -0.973534
8300 /gyrosc/grav 0.042933 0.214662 -0.975744
8308 /gyrosc/grav 0.040114 0.207298 -0.977455
8316 /gyrosc/grav 0.039308 0.204291 -0.978121
8325 /gyrosc/grav 0.038318 0.199519 -0.979145
8333 /gyrosc/grav 0.037590 0.196251 -0.979833
8342 /gyrosc/grav 0.037276 0.195164 -0.980062
8350 /gyrosc/grav 0.037099 0.193786 -0.980342
8358 /gyrosc/grav 0.038021 0.193240 -0.980415
8367 /gyrosc/grav 0.038757 0.193212 -0.980391
8375 /gyrosc/grav 0.040343 0.193713 -0.980228
8383 /gyrosc/grav 0.041950 0.195018 -0.979902
8393 /gyrosc/grav 0.042884 0.195830 -0.979700
8400 /gyrosc/grav 0.045165 0.197269 -0.979308
8408 /gyrosc/grav 0.047867 0.197774 -0.979078
8416 /gyrosc/grav 0.049481 0.197340 -0.979086
8425 /gyrosc/grav 0.053428 0.194124 -0.979521
8433 /gyrosc/grav 0.056395 0.188413 -0.980469
8441 /gyrosc/grav 0.057808 0.184737 -0.981086
8449 /gyrosc/grav 0.060363 0.176516 -0.982445
8458 /gyrosc/grav 0.061271 0.170248 -0.983495
8467 /gyrosc/grav 0.061553 0.168535 -0.983772
8476 /gyrosc/grav 0.062791 0.167169 -0.983927
8483 /gyrosc/grav 0.063694 0.167064 -0.983887
8493 /gyrosc/grav 0.065489 0.166932 -0.983791
8499 /gyrosc/grav 0.066784 0.166642 -0.983753
8508 /gyrosc/grav 0.067462 0.166126 -0.983794
8516 /gyrosc/grav 0.067583 0.165706 -0.983857
8524 /gyrosc/grav 0.067512 0.164509 -0.984062
8533 /gyrosc/grav 0.067345 0.163801 -0.984192
8542 /gyrosc/grav 0.066730 0.162336 -0.984477
8549 /gyrosc/grav 0.065915 0.160946 -0.984760
8558 /gyrosc/grav 0.065511 0.160296 -0.984893
8566 /gyrosc/grav 0.064746 0.159194 -0.985122
8576 /gyrosc/grav 0.064131 0.158400 -0.985290
8583 /gyrosc/grav 0.063920 0.158101 -0.985352
8591 /gyrosc/grav 0.063668 0.157702 -0.985432
8600 /gyrosc/grav 0.063561 0.157532 -0.985466
8608 /gyrosc/grav 0.063492 0.157531 -0.985471
8616 /gyrosc/grav 0.063134 0.157647 -0.985475
8624 /gyrosc/grav 0.062651 0.157778 -0.985485
8633 /gyrosc/grav 0.062305 0.157838 -0.985497
8641 /gyrosc/grav 0.061341 0.157924 -0.985544
8650 /gyrosc/grav 0.060267 0.158024 -0.985594
8658 /gyrosc/grav 0.059747 0.158098 -0.985614
8666 /gyrosc/grav 0.058609 0.158353 -0.985641
8675 /gyrosc/grav 0.057273 0.158847 -0.985641
8684 /gyrosc/grav 0.056471 0.159177 -0.985634
8691 /gyrosc/grav 0.054634 0.159892 -0.985622
8700 /gyrosc/grav 0.052432 0.160573 -0.985630
8708 /gyrosc/grav 0.051192 0.160889 -0.985644
8716 /gyrosc/grav 0.048439 0.161454 -0.985691
8724 /gyrosc/grav 0.045200 0.162026 -0.985751
8733 /gyrosc/grav 0.043303 0.162293 -0.985792
8741 /gyrosc/grav 0.038907 0.162613 -0.985923
8750 /gyrosc/grav 0.034073 0.162633 -0.986098
8758 /gyrosc/grav 0.031638 0.162592 -0.986186
8767 /gyrosc/grav 0.026760 0.162552 -0.986337
8775 /gyrosc/grav 0.021375 0.162529 -0.986472
8784 /gyrosc/grav 0.018250 0.162405 -0.986555
8792 /gyrosc/grav 0.010978 0.161715 -0.986776
8800 /gyrosc/grav 0.002633 0.160397 -0.987049
8808 /gyrosc/grav -0.001900 0.159528 -0.987191
8816 /gyrosc/grav -0.011877 0.157517 -0.987445
8825 /gyrosc/grav -0.017286 0.156439 -0.987536
8833 /gyrosc/grav -0.028836 0.153947 -0.987658
8841 /gyrosc/grav -0.041468 0.151105 -0.987648
8849 /gyrosc/grav -0.048038 0.149495 -0.987595
8858 /gyrosc/grav -0.061536 0.145825 -0.987395
8867 /gyrosc/grav -0.074893 0.141277 -0.987133
8874 /gyrosc/grav -0.081610 0.138535 -0.986989
8883 /gyrosc/grav -0.095893 0.132633 -0.986516
8891 /gyrosc/grav -0.111072 0.126516 -0.985726
8902 /gyrosc/grav -0.119033 0.123381 -0.985194
8908 /gyrosc/grav -0.136719 0.116928 -0.983685
8916 /gyrosc/grav -0.157115 0.110600 -0.981368
8925 /gyrosc/grav -0.167989 0.107560 -0.979903
8933 /gyrosc/grav -0.190322 0.101992 -0.976409
8941 /gyrosc/grav -0.212914 0.097052 -0.972239
8950 /gyrosc/grav -0.224532 0.094693 -0.969855
8958 /gyrosc/grav -0.248635 0.089896 -0.964417
8966 /gyrosc/grav -0.273708 0.084907 -0.958058
8975 /gyrosc/grav -0.286390 0.082446 -0.954559
8984 /gyrosc/grav -0.311839 0.077779 -0.946946
8991 /gyrosc/grav -0.337533 0.073652 -0.938428
9000 /gyrosc/grav -0.350659 0.071809 -0.933746
9008 /gyrosc/grav -0.378185 0.068411 -0.923199
9016 /gyrosc/grav -0.407455 0.065363 -0.910883
9025 /gyrosc/grav -0.422448 0.064024 -0.904123
9034 /gyrosc/grav -0.452682 0.061776 -0.889530
9041 /gyrosc/grav -0.482569 0.060456 -0.873769
9050 /gyrosc/grav -0.497341 0.060235 -0.865462
9058 /gyrosc/grav -0.527313 0.060605 -0.847507
9067 /gyrosc/grav -0.558871 0.061751 -0.826952
9075 /gyrosc/grav -0.575556 0.062422 -0.815376
9083 /gyrosc/grav -0.610324 0.063369 -0.789613
9091 /gyrosc/grav -0.646708 0.063703 -0.760073
9099 /gyrosc/grav -0.665087 0.063524 -0.744060
9108 /gyrosc/grav -0.700793 0.062606 -0.710612
9116 /gyrosc/grav -0.734286 0.061347 -0.676063
9124 /gyrosc/grav -0.749938 0.060622 -0.658724
9133 /gyrosc/grav -0.778440 0.059221 -0.624919
9141 /gyrosc/grav -0.802651 0.058046 -0.593618
9150 /gyrosc/grav -0.813089 0.057513 -0.579291
9158 /gyrosc/grav -0.831398 0.056428 -0.552805
9166 /gyrosc/grav -0.839682 0.055901 -0.540193
9174 /gyrosc/grav -0.855063 0.055096 -0.515589
9183 /gyrosc/grav -0.869393 0.054691 -0.491086
9193 /gyrosc/grav -0.876329 0.054516 -0.478618
9200 /gyrosc/grav -0.890067 0.053960 -0.452625
9210 /gyrosc/grav -0.904169 0.052969 -0.423877
9217 /gyrosc/grav -0.911627 0.052087 -0.407704
9225 /gyrosc/grav -0.927250 0.049771 -0.371122
9233 /gyrosc/grav -0.943114 0.047297 -0.329088
9242 /gyrosc/grav -0.950694 0.046048 -0.306692
9252 /gyrosc/grav -0.964253 0.043866 -0.261326
9258 /gyrosc/grav -0.974944 0.042596 -0.218335
9269 /gyrosc/grav -0.979129 0.042514 -0.198743
9275 /gyrosc/grav -0.985239 0.043929 -0.165452
9283 /gyrosc/grav -0.989108 0.046768 -0.139563
9291 /gyrosc/grav -0.990565 0.048344 -0.128230
9299 /gyrosc/grav -0.992853 0.052005 -0.107421
9334 /gyrosc/grav -0.994551 0.056960 -0.087321
9338 /gyrosc/grav -0.995230 0.059979 -0.076943
9341 /gyrosc/grav -0.996256 0.066938 -0.054707
9344 /gyrosc/grav -0.996743 0.074963 -0.029752
9347 /gyrosc/grav -0.996717 0.079325 -0.016245
9350 /gyrosc/grav -0.996011 0.088429 0.011963
9358 /gyrosc/grav -0.994421 0.097565 0.040096
9366 /gyrosc/grav -0.993334 0.102053 0.053600
9374 /gyrosc/grav -0.990696 0.110833 0.078977
9383 /gyrosc/grav -0.987645 0.119321 0.101589
9391 /gyrosc/grav -0.986030 0.123446 0.111828
9400 /gyrosc/grav -0.982651 0.131491 0.130799
9408 /gyrosc/grav -0.978988 0.139352 0.148873
9416 /gyrosc/grav -0.976982 0.143229 0.158087
9425 /gyrosc/grav -0.972448 0.150820 0.177760
9433 /gyrosc/grav -0.967035 0.157995 0.199700
9442 /gyrosc/grav -0.963975 0.161436 0.211404
9450 /gyrosc/grav -0.957135 0.168280 0.235744
9458 /gyrosc/grav -0.953369 0.171803 0.248135
9468 /gyrosc/grav -0.945353 0.179128 0.272434
9474 /gyrosc/grav -0.936856 0.186749 0.295679
9483 /gyrosc/grav -0.932449 0.190637 0.306914
9502 /gyrosc/grav -0.923303 0.198366 0.328882
9505 /gyrosc/grav -0.913670 0.205927 0.350431
9508 /gyrosc/grav -0.908665 0.209592 0.361109
9516 /gyrosc/grav -0.898179 0.216592 0.382573
9525 /gyrosc/grav -0.886832 0.223360 0.404524
9533 /gyrosc/grav -0.880743 0.226784 0.415765
9556 /gyrosc/grav -0.867539 0.233779 0.439003
9560 /gyrosc/grav -0.852750 0.241207 0.463290
9563 /gyrosc/grav -0.844700 0.245167 0.475789
9567 /gyrosc/grav -0.827305 0.253515 0.501294
9577 /gyrosc/grav -0.808209 0.262240 0.527285
9584 /gyrosc/grav -0.798022 0.266529 0.540486
9593 /gyrosc/grav -0.776881 0.274525 0.566650
9600 /gyrosc/grav -0.755442 0.281539 0.591645
9608 /gyrosc/grav -0.744782 0.284675 0.603540
9618 /gyrosc/grav -0.723928 0.290280 0.625832
9624 /gyrosc/grav -0.703637 0.294911 0.646470
9633 /gyrosc/grav -0.693522 0.296625 0.656537
9641 /gyrosc/grav -0.673519 0.298648 0.676152
9649 /gyrosc/grav -0.654231 0.299770 0.694348
9658 /gyrosc/grav -0.644940 0.300264 0.702776
9671 /gyrosc/grav -0.627649 0.301296 0.717828
9675 /gyrosc/grav -0.611938 0.302407 0.730809
9686 /gyrosc/grav -0.604241 0.303037 0.736927
9693 /gyrosc/grav -0.588123 0.304372 0.749313
9701 /gyrosc/grav -0.571020 0.305944 0.761797
9708 /gyrosc/grav -0.562177 0.306810 0.768001
9716 /gyrosc/grav -0.544231 0.308300 0.780233
9724 /gyrosc/grav -0.526585 0.308831 0.792043
9733 /gyrosc/grav -0.518144 0.308549 0.797699
9741 /gyrosc/grav -0.502555 0.306776 0.808287
9751 /gyrosc/grav -0.495549 0.305329 0.813145
9759 /gyrosc/grav -0.483080 0.301592 0.821996
9767 /gyrosc/grav -0.471502 0.297147 0.830295
9776 /gyrosc/grav -0.465445 0.294841 0.834524
9783 /gyrosc/grav -0.451771 0.290487 0.843517
9792 /gyrosc/grav -0.435920 0.286813 0.853061
9801 /gyrosc/grav -0.427408 0.285257 0.857876
9810 /gyrosc/grav -0.409822 0.282563 0.867297
9816 /gyrosc/grav -0.392461 0.280189 0.876053
9827 /gyrosc/grav -0.384118 0.279094 0.880091
9833 /gyrosc/grav -0.368073 0.277142 0.887533
9841 /gyrosc/grav -0.352306 0.275666 0.894365
9850 /gyrosc/grav -0.344306 0.275090 0.897653
9858 /gyrosc/grav -0.328109 0.274029 0.904021
9867 /gyrosc/grav -0.312071 0.272959 0.910003
9874 /gyrosc/grav -0.304218 0.272431 0.912816
9883 /gyrosc/grav -0.288909 0.271368 0.918092
9891 /gyrosc/grav -0.274235 0.270176 0.922930
9899 /gyrosc/grav -0.267159 0.269550 0.925186
9910 /gyrosc/grav -0.253573 0.268345 0.929350
9916 /gyrosc/grav -0.240844 0.267340 0.933019
9926 /gyrosc/grav -0.234780 0.266943 0.934676
9948 /gyrosc/grav -0.223211 0.266584 0.937609
9951 /gyrosc/grav -0.212220 0.266931 0.940059
9954 /gyrosc/grav -0.207016 0.267358 0.941098
9958 /gyrosc/grav -0.197467 0.268713 0.942762
9966 /gyrosc/grav -0.189031 0.270550 0.943966
9974 /gyrosc/grav -0.185297 0.271548 0.944419
9983 /gyrosc/grav -0.179014 0.273542 0.945055
9991 /gyrosc/grav -0.174263 0.275495 0.945376
9999 /gyrosc/ipport 192.168.1.117 6449
10001 /gyrosc/grav -0.172301 0.276446 0.945458
10008 /gyrosc/grav -0.168689 0.278393 0.945538
10016 /gyrosc/grav -0.164860 0.280512 0.945587
10025 /gyrosc/grav -0.162779 0.281597 0.945625
10033 /gyrosc/grav -0.158639 0.283699 0.945700
10041 /gyrosc/grav -0.156762 0.284670 0.945722
10050 /gyrosc/grav -0.153680 0.286312 0.945732
10058 /gyrosc/grav -0.151514 0.287492 0.945723
10066 /gyrosc/grav -0.150711 0.287884 0.945732
10075 /gyrosc/grav -0.149487 0.288300 0.945799
10083 /gyrosc/grav -0.148531 0.288364 0.945931
10091 /gyrosc/grav -0.148099 0.288339 0.946006
10099 /gyrosc/grav -0.147254 0.288322 0.946144
10108 /gyrosc/grav -0.146215 0.288450 0.946265
10116 /gyrosc/grav -0.145602 0.288579 0.946321
10125 /gyrosc/grav -0.144353 0.288841 0.946432
10134 /gyrosc/grav -0.143234 0.289044 0.946540
10141 /gyrosc/grav -0.142746 0.289103 0.946596
10149 /gyrosc/grav -0.141920 0.289172 0.946698
10158 /gyrosc/grav -0.141410 0.289167 0.946777
10166 /gyrosc/grav -0.141284 0.289158 0.946798
10174 /gyrosc/grav -0.141029 0.289163 0.946835
10183 /gyrosc/grav -0.140592 0.289209 0.946886
10191 /gyrosc/grav -0.140348 0.289231 0.946915
10199 /gyrosc/grav -0.140153 0.289214 0.946949
10208 /gyrosc/grav -0.140548 0.289161 0.946907
10217 /gyrosc/grav -0.140986 0.289118 0.946855
10224 /gyrosc/grav -0.142283 0.288946 0.946713
10235 /gyrosc/grav -0.144055 0.288732 0.946511
10241 /gyrosc/grav -0.144997 0.288607 0.946405
10250 /gyrosc/grav -0.146776 0.288463 0.946175
10258 /gyrosc/grav -0.148557 0.288584 0.945860
10266 /gyrosc/grav -0.149574 0.288728 0.945656
10276 /gyrosc/grav -0.152020 0.289097 0.945153
10283 /gyrosc/grav -0.154991 0.289557 0.944529
10292 /gyrosc/grav -0.156737 0.289784 0.944171
10300 /gyrosc/grav -0.161031 0.290154 0.943334
10308 /gyrosc/grav -0.166452 0.290493 0.942289
10316 /gyrosc/grav -0.169549 0.290668 0.941682
10325 /gyrosc/grav -0.176402 0.290989 0.940323
10335 /gyrosc/grav -0.183848 0.291319 0.938794
10341 /gyrosc/grav -0.187639 0.291510 0.937984
10350 /gyrosc/grav -0.195541 0.292016 0.936211
10358 /gyrosc/grav -0.204508 0.292692 0.934082
10366 /gyrosc/grav -0.209312 0.292907 0.932949
10375 /gyrosc/grav -0.219788 0.293204 0.930444
10383 /gyrosc/grav -0.225616 0.293366 0.928997
10392 /gyrosc/grav -0.238902 0.293843 0.925517
10400 /gyrosc/grav -0.255304 0.294532 0.920908
10408 /gyrosc/grav -0.264416 0.294699 0.918279
10417 /gyrosc/grav -0.282682 0.294460 0.912899
10425 /gyrosc/grav -0.300297 0.294084 0.907379
10434 /gyrosc/grav -0.309168 0.293882 0.904460
10441 /gyrosc/grav -0.327144 0.293157 0.898352
10451 /gyrosc/grav -0.345511 0.292230 0.891753
10459 /gyrosc/grav -0.355137 0.291677 0.888145
10468 /gyrosc/grav -0.375578 0.290163 0.880197
10475 /gyrosc/grav -0.397365 0.287845 0.871348
10483 /gyrosc/grav -0.408735 0.286255 0.866599
10491 /gyrosc/grav -0.432743 0.282170 0.856221
10500 /gyrosc/grav -0.458555 0.276626 0.844515
10508 /gyrosc/grav -0.471739 0.273586 0.838220
10516 /gyrosc/grav -0.497626 0.266887 0.825312
10525 /gyrosc/grav -0.521669 0.260633 0.812362
10533 /gyrosc/grav -0.532778 0.257838 0.806019
10542 /gyrosc/grav -0.553259 0.253022 0.793653
10550 /gyrosc/grav -0.572397 0.249168 0.781203
10562 /gyrosc/grav -0.581910 0.247499 0.774677
10570 /gyrosc/grav -0.601384 0.244455 0.760644
10575 /gyrosc/grav -0.621626 0.241474 0.745166
10607 /gyrosc/grav -0.631857 0.240043 0.736977
10613 /gyrosc/grav -0.651815 0.237170 0.720339
10617 /gyrosc/grav -0.670004 0.234182 0.704453
10620 /gyrosc/grav -0.678351 0.232711 0.696911
10623 /gyrosc/grav -0.694057 0.230042 0.682177
10628 /gyrosc/grav -0.709035 0.227967 0.667309
10633 /gyrosc/grav -0.716457 0.227171 0.659608
10655 /gyrosc/grav -0.731853 0.225978 0.642904
10658 /gyrosc/grav -0.748767 0.224972 0.623487
10661 /gyrosc/grav -0.757855 0.224390 0.612621
10669 /gyrosc/grav -0.777366 0.222970 0.588206
10675 /gyrosc/grav -0.787737 0.222113 0.574576
10683 /gyrosc/grav -0.809189 0.220197 0.544726
10692 /gyrosc/grav -0.830326 0.218053 0.512846
10699 /gyrosc/grav -0.840492 0.216892 0.496519
10708 /gyrosc/grav -0.859884 0.214453 0.463260
10716 /gyrosc/grav -0.878032 0.212135 0.429021
10725 /gyrosc/grav -0.886573 0.211211 0.411555
10733 /gyrosc/grav -0.902492 0.210060 0.376010
10741 /gyrosc/grav -0.916888 0.209929 0.339479
10750 /gyrosc/grav -0.923537 0.210254 0.320738
10758 /gyrosc/grav -0.935746 0.211451 0.282256
10766 /gyrosc/grav -0.946565 0.213041 0.242134
10775 /gyrosc/grav -0.951468 0.213899 0.221261
10783 /gyrosc/grav -0.960101 0.215504 0.178224
10791 /gyrosc/grav -0.966922 0.216924 0.134188
10799 /gyrosc/grav -0.969583 0.217526 0.112212
10808 /gyrosc/grav -0.973415 0.218442 0.068890
10816 /gyrosc/grav -0.975353 0.219017 0.026815
10825 /gyrosc/grav -0.975645 0.219268 0.006231
10833 /gyrosc/grav -0.974952 0.219785 -0.034120
10841 /gyrosc/grav -0.972682 0.220287 -0.073243
10849 /gyrosc/grav -0.971058 0.220364 -0.092119
10858 /gyrosc/grav -0.966918 0.219872 -0.129329
10866 /gyrosc/grav -0.961372 0.218373 -0.167566
10874 /gyrosc/grav -0.957963 0.217214 -0.187417
10883 /gyrosc/grav -0.949889 0.214126 -0.227730
10891 /gyrosc/grav -0.940453 0.210480 -0.266920
10899 /gyrosc/grav -0.935405 0.208638 -0.285460
10908 /gyrosc/grav -0.925011 0.205154 -0.319793
10916 /gyrosc/grav -0.914349 0.202131 -0.350867
10925 /gyrosc/grav -0.908859 0.200982 -0.365488
10934 /gyrosc/grav -0.897168 0.199714 -0.393959
10941 /gyrosc/grav -0.883429 0.199816 -0.423825
10950 /gyrosc/grav -0.875423 0.200249 -0.439927
10958 /gyrosc/grav -0.857224 0.201424 -0.473916
10967 /gyrosc/grav -0.847336 0.201998 -0.491140
10974 /gyrosc/grav -0.826904 0.203150 -0.524366
10983 /gyrosc/grav -0.806334 0.204474 -0.554992
10994 /gyrosc/grav -0.795958 0.205179 -0.569520
11014 /gyrosc/grav -0.774586 0.206943 -0.597655
11017 /gyrosc/grav -0.751857 0.208902 -0.625356
11020 /gyrosc/grav -0.739918 0.209800 -0.639145
11025 /gyrosc/grav -0.714795 0.211165 -0.666691
11033 /gyrosc/grav -0.687615 0.211723 -0.694521
11041 /gyrosc/grav -0.673077 0.211591 -0.708659
11052 /gyrosc/grav -0.641545 0.210972 -0.737503
11058 /gyrosc/grav -0.607721 0.211119 -0.765574
11066 /gyrosc/grav -0.591191 0.211795 -0.778226
11075 /gyrosc/grav -0.560772 0.214152 -0.799796
11083 /gyrosc/grav -0.533518 0.217345 -0.817386
11091 /gyrosc/grav -0.520471 0.219072 -0.825298
11099 /gyrosc/grav -0.493902 0.222346 -0.840609
11108 /gyrosc/grav -0.465921 0.224918 -0.855763
11116 /gyrosc/grav -0.451548 0.225854 -0.863189
11125 /gyrosc/grav -0.422510 0.226813 -0.877520
11133 /gyrosc/grav -0.393012 0.226703 -0.891150
11141 /gyrosc/grav -0.377974 0.226461 -0.897692
11150 /gyrosc/grav -0.347147 0.226001 -0.910172
11158 /gyrosc/grav -0.315640 0.225837 -0.921612
11166 /gyrosc/grav -0.299958 0.225836 -0.926835
11175 /gyrosc/grav -0.269059 0.226098 -0.936209
11185 /gyrosc/grav -0.239073 0.226942 -0.944109
11191 /gyrosc/grav -0.224699 0.227548 -0.947487
11200 /gyrosc/grav -0.197521 0.229118 -0.953148
11208 /gyrosc/grav -0.171615 0.231495 -0.957579
11217 /gyrosc/grav -0.158398 0.233076 -0.959472
11225 /gyrosc/grav -0.132372 0.236317 -0.962617
11233 /gyrosc/grav -0.107418 0.239254 -0.964997
11242 /gyrosc/grav -0.095048 0.240770 -0.965917
11250 /gyrosc/grav -0.070080 0.244020 -0.967235
11258 /gyrosc/grav -0.044973 0.246638 -0.968064
11267 /gyrosc/grav -0.032569 0.247600 -0.968315
11275 /gyrosc/grav -0.008139 0.248889 -0.968498
11284 /gyrosc/grav 0.003856 0.249135 -0.968461
11291 /gyrosc/grav 0.026943 0.248422 -0.968277
11300 /gyrosc/grav 0.048556 0.245960 -0.968063
11308 /gyrosc/grav 0.058767 0.244062 -0.967977
11316 /gyrosc/grav 0.077822 0.238759 -0.967956
11325 /gyrosc/grav 0.093576 0.231650 -0.968288
11333 /gyrosc/grav 0.099369 0.227876 -0.968606
11341 /gyrosc/grav 0.107101 0.221060 -0.969362
11350 /gyrosc/grav 0.110919 0.216554 -0.969949
11360 /gyrosc/grav 0.111521 0.215495 -0.970116
11366 /gyrosc/grav 0.110724 0.215726 -0.970156
11374 /gyrosc/grav 0.109582 0.218763 -0.969605
11383 /gyrosc/grav 0.109459 0.221101 -0.969089
11391 /gyrosc/grav 0.108508 0.226607 -0.967923
11400 /gyrosc/grav 0.107271 0.232252 -0.966722
11408 /gyrosc/grav 0.107033 0.234687 -0.966160
11416 /gyrosc/grav 0.107623 0.238077 -0.965265
11424 /gyrosc/grav 0.115993 0.236130 -0.964774
11433 /gyrosc/grav 0.124267 0.231950 -0.964758
11441 /gyrosc/grav 0.149551 0.216122 -0.964845
11450 /gyrosc/grav 0.183435 0.191886 -0.964122
11458 /gyrosc/grav 0.195417 0.178214 -0.964392
11466 /gyrosc/grav 0.191923 0.152719 -0.969455
11475 /gyrosc/grav 0.176274 0.137048 -0.974754
11483 /gyrosc/grav 0.173065 0.134197 -0.975725
11492 /gyrosc/grav 0.172193 0.137369 -0.975438
11500 /gyrosc/grav 0.170079 0.147208 -0.974373
11508 /gyrosc/grav 0.168775 0.152379 -0.973805
11516 /gyrosc/grav 0.167564 0.159832 -0.972818
11524 /gyrosc/grav 0.167338 0.162445 -0.972425
11533 /gyrosc/grav 0.167033 0.162512 -0.972466
11541 /gyrosc/grav 0.165874 0.161785 -0.972785
11550 /gyrosc/grav 0.165203 0.161469 -0.972952
11558 /gyrosc/grav 0.163951 0.161447 -0.973167
11567 /gyrosc/grav 0.162417 0.161937 -0.973343
11575 /gyrosc/grav 0.161258 0.162035 -0.973520
11583 /gyrosc/grav 0.157750 0.161128 -0.974245
11591 /gyrosc/grav 0.152565 0.158165 -0.975555
11600 /gyrosc/grav 0.149550 0.155986 -0.976372
11608 /gyrosc/grav 0.143402 0.150897 -0.978093
11616 /gyrosc/grav 0.138217 0.146084 -0.979569
11625 /gyrosc/grav 0.136165 0.144247 -0.980128
11633 /gyrosc/grav 0.132980 0.142208 -0.980863
11642 /gyrosc/grav 0.130737 0.141989 -0.981197
11651 /gyrosc/grav 0.129835 0.142214 -0.981284
11658 /gyrosc/grav 0.128012 0.142622 -0.981464
11667 /gyrosc/grav 0.125733 0.142552 -0.981769
11675 /gyrosc/grav 0.124434 0.142361 -0.981962
11683 /gyrosc/grav 0.122082 0.142025 -0.982306
11691 /gyrosc/grav 0.120338 0.142309 -0.982480
11700 /gyrosc/grav 0.119683 0.142779 -0.982492
11708 /gyrosc/grav 0.118856 0.144288 -0.982372
11717 /gyrosc/grav 0.118397 0.146054 -0.982166
11724 /gyrosc/grav 0.118105 0.146879 -0.982078
11733 /gyrosc/grav 0.117033 0.148223 -0.982005
11741 /gyrosc/grav 0.115059 0.149119 -0.982102
11750 /gyrosc/grav 0.113783 0.149440 -0.982202
11758 /gyrosc/grav 0.111068 0.149928 -0.982439
11769 /gyrosc/grav 0.108520 0.150419 -0.982648
11775 /gyrosc/grav 0.107330 0.150699 -0.982736
11783 /gyrosc/grav 0.105084 0.151360 -0.982877
11792 /gyrosc/grav 0.102960 0.152149 -0.982980
11800 /gyrosc/grav 0.101916 0.152601 -0.983019
11808 /gyrosc/grav 0.099953 0.153698 -0.983050
11817 /gyrosc/grav 0.098156 0.155114 -0.983008
11825 /gyrosc/grav 0.097251 0.155896 -0.982975
11833 /gyrosc/grav 0.095511 0.157417 -0.982903
11841 /gyrosc/grav 0.094174 0.158618 -0.982839
11850 /gyrosc/grav 0.093617 0.159202 -0.982797
11880 /gyrosc/grav 0.092830 0.160318 -0.982691
11883 /gyrosc/grav 0.092634 0.160916 -0.982611
11886 /gyrosc/grav 0.092465 0.162467 -0.982372
11889 /gyrosc/grav 0.092675 0.164313 -0.982045
11892 /gyrosc/grav 0.092837 0.165357 -0.981855
11901 /gyrosc/grav 0.093497 0.167272 -0.981467
11909 /gyrosc/grav 0.093866 0.168884 -0.981156
11916 /gyrosc/grav 0.093853 0.169483 -0.981054
11926 /gyrosc/grav 0.093328 0.170490 -0.980930
11933 /gyrosc/grav 0.092372 0.171392 -0.980863
11941 /gyrosc/grav 0.091839 0.171859 -0.980831
11950 /gyrosc/grav 0.090794 0.172903 -0.980745
11958 /gyrosc/grav 0.089822 0.174216 -0.980602
11967 /gyrosc/grav 0.089371 0.175013 -0.980502
11974 /gyrosc/grav 0.088328 0.176861 -0.980265
11983 /gyrosc/grav 0.086940 0.178886 -0.980021
11991 /gyrosc/grav 0.086061 0.179905 -0.979912
12000 /gyrosc/grav 0.083760 0.181613 -0.979796
12008 /gyrosc/grav 0.080770 0.182584 -0.979867
12016 /gyrosc/grav 0.079094 0.182730 -0.979976
12025 /gyrosc/grav 0.075478 0.182260 -0.980349
12033 /gyrosc/grav 0.071639 0.180673 -0.980931
12042 /gyrosc/grav 0.069928 0.179463 -0.981276
12050 /gyrosc/grav 0.067404 0.176149 -0.982053
12060 /gyrosc/grav 0.065784 0.171206 -0.983037
12066 /gyrosc/grav 0.065163 0.167909 -0.983646
12076 /gyrosc/grav 0.063963 0.159307 -0.985155
12085 /gyrosc/grav 0.062371 0.147713 -0.987062
12091 /gyrosc/grav 0.061461 0.140774 -0.988132
12100 /gyrosc/grav 0.059585 0.124721 -0.990401
12110 /gyrosc/grav 0.057994 0.106025 -0.992671
12116 /gyrosc/grav 0.057409 0.095820 -0.993742
12125 /gyrosc/grav 0.056794 0.073999 -0.995640
12133 /gyrosc/grav 0.056860 0.062406 -0.996430
12142 /gyrosc/grav 0.057887 0.037620 -0.997614
12149 /gyrosc/grav 0.060047 0.010131 -0.998144
12158 /gyrosc/grav 0.063164 -0.020333 -0.997796
12167 /gyrosc/grav 0.065022 -0.036586 -0.997213
12174 /gyrosc/grav 0.069604 -0.070799 -0.995059
12183 /gyrosc/grav 0.072448 -0.088648 -0.993425
12192 /gyrosc/grav 0.079019 -0.125827 -0.988900
12200 /gyrosc/grav 0.086209 -0.164751 -0.982560
12208 /gyrosc/grav 0.089750 -0.184660 -0.978696
12217 /gyrosc/grav 0.096520 -0.225033 -0.969559
12224 /gyrosc/grav 0.103718 -0.265415 -0.958539
12233 /gyrosc/grav 0.107468 -0.285290 -0.952397
12242 /gyrosc/grav 0.115080 -0.324144 -0.938982
12250 /gyrosc/grav 0.123033 -0.361567 -0.924193
12258 /gyrosc/grav 0.127152 -0.379474 -0.916423
12267 /gyrosc/grav 0.135655 -0.412989 -0.900577
12275 /gyrosc/grav 0.144051 -0.442947 -0.884900
12283 /gyrosc/grav 0.148087 -0.456630 -0.877245
12292 /gyrosc/grav 0.155602 -0.481638 -0.862446
12299 /gyrosc/grav 0.162559 -0.503853 -0.848355
12308 /gyrosc/grav 0.165920 -0.514030 -0.841573
12316 /gyrosc/grav 0.172012 -0.532450 -0.828799
12325 /gyrosc/grav 0.176788 -0.547933 -0.817628
12333 /gyrosc/grav 0.178627 -0.554541 -0.812759
12341 /gyrosc/grav 0.180980 -0.565811 -0.804428
12350 /gyrosc/grav 0.181610 -0.575127 -0.797651
12358 /gyrosc/grav 0.181449 -0.579280 -0.794676
12368 /gyrosc/grav 0.180111 -0.586794 -0.789451
12374 /gyrosc/grav 0.177033 -0.593276 -0.785292
12385 /gyrosc/grav 0.174944 -0.596078 -0.783636
12391 /gyrosc/grav 0.170150 -0.600645 -0.781201
12400 /gyrosc/grav 0.164787 -0.603746 -0.779959
12408 /gyrosc/grav 0.161970 -0.604720 -0.779794
12416 /gyrosc/grav 0.156009 -0.605548 -0.780367
12425 /gyrosc/grav 0.149429 -0.605056 -0.782035
12433 /gyrosc/grav 0.145903 -0.604342 -0.783252
12443 /gyrosc/grav 0.138523 -0.601951 -0.786427
12450 /gyrosc/grav 0.130964 -0.598301 -0.790497
12458 /gyrosc/grav 0.127196 -0.596028 -0.792825
12466 /gyrosc/grav 0.119642 -0.590613 -0.798036
12475 /gyrosc/grav 0.115747 -0.587518 -0.800890
12486 /gyrosc/grav 0.107436 -0.580725 -0.806980
12491 /gyrosc/grav 0.098461 -0.573300 -0.813408
12500 /gyrosc/grav 0.089178 -0.565317 -0.820039
12508 /gyrosc/grav 0.084536 -0.561106 -0.823416
12516 /gyrosc/grav 0.075587 -0.552199 -0.830279
12525 /gyrosc/grav 0.071414 -0.547485 -0.833762
12534 /gyrosc/grav 0.063756 -0.537601 -0.840785
12541 /gyrosc/grav 0.056956 -0.527297 -0.847770
12550 /gyrosc/grav 0.053897 -0.522017 -0.851231
12558 /gyrosc/grav 0.048719 -0.511032 -0.858180
12567 /gyrosc/grav 0.044547 -0.499215 -0.865332
12574 /gyrosc/grav 0.042669 -0.492932 -0.869021
12584 /gyrosc/grav 0.039150 -0.479546 -0.876643
12592 /gyrosc/grav 0.035652 -0.465421 -0.884371
12601 /gyrosc/grav 0.034010 -0.458253 -0.888171
12610 /gyrosc/grav 0.030921 -0.443843 -0.895571
12618 /gyrosc/grav 0.027965 -0.429121 -0.902814
12626 /gyrosc/grav 0.026436 -0.421552 -0.906419
12635 /gyrosc/grav 0.023333 -0.405980 -0.913584
12642 /gyrosc/grav 0.020652 -0.389898 -0.920626
12650 /gyrosc/grav 0.019631 -0.381684 -0.924084
12659 /gyrosc/grav 0.018225 -0.365014 -0.930824
12667 /gyrosc/grav 0.017296 -0.348289 -0.937228
12676 /gyrosc/grav 0.016842 -0.340009 -0.940271
12683 /gyrosc/grav 0.015639 -0.323686 -0.946035
12692 /gyrosc/grav 0.013910 -0.307652 -0.951397
12700 /gyrosc/grav 0.012942 -0.299693 -0.953948
12708 /gyrosc/grav 0.010938 -0.283778 -0.958828
12716 /gyrosc/grav 0.008904 -0.267830 -0.963425
12725 /gyrosc/grav 0.007922 -0.259888 -0.965606
12733 /gyrosc/grav 0.006275 -0.244104 -0.969729
12741 /gyrosc/grav 0.005664 -0.236286 -0.971667
12750 /gyrosc/grav 0.004877 -0.220824 -0.975302
12758 /gyrosc/grav 0.004529 -0.205775 -0.978589
12767 /gyrosc/grav 0.004495 -0.198481 -0.980094
12775 /gyrosc/grav 0.004540 -0.184598 -0.982804
12783 /gyrosc/grav 0.004387 -0.172036 -0.985081
12794 /gyrosc/grav 0.003751 -0.160999 -0.986947
12800 /gyrosc/grav 0.003202 -0.156058 -0.987743
12808 /gyrosc/grav 0.001656 -0.147202 -0.989105
12817 /gyrosc/grav 0.000739 -0.143158 -0.989700
12824 /gyrosc/grav -0.000998 -0.135511 -0.990775
12835 /gyrosc/grav -0.002323 -0.128443 -0.991714
12842 /gyrosc/grav -0.002872 -0.125213 -0.992126
12850 /gyrosc/grav -0.003890 -0.119541 -0.992822
12858 /gyrosc/grav -0.004986 -0.114997 -0.993353
12867 /gyrosc/grav -0.005608 -0.113060 -0.993572
12874 /gyrosc/grav -0.006836 -0.109647 -0.993947
12883 /gyrosc/grav -0.007776 -0.106604 -0.994271
12891 /gyrosc/grav -0.008112 -0.105169 -0.994421
12900 /gyrosc/grav -0.008577 -0.102385 -0.994708
12908 /gyrosc/grav -0.008819 -0.099669 -0.994982
12917 /gyrosc/grav -0.008813 -0.098344 -0.995113
12925 /gyrosc/grav -0.008498 -0.095805 -0.995364
12933 /gyrosc/grav -0.007935 -0.093444 -0.995593
12941 /gyrosc/grav -0.007630 -0.092323 -0.995700
12950 /gyrosc/grav -0.007047 -0.090186 -0.995900
12958 /gyrosc/grav -0.006497 -0.088242 -0.996078
12969 /gyrosc/grav -0.006210 -0.087345 -0.996159
12975 /gyrosc/grav -0.005660 -0.085682 -0.996306
12984 /gyrosc/grav -0.005057 -0.084102 -0.996444
12992 /gyrosc/grav -0.004731 -0.083322 -0.996511
13000 /gyrosc/grav -0.004063 -0.081762 -0.996644
13009 /gyrosc/grav -0.003338 -0.080127 -0.996779
13016 /gyrosc/grav -0.002942 -0.079255 -0.996850
13024 /gyrosc/grav -0.002102 -0.077341 -0.997002
13033 /gyrosc/grav -0.001157 -0.075177 -0.997169
13042 /gyrosc/grav -0.000628 -0.074013 -0.997257
13050 /gyrosc/grav 0.000454 -0.071610 -0.997433
13058 /gyrosc/grav 0.001540 -0.069248 -0.997598
13068 /gyrosc/grav 0.002068 -0.068108 -0.997676
13074 /gyrosc/grav 0.003176 -0.065905 -0.997821
13086 /gyrosc/grav 0.004313 -0.063683 -0.997961
13092 /gyrosc/grav 0.004896 -0.062542 -0.998030
13104 /gyrosc/grav 0.006043 -0.060137 -0.998172
13108 /gyrosc/grav 0.006635 -0.058859 -0.998244
13116 /gyrosc/grav 0.007868 -0.056307 -0.998382
13124 /gyrosc/grav 0.008999 -0.053704 -0.998516
13133 /gyrosc/grav 0.009554 -0.052419 -0.998579
13158 /gyrosc/grav 0.010663 -0.049842 -0.998700
13162 /gyrosc/grav 0.011664 -0.047164 -0.998819
13165 /gyrosc/grav 0.012128 -0.045746 -0.998879
13168 /gyrosc/grav 0.012929 -0.042759 -0.999002
13174 /gyrosc/grav 0.013543 -0.039691 -0.999120
13183 /gyrosc/grav 0.013758 -0.038176 -0.999176
13192 /gyrosc/grav 0.014001 -0.035201 -0.999282
13200 /gyrosc/grav 0.013910 -0.032279 -0.999382
13208 /gyrosc/grav 0.013723 -0.030830 -0.999430
13217 /gyrosc/grav 0.013078 -0.027942 -0.999524
13225 /gyrosc/grav 0.012161 -0.025062 -0.999612
13233 /gyrosc/grav 0.011601 -0.023627 -0.999654
13241 /gyrosc/grav 0.010342 -0.020783 -0.999731
13250 /gyrosc/grav 0.008796 -0.018129 -0.999797
13258 /gyrosc/grav 0.007887 -0.016894 -0.999826
13266 /gyrosc/grav 0.005467 -0.014751 -0.999876
13275 /gyrosc/grav 0.002194 -0.013360 -0.999908
13283 /gyrosc/grav 0.000137 -0.012948 -0.999916
13291 /gyrosc/grav -0.004903 -0.012596 -0.999909
13299 /gyrosc/grav -0.010790 -0.012832 -0.999859
13308 /gyrosc/grav -0.013870 -0.013153 -0.999817
13316 /gyrosc/grav -0.020094 -0.014206 -0.999697
13325 /gyrosc/grav -0.026292 -0.015873 -0.999528
13333 /gyrosc/grav -0.029323 -0.016970 -0.999426
13341 /gyrosc/grav -0.035278 -0.019748 -0.999182
13349 /gyrosc/grav -0.041011 -0.023276 -0.998888
13358 /gyrosc/grav -0.043685 -0.025323 -0.998724
13367 /gyrosc/grav -0.048326 -0.029831 -0.998386
13717 /gyrosc/grav -0.051796 -0.034581 -0.998059
13724 /gyrosc/grav -0.052980 -0.037003 -0.997910
13728 /gyrosc/grav -0.053815 -0.042078 -0.997664
13731 /gyrosc/grav -0.053264 -0.044827 -0.997574
13735 /gyrosc/grav -0.050038 -0.051013 -0.997444
13739 /gyrosc/grav -0.043913 -0.058354 -0.997330
13742 /gyrosc/grav -0.039840 -0.062474 -0.997251
13746 /gyrosc/grav -0.029913 -0.071401 -0.996999
13749 /gyrosc/grav 0.345206 -0.149588 -0.926529
13928 /gyrosc/grav 0.339405 -0.160515 -0.926844
13931 /gyrosc/grav 0.336759 -0.161047 -0.927716
13935 /gyrosc/grav 0.335123 -0.161129 -0.928294
13938 /gyrosc/grav 0.331366 -0.161239 -0.929623
13941 /gyrosc/grav 0.327771 -0.161638 -0.930827
13944 /gyrosc/grav 0.325981 -0.161913 -0.931408
13949 /gyrosc/grav 0.322243 -0.162443 -0.932615
13952 /gyrosc/grav 0.255984 -0.121282 -0.959043
13955 /gyrosc/grav 0.253263 -0.118722 -0.960085
13958 /gyrosc/grav 0.247912 -0.113303 -0.962134
13961 /gyrosc/grav 0.245307 -0.110459 -0.963132
13966 /gyrosc/grav 0.240293 -0.104654 -0.965042
13974 /gyrosc/grav 0.235614 -0.098903 -0.966801
13983 /gyrosc/grav 0.233392 -0.096112 -0.967621
13992 /gyrosc/grav 0.228936 -0.090804 -0.969197
14000 /gyrosc/grav 0.224385 -0.085897 -0.970708
14008 /gyrosc/grav 0.220418 -0.081214 -0.972019
14017 /gyrosc/grav 0.218857 -0.078931 -0.972559
14025 /gyrosc/grav 0.216404 -0.074526 -0.973455
14033 /gyrosc/grav 0.215419 -0.072441 -0.973831
14041 /gyrosc/grav 0.213904 -0.068602 -0.974443
14050 /gyrosc/grav 0.212884 -0.065260 -0.974896
14058 /gyrosc/grav 0.212446 -0.063747 -0.975091
14066 /gyrosc/grav 0.211713 -0.060935 -0.975430
14075 /gyrosc/grav 0.211369 -0.058378 -0.975661
14083 /gyrosc/grav 0.211399 -0.057176 -0.975726
14091 /gyrosc/grav 0.212018 -0.054814 -0.975727
14099 /gyrosc/grav 0.213285 -0.052476 -0.975580
14109 /gyrosc/grav 0.214072 -0.051350 -0.975467
14116 /gyrosc/grav 0.215876 -0.049148 -0.975183
14125 /gyrosc/grav 0.217874 -0.046910 -0.974849
14133 /gyrosc/grav 0.218935 -0.045742 -0.974667
14142 /gyrosc/grav 0.221079 -0.043345 -0.974292
14150 /gyrosc/grav 0.223054 -0.041181 -0.973936
14158 /gyrosc/grav 0.223993 -0.040248 -0.973759
14166 /gyrosc/grav 0.225696 -0.038649 -0.973431
14175 /gyrosc/grav 0.226881 -0.037292 -0.973208
14183 /gyrosc/grav 0.227221 -0.036630 -0.973154
14192 /gyrosc/grav 0.227612 -0.035248 -0.973114
14200 /gyrosc/grav 0.227939 -0.033714 -0.973091
14210 /gyrosc/grav 0.228133 -0.032892 -0.973074
14217 /gyrosc/grav 0.228657 -0.031204 -0.973007
14227 /gyrosc/grav 0.229362 -0.029531 -0.972893
14233 /gyrosc/grav 0.229744 -0.028692 -0.972828
14242 /gyrosc/grav 0.230635 -0.027050 -0.972664
14250 /gyrosc/grav 0.231845 -0.025396 -0.972421
14258 /gyrosc/grav 0.232561 -0.024517 -0.972273
14266 /gyrosc/grav 0.234138 -0.022685 -0.971939
14274 /gyrosc/grav 0.235878 -0.020858 -0.971559
14283 /gyrosc/grav 0.236811 -0.019973 -0.971350
14292 /gyrosc/grav 0.238914 -0.018284 -0.970868
14300 /gyrosc/grav 0.241375 -0.016732 -0.970288
14309 /gyrosc/grav 0.242739 -0.015989 -0.969960
14316 /gyrosc/grav 0.245724 -0.014483 -0.969232
14325 /gyrosc/grav 0.247330 -0.013724 -0.968834
14333 /gyrosc/grav 0.250748 -0.012170 -0.967976
14341 /gyrosc/grav 0.254514 -0.010596 -0.967011
14350 /gyrosc/grav 0.256486 -0.009877 -0.966497
14359 /gyrosc/grav 0.260529 -0.008735 -0.965427
14366 /gyrosc/grav 0.264773 -0.007961 -0.964278
14375 /gyrosc/grav 0.266929 -0.007630 -0.963686
14383 /gyrosc/grav 0.271250 -0.007015 -0.962483
14391 /gyrosc/grav 0.275693 -0.006295 -0.961225
14400 /gyrosc/grav 0.277898 -0.005915 -0.960592
14539 /gyrosc/grav 0.282302 -0.005179 -0.959312
14542 /gyrosc/grav 0.286584 -0.004543 -0.958044
14546 /gyrosc/grav 0.288652 -0.004308 -0.957425
14549 /gyrosc/grav 0.292604 -0.004142 -0.956225
14552 /gyrosc/grav 0.296160 -0.004597 -0.955127
14555 /gyrosc/grav 0.297755 -0.005139 -0.954628
14560 /gyrosc/grav 0.300486 -0.006941 -0.953761
14563 /gyrosc/grav 0.309355 -0.033555 -0.950354
14566 /gyrosc/grav 0.309233 -0.037371 -0.950252
14569 /gyrosc/grav 0.307999 -0.041510 -0.950481
14575 /gyrosc/grav 0.306853 -0.043730 -0.950752
14583 /gyrosc/grav 0.302982 -0.048536 -0.951760
14592 /gyrosc/grav 0.296304 -0.054044 -0.953563
14600 /gyrosc/grav 0.291889 -0.057135 -0.954744
14608 /gyrosc/grav 0.281118 -0.064014 -0.957536
14616 /gyrosc/grav 0.274770 -0.067757 -0.959120
14625 /gyrosc/grav 0.260220 -0.075634 -0.962583
14633 /gyrosc/grav 0.243200 -0.083659 -0.966362
14642 /gyrosc/grav 0.233712 -0.087604 -0.968351
14650 /gyrosc/grav 0.212811 -0.095145 -0.972450
14658 /gyrosc/grav 0.189522 -0.102224 -0.976541
14666 /gyrosc/grav 0.177014 -0.105696 -0.978516
14674 /gyrosc/grav 0.150249 -0.112579 -0.982217
14683 /gyrosc/grav 0.121230 -0.119203 -0.985441
14691 /gyrosc/grav 0.105813 -0.122334 -0.986832
14699 /gyrosc/grav 0.072967 -0.128017 -0.989084
14708 /gyrosc/grav 0.037670 -0.132735 -0.990435
14716 /gyrosc/grav 0.019278 -0.134723 -0.990696
14725 /gyrosc/grav -0.018463 -0.138022 -0.990257
14734 /gyrosc/grav -0.056703 -0.140416 -0.988468
14741 /gyrosc/grav -0.075712 -0.141237 -0.987076
14750 /gyrosc/grav -0.113422 -0.142086 -0.983335
14758 /gyrosc/grav -0.149738 -0.142346 -0.978425
14766 /gyrosc/grav -0.166847 -0.142526 -0.975627
14775 /gyrosc/grav -0.198156 -0.143390 -0.969625
14783 /gyrosc/grav -0.224739 -0.145055 -0.963562
14792 /gyrosc/grav -0.235826 -0.146164 -0.960740
14799 /gyrosc/grav -0.253307 -0.148450 -0.955928
14808 /gyrosc/grav -0.264740 -0.149512 -0.952659
14816 /gyrosc/grav -0.268649 -0.149098 -0.951629
14825 /gyrosc/grav -0.274110 -0.145905 -0.950566
14833 /gyrosc/grav -0.277993 -0.140512 -0.950251
14842 /gyrosc/grav -0.279612 -0.137584 -0.950204
14850 /gyrosc/grav -0.282410 -0.132326 -0.950123
14858 /gyrosc/grav -0.284477 -0.128546 -0.950026
14867 /gyrosc/grav -0.285354 -0.127181 -0.949946
14874 /gyrosc/grav -0.287069 -0.125109 -0.949705
14884 /gyrosc/grav -0.287981 -0.124224 -0.949545
14896 /gyrosc/grav -0.291084 -0.121731 -0.948921
14899 /gyrosc/grav -0.292223 -0.120911 -0.948676
14908 /gyrosc/grav -0.294518 -0.119159 -0.948188
14917 /gyrosc/grav -0.295636 -0.118175 -0.947963
14925 /gyrosc/grav -0.297869 -0.115896 -0.947545
14933 /gyrosc/grav -0.300158 -0.112814 -0.947195
14943 /gyrosc/grav -0.301358 -0.110875 -0.947043
14951 /gyrosc/grav -0.303687 -0.106338 -0.946819
14958 /gyrosc/grav -0.304733 -0.103832 -0.946761
14967 /gyrosc/grav -0.306617 -0.098575 -0.946715
14975 /gyrosc/grav -0.308491 -0.093118 -0.946658
14984 /gyrosc/grav -0.309458 -0.090351 -0.946611
14992 /gyrosc/grav -0.311561 -0.085029 -0.946414
15000 /gyrosc/grav -0.314000 -0.080532 -0.946001
15003 /gyrosc/ipport 192.168.1.117 6449
15008 /gyrosc/grav -0.315203 -0.078751 -0.945751
15016 /gyrosc/grav -0.317207 -0.076241 -0.945287
15025 /gyrosc/grav -0.318022 -0.074723 -0.945134
15033 /gyrosc/grav -0.317791 -0.074056 -0.945264
15042 /gyrosc/grav -0.315985 -0.072306 -0.946005
15050 /gyrosc/grav -0.312515 -0.069585 -0.947361
15059 /gyrosc/grav -0.310369 -0.067817 -0.948194
15068 /gyrosc/grav -0.305580 -0.063527 -0.950045
15076 /gyrosc/grav -0.300152 -0.058610 -0.952089
15086 /gyrosc/grav -0.297265 -0.056180 -0.953141
15092 /gyrosc/grav -0.291186 -0.051776 -0.955265
15101 /gyrosc/grav -0.284701 -0.048193 -0.957404
15108 /gyrosc/grav -0.281368 -0.046705 -0.958463
15116 /gyrosc/grav -0.274470 -0.044151 -0.960582
15125 /gyrosc/grav -0.266630 -0.041620 -0.962900
15133 /gyrosc/grav -0.262218 -0.040040 -0.964178
15142 /gyrosc/grav -0.252373 -0.035615 -0.966974
15151 /gyrosc/grav -0.240746 -0.028989 -0.970155
15159 /gyrosc/grav -0.234361 -0.024731 -0.971835
15167 /gyrosc/grav -0.221310 -0.014312 -0.975098
15175 /gyrosc/grav -0.208855 -0.001548 -0.977945
15183 /gyrosc/grav -0.202462 0.005131 -0.979277
15191 /gyrosc/grav -0.189007 0.017058 -0.981828
15200 /gyrosc/grav -0.175406 0.025721 -0.984160
15208 /gyrosc/grav -0.168464 0.028698 -0.985290
15218 /gyrosc/grav -0.154214 0.032590 -0.987500
15225 /gyrosc/grav -0.140159 0.035121 -0.989506
15235 /gyrosc/grav -0.133365 0.036292 -0.990402
15242 /gyrosc/grav -0.120137 0.038883 -0.991996
15251 /gyrosc/grav -0.113612 0.040325 -0.992707
15258 /gyrosc/grav -0.100618 0.043460 -0.993976
15266 /gyrosc/grav -0.088509 0.047008 -0.994965
15275 /gyrosc/grav -0.082964 0.048918 -0.995351
15283 /gyrosc/grav -0.073409 0.052936 -0.995896
15292 /gyrosc/grav -0.065212 0.057067 -0.996238
15300 /gyrosc/grav -0.061546 0.059018 -0.996358
15308 /gyrosc/grav -0.054723 0.062526 -0.996542
15316 /gyrosc/grav -0.048077 0.065527 -0.996692
15325 /gyrosc/grav -0.044947 0.066843 -0.996751
15333 /gyrosc/grav -0.039234 0.069185 -0.996832
15341 /gyrosc/grav -0.034257 0.070988 -0.996889
15350 /gyrosc/grav -0.031946 0.071654 -0.996918
15358 /gyrosc/grav -0.027064 0.072689 -0.996987
15366 /gyrosc/grav -0.021598 0.073576 -0.997056
15375 /gyrosc/grav -0.018428 0.074107 -0.997080
15384 /gyrosc/grav -0.011619 0.075300 -0.997093
15392 /gyrosc/grav -0.004485 0.076153 -0.997086
15400 /gyrosc/grav -0.000795 0.076347 -0.997081
15408 /gyrosc/grav 0.006630 0.076456 -0.997051
15417 /gyrosc/grav 0.014877 0.076905 -0.996927
15425 /gyrosc/grav 0.019815 0.077430 -0.996801
15433 /gyrosc/grav 0.031311 0.079342 -0.996356
15442 /gyrosc/grav 0.044016 0.082331 -0.995633
15450 /gyrosc/grav 0.050273 0.083776 -0.995216
15459 /gyrosc/grav 0.061398 0.085449 -0.994449
15467 /gyrosc/grav 0.072263 0.084768 -0.993777
15475 /gyrosc/grav 0.077888 0.083313 -0.993475
15483 /gyrosc/grav 0.090055 0.078182 -0.992863
15492 /gyrosc/grav 0.104080 0.070419 -0.992073
15499 /gyrosc/grav 0.112117 0.065846 -0.991511
15508 /gyrosc/grav 0.129986 0.055314 -0.989972
15516 /gyrosc/grav 0.151693 0.043377 -0.987475
15525 /gyrosc/grav 0.163857 0.036960 -0.985792
15534 /gyrosc/grav 0.188968 0.023341 -0.981706
15542 /gyrosc/grav 0.202522 0.016768 -0.979134
15550 /gyrosc/grav 0.234683 0.005524 -0.972056
15591 /gyrosc/grav 0.274456 0.000226 -0.961600
15594 /gyrosc/grav 0.288735 0.000226 -0.957409
15598 /gyrosc/grav 0.280714 0.005068 -0.959778
15601 /gyrosc/grav 0.263828 0.013530 -0.964475
15604 /gyrosc/grav 0.260871 0.016781 -0.965228
15608 /gyrosc/grav 0.258448 0.019015 -0.965838
15611 /gyrosc/grav 0.255263 0.018523 -0.966694
15616 /gyrosc/grav 0.252049 0.018327 -0.967541
15625 /gyrosc/grav 0.243106 0.018997 -0.969814
15633 /gyrosc/grav 0.233439 0.021526 -0.972133
15641 /gyrosc/grav 0.228572 0.023387 -0.973246
15650 /gyrosc/grav 0.218928 0.027900 -0.975342
15661 /gyrosc/grav 0.209993 0.032374 -0.977167
15666 /gyrosc/grav 0.205760 0.034264 -0.978002
15674 /gyrosc/grav 0.197256 0.037034 -0.979652
15706 /gyrosc/grav 0.188310 0.038501 -0.981355
15710 /gyrosc/grav 0.183641 0.038889 -0.982224
15713 /gyrosc/grav 0.174138 0.039526 -0.983928
15717 /gyrosc/grav 0.164063 0.040589 -0.985614
15720 /gyrosc/grav 0.158517 0.041338 -0.986491
15725 /gyrosc/grav 0.145867 0.043530 -0.988346
15733 /gyrosc/grav 0.131075 0.046959 -0.990260
15741 /gyrosc/grav 0.123007 0.049164 -0.991187
15750 /gyrosc/grav 0.106195 0.054716 -0.992839
15758 /gyrosc/grav 0.089951 0.061873 -0.994022
15767 /gyrosc/grav 0.082765 0.066046 -0.994378
15775 /gyrosc/grav 0.070469 0.074353 -0.994739
15783 /gyrosc/grav 0.061183 0.079938 -0.994920
15792 /gyrosc/grav 0.057583 0.081060 -0.995045
15801 /gyrosc/grav 0.051703 0.079441 -0.995498
15808 /gyrosc/grav 0.048285 0.073019 -0.996161
15818 /gyrosc/grav 0.048187 0.068739 -0.996470
15825 /gyrosc/grav 0.049292 0.059317 -0.997021
15833 /gyrosc/grav 0.049310 0.054468 -0.997297
15842 /gyrosc/grav 0.048658 0.045446 -0.997781
15850 /gyrosc/grav 0.046701 0.038071 -0.998183
15858 /gyrosc/grav 0.045284 0.035074 -0.998358
15868 /gyrosc/grav 0.042464 0.029826 -0.998653
15875 /gyrosc/grav 0.039759 0.024409 -0.998911
15883 /gyrosc/grav 0.038482 0.021468 -0.999029
15892 /gyrosc/grav 0.036150 0.015223 -0.999230
15900 /gyrosc/grav 0.034269 0.008330 -0.999378
15908 /gyrosc/grav 0.033520 0.004684 -0.999427
15916 /gyrosc/grav 0.031546 -0.002751 -0.999499
15925 /gyrosc/grav 0.028448 -0.009970 -0.999546
15933 /gyrosc/grav 0.026202 -0.013540 -0.999565
15941 /gyrosc/grav 0.020278 -0.020487 -0.999584
15952 /gyrosc/grav 0.013824 -0.027032 -0.999539
15958 /gyrosc/grav 0.011200 -0.030232 -0.999480
15968 /gyrosc/grav 0.007501 -0.036379 -0.999310
15975 /gyrosc/grav 0.005832 -0.042466 -0.999081
15983 /gyrosc/grav 0.005394 -0.045591 -0.998946
15991 /gyrosc/grav 0.004717 -0.051841 -0.998644
16000 /gyrosc/grav 0.003665 -0.057374 -0.998346
16008 /gyrosc/grav 0.002752 -0.059652 -0.998215
16017 /gyrosc/grav 0.000282 -0.063099 -0.998007
16024 /gyrosc/grav -0.002570 -0.065777 -0.997831
16033 /gyrosc/grav -0.004046 -0.067132 -0.997736
16041 /gyrosc/grav -0.007284 -0.070326 -0.997497
16050 /gyrosc/grav -0.010879 -0.074029 -0.997197
16058 /gyrosc/grav -0.012717 -0.075899 -0.997034
16066 /gyrosc/grav -0.016341 -0.079351 -0.996713
16075 /gyrosc/grav -0.019630 -0.081879 -0.996449
16083 /gyrosc/grav -0.021130 -0.082744 -0.996347
16092 /gyrosc/grav -0.023758 -0.083834 -0.996197
16099 /gyrosc/grav -0.026077 -0.084305 -0.996099
16108 /gyrosc/grav -0.027033 -0.084323 -0.996072
16116 /gyrosc/grav -0.028555 -0.083658 -0.996085
16125 /gyrosc/grav -0.029881 -0.081913 -0.996191
16133 /gyrosc/grav -0.030570 -0.080760 -0.996265
16141 /gyrosc/grav -0.032137 -0.078360 -0.996407
16150 /gyrosc/grav -0.033943 -0.076085 -0.996523
16158 /gyrosc/grav -0.034891 -0.075034 -0.996570
16167 /gyrosc/grav -0.036934 -0.072975 -0.996650
16175 /gyrosc/grav -0.038012 -0.071888 -0.996688
16183 /gyrosc/grav -0.040237 -0.069564 -0.996766
16192 /gyrosc/grav -0.042377 -0.067140 -0.996843
16200 /gyrosc/grav -0.043341 -0.065919 -0.996883
16208 /gyrosc/grav -0.045047 -0.063577 -0.996960
16217 /gyrosc/grav -0.046479 -0.061723 -0.997010
16225 /gyrosc/grav -0.047067 -0.061064 -0.997024
16233 /gyrosc/grav -0.047958 -0.060202 -0.997033
16241 /gyrosc/grav -0.048654 -0.059475 -0.997043
16249 /gyrosc/grav -0.048999 -0.059004 -0.997054
16260 /gyrosc/grav -0.049720 -0.057764 -0.997091
16266 /gyrosc/grav -0.050235 -0.056310 -0.997149
16275 /gyrosc/grav -0.050345 -0.055627 -0.997182
16283 /gyrosc/grav -0.050177 -0.054664 -0.997243
16291 /gyrosc/grav -0.050119 -0.054409 -0.997260
16299 /gyrosc/grav -0.050503 -0.054464 -0.997238
16308 /gyrosc/grav -0.051832 -0.054606 -0.997162
16316 /gyrosc/grav -0.052916 -0.054355 -0.997119
16325 /gyrosc/grav -0.053327 -0.053910 -0.997121
16333 /gyrosc/grav -0.053809 -0.052144 -0.997189
16341 /gyrosc/grav -0.053256 -0.049634 -0.997347
16350 /gyrosc/grav -0.052830 -0.048339 -0.997433
16358 /gyrosc/grav -0.053147 -0.045972 -0.997528
16366 /gyrosc/grav -0.055389 -0.044058 -0.997492
16377 /gyrosc/grav -0.056526 -0.043126 -0.997469
16383 /gyrosc/grav -0.057390 -0.040801 -0.997518
16391 /gyrosc/grav -0.057890 -0.037667 -0.997612
16399 /gyrosc/grav -0.058469 -0.035837 -0.997646
16408 /gyrosc/grav -0.060205 -0.031856 -0.997678
16416 /gyrosc/grav -0.063169 -0.027641 -0.997620
16425 /gyrosc/grav -0.064710 -0.025425 -0.997580
16433 /gyrosc/grav -0.067455 -0.020561 -0.997510
16442 /gyrosc/grav -0.069720 -0.014801 -0.997457
16449 /gyrosc/grav -0.070874 -0.011561 -0.997418
16458 /gyrosc/grav -0.073282 -0.004459 -0.997301
16466 /gyrosc/grav -0.074403 -0.000696 -0.997228
16475 /gyrosc/grav -0.076142 0.006842 -0.997074
16483 /gyrosc/grav -0.076589 0.013993 -0.996965
16491 /gyrosc/grav -0.076310 0.017366 -0.996933
16499 /gyrosc/grav -0.074517 0.023619 -0.996940
16510 /gyrosc/grav -0.070044 0.029400 -0.997111
16516 /gyrosc/grav -0.066353 0.032338 -0.997272
16525 /gyrosc/grav -0.056212 0.038576 -0.997673
16533 /gyrosc/grav -0.043715 0.045285 -0.998017
16542 /gyrosc/grav -0.036921 0.048720 -0.998130
16549 /gyrosc/grav -0.023046 0.055470 -0.998194
16558 /gyrosc/grav -0.010496 0.061858 -0.998030
16566 /gyrosc/grav -0.005363 0.064817 -0.997883
16575 /gyrosc/grav 0.001898 0.070068 -0.997540
16584 /gyrosc/grav 0.005150 0.073959 -0.997248
16592 /gyrosc/grav 0.005642 0.075223 -0.997151
16599 /gyrosc/grav 0.005661 0.076335 -0.997066
16608 /gyrosc/grav 0.005794 0.076167 -0.997078
16616 /gyrosc/grav 0.006125 0.075898 -0.997097
16625 /gyrosc/grav 0.007182 0.075471 -0.997122
16633 /gyrosc/grav 0.008527 0.076137 -0.997061
16641 /gyrosc/grav 0.009532 0.077251 -0.996966
16649 /gyrosc/grav 0.012013 0.081831 -0.996574
16658 /gyrosc/grav 0.013550 0.089479 -0.995897
16668 /gyrosc/grav 0.013857 0.093715 -0.995503
16675 /gyrosc/grav 0.014350 0.099207 -0.994963
16685 /gyrosc/grav 0.016694 0.095856 -0.995255
16691 /gyrosc/grav 0.018043 0.090274 -0.995753
16699 /gyrosc/grav 0.019406 0.072410 -0.997186
16708 /gyrosc/grav 0.019597 0.048752 -0.998619
16717 /gyrosc/grav 0.018823 0.035989 -0.999175
16727 /gyrosc/grav 0.016683 0.012598 -0.999781
16734 /gyrosc/grav 0.015549 -0.004776 -0.999868
16741 /gyrosc/grav 0.016146 -0.011217 -0.999807
16750 /gyrosc/grav 0.022180 -0.021622 -0.999520
16758 /gyrosc/grav 0.027532 -0.026521 -0.999269
16768 /gyrosc/grav 0.040101 -0.037190 -0.998503
16775 /gyrosc/grav 0.050849 -0.049651 -0.997471
16783 /gyrosc/grav 0.054954 -0.056802 -0.996872
16792 /gyrosc/grav 0.061765 -0.073108 -0.995410
16800 /gyrosc/grav 0.068080 -0.091077 -0.993514
16808 /gyrosc/grav 0.071477 -0.100523 -0.992364
16816 /gyrosc/grav 0.079753 -0.120606 -0.989492
16825 /gyrosc/grav 0.090119 -0.142117 -0.985739
16833 /gyrosc/grav 0.096192 -0.152901 -0.983549
16841 /gyrosc/grav 0.110012 -0.173710 -0.978633
16850 /gyrosc/grav 0.128313 -0.193256 -0.972722
16857 /gyrosc/grav 0.140390 -0.202464 -0.969175
16866 /gyrosc/grav 0.164799 -0.220836 -0.961287
16875 /gyrosc/grav 0.186350 -0.238458 -0.953106
16884 /gyrosc/grav 0.196570 -0.246613 -0.948969
16891 /gyrosc/grav 0.215767 -0.261880 -0.940672
16900 /gyrosc/grav 0.233029 -0.276104 -0.932451
16908 /gyrosc/grav 0.240751 -0.282892 -0.928446
16916 /gyrosc/grav 0.253368 -0.294940 -0.921312
16925 /gyrosc/grav 0.262885 -0.303586 -0.915820
16934 /gyrosc/grav 0.267086 -0.306195 -0.913734
16942 /gyrosc/grav 0.274866 -0.307735 -0.910905
16949 /gyrosc/grav 0.278433 -0.306882 -0.910109
16958 /gyrosc/grav 0.284519 -0.303220 -0.909454
16982 /gyrosc/grav 0.288699 -0.298688 -0.909636
16985 /gyrosc/grav 0.291295 -0.295098 -0.909980
16988 /gyrosc/grav 0.292042 -0.294007 -0.910094
16992 /gyrosc/grav 0.292566 -0.293514 -0.910085
16999 /gyrosc/grav 0.292526 -0.294843 -0.909668
17008 /gyrosc/grav 0.292644 -0.295899 -0.909287
17016 /gyrosc/grav 0.293591 -0.298305 -0.908195
17024 /gyrosc/grav 0.296235 -0.301767 -0.906191
17033 /gyrosc/grav 0.297981 -0.303696 -0.904973
17041 /gyrosc/grav 0.302098 -0.307479 -0.902327
17049 /gyrosc/grav 0.304616 -0.309348 -0.900840
17058 /gyrosc/grav 0.310727 -0.313192 -0.897418
17067 /gyrosc/grav 0.318431 -0.317121 -0.893328
17075 /gyrosc/grav 0.326362 -0.321092 -0.889037
17083 /gyrosc/grav 0.330147 -0.323089 -0.886914
17094 /gyrosc/grav 0.337481 -0.326962 -0.882725
17100 /gyrosc/grav 0.341065 -0.328793 -0.880664
17108 /gyrosc/grav 0.347856 -0.332047 -0.876779
17116 /gyrosc/grav 0.354080 -0.334611 -0.873306
17125 /gyrosc/grav 0.357213 -0.335590 -0.871652
17133 /gyrosc/grav 0.363500 -0.337110 -0.868461
17141 /gyrosc/grav 0.368212 -0.338082 -0.866095
17150 /gyrosc/grav 0.369482 -0.338485 -0.865396
17158 /gyrosc/grav 0.370354 -0.339192 -0.864747
17167 /gyrosc/grav 0.369637 -0.339844 -0.864797
17175 /gyrosc/grav 0.368732 -0.340244 -0.865026
17183 /gyrosc/grav 0.366175 -0.341364 -0.865671
17191 /gyrosc/grav 0.363290 -0.342950 -0.866260
17200 /gyrosc/grav 0.361920 -0.343849 -0.866477
17208 /gyrosc/grav 0.359585 -0.345497 -0.866793
17216 /gyrosc/grav 0.357814 -0.346594 -0.867088
17226 /gyrosc/grav 0.357033 -0.346986 -0.867253
17233 /gyrosc/grav 0.355921 -0.347613 -0.867459
17241 /gyrosc/grav 0.354718 -0.347963 -0.867812
17250 /gyrosc/grav 0.353730 -0.348142 -0.868143
17258 /gyrosc/grav 0.351429 -0.348698 -0.868854
17266 /gyrosc/grav 0.349986 -0.350031 -0.868901
17275 /gyrosc/grav 0.349981 -0.351253 -0.868409
17283 /gyrosc/grav 0.351937 -0.355365 -0.865942
17291 /gyrosc/grav 0.356665 -0.361900 -0.861289
17300 /gyrosc/grav 0.359738 -0.365895 -0.858317
17308 /gyrosc/grav 0.365775 -0.374697 -0.851945
17317 /gyrosc/grav 0.370504 -0.383698 -0.845874
17324 /gyrosc/grav 0.372162 -0.387901 -0.843225
17505 /gyrosc/grav 0.302701 -0.432577 -0.849264
17508 /gyrosc/grav 0.302701 -0.432577 -0.849264
17511 /gyrosc/grav 0.288196 -0.428568 -0.856313
17514 /gyrosc/grav 0.269106 -0.420454 -0.866488
17517 /gyrosc/grav 0.258721 -0.414998 -0.872261
17522 /gyrosc/grav 0.239404 -0.401982 -0.883796
17525 /gyrosc/grav 0.223671 -0.387632 -0.894266
17528 /gyrosc/grav 0.216613 -0.380859 -0.898902
17531 /gyrosc/grav 0.203517 -0.369820 -0.906539
17534 /gyrosc/grav 0.192653 -0.363228 -0.911565
17541 /gyrosc/grav 0.188310 -0.361868 -0.913012
17549 /gyrosc/grav 0.181278 -0.363116 -0.913939
17558 /gyrosc/grav 0.176039 -0.368164 -0.912943
17566 /gyrosc/grav 0.174029 -0.371262 -0.912074
17574 /gyrosc/grav 0.170864 -0.377376 -0.910161
17583 /gyrosc/grav 0.169144 -0.382363 -0.908399
17591 /gyrosc/grav 0.168866 -0.384210 -0.907671
17600 /gyrosc/grav 0.169005 -0.386381 -0.906723
17612 /gyrosc/grav 0.169326 -0.386138 -0.906767
17616 /gyrosc/grav 0.169317 -0.385119 -0.907202
17625 /gyrosc/grav 0.168754 -0.381728 -0.908738
17633 /gyrosc/grav 0.167608 -0.377389 -0.910761
17641 /gyrosc/grav 0.166597 -0.375161 -0.911866
17650 /gyrosc/grav 0.163097 -0.371133 -0.914144
17658 /gyrosc/grav 0.157691 -0.368468 -0.916169
17666 /gyrosc/grav 0.154838 -0.367946 -0.916865
17674 /gyrosc/grav 0.150097 -0.369064 -0.917204
17683 /gyrosc/grav 0.148113 -0.370812 -0.916821
17714 /gyrosc/grav 0.144348 -0.376655 -0.915038
17717 /gyrosc/grav 0.140326 -0.385169 -0.912115
17721 /gyrosc/grav 0.138274 -0.390045 -0.910354
17724 /gyrosc/grav 0.133890 -0.400002 -0.906682
17727 /gyrosc/grav 0.129272 -0.408765 -0.903438
17733 /gyrosc/grav 0.126958 -0.412305 -0.902157
17741 /gyrosc/grav 0.122732 -0.417450 -0.900373
17750 /gyrosc/grav 0.119414 -0.420102 -0.899586
17758 /gyrosc/grav 0.118126 -0.420568 -0.899538
17766 /gyrosc/grav 0.116115 -0.420015 -0.900058
17775 /gyrosc/grav 0.113901 -0.417871 -0.901338
17784 /gyrosc/grav 0.112718 -0.416452 -0.902143
17792 /gyrosc/grav 0.110806 -0.413586 -0.903697
17799 /gyrosc/grav 0.110289 -0.411676 -0.904632
17811 /gyrosc/grav 0.110428 -0.411376 -0.904752
17817 /gyrosc/grav 0.110813 -0.412448 -0.904216
17826 /gyrosc/grav 0.111564 -0.415905 -0.902539
17833 /gyrosc/grav 0.112018 -0.418460 -0.901301
17841 /gyrosc/grav 0.112878 -0.424837 -0.898205
17850 /gyrosc/grav 0.113914 -0.432145 -0.894580
17858 /gyrosc/grav 0.114708 -0.435812 -0.892698
17866 /gyrosc/grav 0.117420 -0.442756 -0.888920
17875 /gyrosc/grav 0.122074 -0.448738 -0.885287
17883 /gyrosc/grav 0.124993 -0.451254 -0.883599
17894 /gyrosc/grav 0.131473 -0.455189 -0.880635
17900 /gyrosc/grav 0.135022 -0.456679 -0.879326
17908 /gyrosc/grav 0.142556 -0.458909 -0.876972
17917 /gyrosc/grav 0.149625 -0.460347 -0.875039
17924 /gyrosc/grav 0.152535 -0.460880 -0.874255
17933 /gyrosc/grav 0.156649 -0.461847 -0.873017
17941 /gyrosc/grav 0.158888 -0.462891 -0.872059
17950 /gyrosc/grav 0.159889 -0.464121 -0.871222
17959 /gyrosc/grav 0.160080 -0.464830 -0.870809
17966 /gyrosc/grav 0.161472 -0.466680 -0.869561
17975 /gyrosc/grav 0.164959 -0.469150 -0.867575
17982 /gyrosc/grav 0.166832 -0.470561 -0.866452
17999 /gyrosc/grav 0.170423 -0.473614 -0.864087
18025 /gyrosc/grav 0.172115 -0.475198 -0.862881
18028 /gyrosc/grav 0.174871 -0.478130 -0.860704
18031 /gyrosc/grav 0.176061 -0.480178 -0.859320
18034 /gyrosc/grav 0.175869 -0.480697 -0.859070
18039 /gyrosc/grav 0.173944 -0.480531 -0.859554
18042 /gyrosc/grav 0.169835 -0.478918 -0.861275
18050 /gyrosc/grav 0.167458 -0.477838 -0.862339
18058 /gyrosc/grav 0.164116 -0.475804 -0.864105
18066 /gyrosc/grav 0.164557 -0.474227 -0.864887
18074 /gyrosc/grav 0.165499 -0.473566 -0.865070
18083 /gyrosc/grav 0.166273 -0.472462 -0.865525
18093 /gyrosc/grav 0.165606 -0.471719 -0.866058
18099 /gyrosc/grav 0.165239 -0.471507 -0.866243
18108 /gyrosc/grav 0.164569 -0.471423 -0.866416
18119 /gyrosc/grav 0.164182 -0.471950 -0.866203
18125 /gyrosc/grav 0.164369 -0.472443 -0.865899
18133 /gyrosc/grav 0.165860 -0.473772 -0.864888
18141 /gyrosc/grav 0.168541 -0.475507 -0.863416
18150 /gyrosc/grav 0.170162 -0.476486 -0.862558
18159 /gyrosc/grav 0.173673 -0.478490 -0.860747
18166 /gyrosc/grav 0.177054 -0.480376 -0.859006
18179 /gyrosc/grav 0.178482 -0.481226 -0.858234
18183 /gyrosc/grav 0.180540 -0.482559 -0.857054
18191 /gyrosc/grav 0.181449 -0.483178 -0.856514
18200 /gyrosc/grav 0.181531 -0.483177 -0.856497
18221 /gyrosc/grav 0.181258 -0.481440 -0.857532
19439 /packetpunk/close 1
