6 /packetpunk/sync 1
54 /gyrosc/comp 243.029678
57 /gyrosc/gyro -0.058021 0.080349 0.102955
60 /gyrosc/accel -0.016315 -0.015951 -0.014333
65 /gyrosc/comp 243.029678
68 /gyrosc/gyro -0.057937 0.080036 0.102835
72 /gyrosc/rrate 0.017610 -0.058404 -0.026890
75 /gyrosc/comp 243.029678
79 /gyrosc/rmatrix 0.992419 0.095402 -0.077476 -0.099899 0.993397 -0.056408 0.071583 0.063720 0.995397
83 /gyrosc/comp 243.029678
88 /gyrosc/rmatrix 0.992494 0.095004 -0.077012 -0.099471 0.993441 -0.056403 0.071148 0.063640 0.995434
92 /gyrosc/comp 243.029678
95 /gyrosc/gyro -0.056468 0.076964 0.099596
99 /gyrosc/comp 243.029678
101 /gyrosc/gyro -0.056631 0.076542 0.099210
106 /gyrosc/comp 243.029678
109 /gyrosc/gyro -0.056762 0.076246 0.098833
112 /gyrosc/comp 243.029678
115 /gyrosc/gyro -0.056792 0.076165 0.098648
118 /gyrosc/accel -0.009349 -0.006774 -0.017309
122 /gyrosc/comp 243.029678
125 /gyrosc/gyro -0.056736 0.076018 0.098243
128 /gyrosc/comp 243.029678
131 /gyrosc/gyro -0.056662 0.075930 0.098041
135 /gyrosc/accel -0.008780 -0.001135 -0.023875
138 /gyrosc/comp 243.029678
141 /gyrosc/gyro -0.056455 0.075792 0.097677
144 /gyrosc/rrate 0.026936 -0.005809 -0.030154
149 /gyrosc/comp 243.029678
152 /gyrosc/gyro -0.056154 0.075742 0.097386
155 /gyrosc/accel -0.000767 -0.003467 -0.017775
159 /gyrosc/comp 243.029678
163 /gyrosc/rmatrix 0.992829 0.092623 -0.075571 -0.096966 0.993713 -0.055970 0.069911 0.062896 0.995568
167 /gyrosc/comp 243.029678
170 /gyrosc/gyro -0.055684 0.075856 0.097092
173 /gyrosc/comp 243.029678
176 /gyrosc/gyro -0.055405 0.076091 0.096980
180 /gyrosc/grav 0.075901 0.055377 -0.995576
183 /gyrosc/comp 243.029678
185 /gyrosc/comp 243.029678
190 /gyrosc/gyro -0.055034 0.076536 0.096987
193 /gyrosc/accel 0.011056 -0.009642 -0.000149
196 /gyrosc/comp 243.029678
199 /gyrosc/gyro -0.054860 0.076755 0.097059
205 /gyrosc/rmatrix 0.992771 0.092436 -0.076565 -0.096761 0.993796 -0.054832 0.071021 0.061844 0.995556
209 /gyrosc/alt 0.200817 101.101807
212 /gyrosc/gyro -0.054812 0.076846 0.097103
216 /gyrosc/comp 243.029678
218 /gyrosc/gyro -0.054758 0.076958 0.097146
222 /gyrosc/accel 0.015777 -0.011335 0.003480
225 /gyrosc/comp 243.029678
228 /gyrosc/comp 243.029678
232 /gyrosc/gyro -0.054707 0.076996 0.097216
235 /gyrosc/accel 0.018929 -0.010994 -0.002425
238 /gyrosc/comp 243.029678
242 /gyrosc/gyro -0.054667 0.076988 0.097360
245 /gyrosc/accel 0.021073 -0.006757 -0.005321
248 /gyrosc/comp 243.029678
253 /gyrosc/rmatrix 0.992702 0.092963 -0.076814 -0.097284 0.993760 -0.054560 0.071263 0.061635 0.995551
258 /gyrosc/grav 0.076814 0.054560 -0.995551
262 /gyrosc/gyro -0.054532 0.077036 0.097737
265 /gyrosc/grav 0.076845 0.054505 -0.995552
268 /gyrosc/comp 243.029678
273 /gyrosc/accel 0.027116 -0.004169 -0.013514
276 /gyrosc/comp 243.029678
278 /gyrosc/accel 0.028260 -0.003070 -0.018282
282 /gyrosc/comp 243.029678
286 /gyrosc/rmatrix 0.992530 0.094272 -0.077434 -0.098593 0.993662 -0.054003 0.071853 0.061234 0.995534
291 /gyrosc/comp 243.029678
294 /gyrosc/gyro -0.053788 0.078149 0.099622
298 /gyrosc/quat 0.997689 -0.028781 0.037664 0.048685
301 /gyrosc/comp 243.029678
304 /gyrosc/gyro -0.053520 0.078759 0.100466
308 /gyrosc/quat 0.997660 -0.028679 0.037963 0.049103
313 /gyrosc/accel 0.021939 0.001087 -0.016838
316 /gyrosc/comp 243.029678
319 /gyrosc/gyro -0.053031 0.079473 0.101759
322 /gyrosc/comp 243.029678
325 /gyrosc/gyro -0.052595 0.079914 0.102567
331 /gyrosc/rmatrix 0.992000 0.097886 -0.079718 -0.102246 0.993369 -0.052571 0.074044 0.060301 0.995430
335 /gyrosc/comp 243.029678
338 /gyrosc/rrate 0.048071 0.047298 0.080325
341 /gyrosc/comp 243.029678
344 /gyrosc/gyro -0.051741 0.080839 0.103721
348 /gyrosc/accel 0.014892 0.010172 -0.027915
351 /gyrosc/grav 0.080643 0.051718 -0.995400
356 /gyrosc/comp 243.029678
359 /gyrosc/gyro -0.050756 0.082151 0.104986
362 /gyrosc/accel 0.010927 0.013505 -0.030123
365 /gyrosc/comp 243.029678
368 /gyrosc/gyro -0.050058 0.083310 0.106000
371 /gyrosc/comp 243.029678
374 /gyrosc/gyro -0.049379 0.084640 0.107164
377 /gyrosc/quat 0.997423 -0.026895 0.040913 0.052449
381 /gyrosc/comp 243.029678
383 /gyrosc/gyro -0.049061 0.085332 0.107787
386 /gyrosc/comp 243.029678
389 /gyrosc/gyro -0.048490 0.086675 0.109060
393 /gyrosc/accel 0.009711 0.012259 -0.017513
397 /gyrosc/comp 243.029678
401 /gyrosc/rmatrix 0.990664 0.104899 -0.087068 -0.109367 0.992831 -0.048228 0.081385 0.057300 0.995034
406 /gyrosc/comp 243.029678
409 /gyrosc/gyro -0.047789 0.088334 0.111024
412 /gyrosc/accel 0.007157 0.009053 -0.020234
416 /gyrosc/rrate 0.036323 0.088793 0.131302
419 /gyrosc/gyro -0.047252 0.089238 0.112281
423 /gyrosc/rmatrix 0.990221 0.107416 -0.089020 -0.111920 0.992594 -0.047235 0.083287 0.056736 0.994909
428 /gyrosc/accel 0.000465 0.007939 -0.032425
433 /gyrosc/rrate 0.065128 0.072865 0.119833
436 /gyrosc/comp 243.029678
439 /gyrosc/accel -0.003897 0.011128 -0.036944
442 /gyrosc/comp 243.029678
445 /gyrosc/gyro -0.044886 0.091408 0.114991
448 /gyrosc/comp 243.029678
450 /gyrosc/gyro -0.044214 0.091952 0.115490
453 /gyrosc/comp 243.029678
456 /gyrosc/gyro -0.042799 0.093196 0.116483
459 /gyrosc/accel -0.011159 0.010513 -0.038699
462 /gyrosc/comp 243.029678
465 /gyrosc/gyro -0.041421 0.094579 0.117467
468 /gyrosc/grav 0.094357 0.041409 -0.994677
476 /gyrosc/comp 243.029678
486 /gyrosc/gyro -0.040811 0.095257 0.117932
490 /gyrosc/accel -0.019747 0.009631 -0.021720
495 /gyrosc/rmatrix 0.989009 0.113272 -0.095033 -0.117561 0.992227 -0.040799 0.089673 0.051523 0.994638
500 /gyrosc/rrate 0.108664 0.129320 0.101124
504 /gyrosc/quat 0.996980 -0.023151 0.046317 0.057883
508 /gyrosc/grav 0.095033 0.040799 -0.994638
512 /gyrosc/mag 31.384506 -34.949570 -237.939911
515 /gyrosc/comp 243.029678
517 /gyrosc/comp 243.029678
520 /gyrosc/gyro -0.037182 0.099038 0.120790
525 /gyrosc/grav 0.099847 0.035845 -0.994357
528 /gyrosc/accel -0.026157 0.004258 -0.015019
531 /gyrosc/comp 243.029678
534 /gyrosc/gyro -0.033501 0.101444 0.121854
537 /gyrosc/comp 243.029678
540 /gyrosc/gyro -0.031867 0.102176 0.122011
544 /gyrosc/accel -0.025699 -0.005067 -0.002516
547 /gyrosc/comp 243.029678
550 /gyrosc/gyro -0.031091 0.102493 0.122009
555 /gyrosc/rmatrix 0.987744 0.117911 -0.102264 -0.121648 0.992086 -0.031086 0.097790 0.043145 0.994271
559 /gyrosc/comp 243.029678
562 /gyrosc/gyro -0.029772 0.102939 0.121783
567 /gyrosc/rrate 0.123392 0.037242 -0.024871
570 /gyrosc/gyro -0.028697 0.103168 0.121287
574 /gyrosc/accel -0.031471 0.000360 0.004924
577 /gyrosc/comp 243.029678
579 /gyrosc/comp 243.029678
582 /gyrosc/gyro -0.027306 0.103303 0.120207
586 /gyrosc/grav 0.103080 0.027303 -0.994298
588 /gyrosc/comp 243.029678
592 /gyrosc/gyro -0.026286 0.103408 0.119318
594 /gyrosc/comp 243.029678
597 /gyrosc/gyro -0.025682 0.103534 0.118839
601 /gyrosc/accel -0.017210 0.009966 -0.004889
604 /gyrosc/comp 243.029678
608 /gyrosc/gyro -0.024347 0.103732 0.117835
611 /gyrosc/accel -0.012940 0.016030 -0.005807
614 /gyrosc/comp 243.029678
617 /gyrosc/gyro -0.022825 0.103890 0.116804
620 /gyrosc/rrate 0.168369 0.022409 -0.086959
623 /gyrosc/comp 243.029678
628 /gyrosc/rmatrix 0.988155 0.113127 -0.103694 -0.115994 0.993005 -0.022033 0.100476 0.033800 0.994365
632 /gyrosc/comp 243.029678
635 /gyrosc/accel 0.004256 0.019882 0.001773
639 /gyrosc/grav 0.103792 0.020493 -0.994388
642 /gyrosc/comp 243.029678
645 /gyrosc/gyro -0.019080 0.104145 0.114126
651 /gyrosc/rmatrix 0.988338 0.111291 -0.103938 -0.113858 0.993314 -0.019079 0.101120 0.030690 0.994401
656 /gyrosc/comp 243.029678
659 /gyrosc/gyro -0.018411 0.104269 0.113563
663 /gyrosc/gps -37.774006 144.997299 62.236607 -1.000000 0.000000 11.442499
668 /gyrosc/rmatrix 0.988485 0.109752 -0.104168 -0.112129 0.993544 -0.017230 0.101605 0.028712 0.994410
673 /gyrosc/comp 243.029678
676 /gyrosc/gyro -0.016259 0.104350 0.111101
679 /gyrosc/gyro -0.015893 0.104263 0.110418
684 /gyrosc/mag 30.505554 -33.596863 -237.889267
687 /gyrosc/comp 243.029678
690 /gyrosc/quat 0.997158 -0.010427 0.051512 0.053986
693 /gyrosc/gyro -0.014608 0.103815 0.107438
696 /gyrosc/comp 243.029678
699 /gyrosc/gyro -0.014201 0.103709 0.106662
702 /gyrosc/mag 30.505554 -33.596863 -237.889267
706 /gyrosc/comp 243.029678
708 /gyrosc/gyro -0.013236 0.103644 0.105104
711 /gyrosc/comp 243.029678
714 /gyrosc/gyro -0.012687 0.103727 0.104312
719 /gyrosc/rmatrix 0.989356 0.102257 -0.103533 -0.104115 0.994484 -0.012687 0.101665 0.023331 0.994545
724 /gyrosc/comp 243.029678
727 /gyrosc/gyro -0.011457 0.104035 0.102728
730 /gyrosc/comp 243.029678
733 /gyrosc/gyro -0.010292 0.104524 0.101266
736 /gyrosc/accel 0.027492 0.031105 -0.004274
740 /gyrosc/comp 243.029678
742 /gyrosc/gyro -0.009758 0.104813 0.100616
745 /gyrosc/comp 243.029678
748 /gyrosc/gyro -0.008976 0.105438 0.099456
752 /gyrosc/accel 0.029909 0.025402 0.004493
755 /gyrosc/comp 243.029678
758 /gyrosc/accel 0.027970 0.024929 0.009861
760 /gyrosc/comp 243.029678
765 /gyrosc/gyro -0.008323 0.106417 0.097905
768 /gyrosc/accel 0.026859 0.023842 0.011063
771 /gyrosc/comp 243.029678
774 /gyrosc/gyro -0.008003 0.107060 0.096894
779 /gyrosc/rmatrix 0.989694 0.095337 -0.106852 -0.096739 0.995278 -0.008003 0.105585 0.018257 0.994243
783 /gyrosc/comp 243.029678
786 /gyrosc/gyro -0.007721 0.107635 0.095883
789 /gyrosc/comp 243.029678
792 /gyrosc/gyro -0.007560 0.107867 0.095348
798 /gyrosc/rmatrix 0.989750 0.093840 -0.107655 -0.095201 0.995429 -0.007560 0.106454 0.017731 0.994160
803 /gyrosc/comp 243.029678
806 /gyrosc/comp 243.029678
809 /gyrosc/gyro -0.007267 0.108322 0.093194
813 /gyrosc/accel 0.023072 0.013759 0.007327
816 /gyrosc/mag 30.882385 -33.131485 -237.628662
819 /gyrosc/comp 243.029678
821 /gyrosc/comp 243.029678
824 /gyrosc/gyro -0.007118 0.108266 0.091723
827 /gyrosc/comp 244.066910
830 /gyrosc/gyro -0.007059 0.108225 0.090729
833 /gyrosc/grav 0.108011 0.007059 -0.994125
836 /gyrosc/comp 244.066910
840 /gyrosc/gyro -0.007040 0.108221 0.090228
843 /gyrosc/rrate 0.012789 0.000903 -0.097338
847 /gyrosc/comp 244.066910
849 /gyrosc/gyro -0.007141 0.108300 0.089222
855 /gyrosc/rmatrix 0.990256 0.087812 -0.108086 -0.089101 0.995997 -0.007141 0.107026 0.016702 0.994116
859 /gyrosc/comp 244.066910
863 /gyrosc/gyro -0.007367 0.108406 0.088235
866 /gyrosc/comp 244.066910
868 /gyrosc/gyro -0.007532 0.108540 0.087754
872 /gyrosc/accel 0.005582 0.009558 -0.032478
877 /gyrosc/rmatrix 0.990362 0.086313 -0.108324 -0.087639 0.996124 -0.007532 0.107254 0.016953 0.994087
883 /gyrosc/comp 244.066910
885 /gyrosc/gyro -0.007961 0.109144 0.085829
891 /gyrosc/rmatrix 0.990465 0.084349 -0.108924 -0.085721 0.996287 -0.007961 0.107849 0.017223 0.994018
895 /gyrosc/comp 244.066910
898 /gyrosc/gyro -0.007937 0.109349 0.085342
901 /gyrosc/comp 244.066910
903 /gyrosc/gyro -0.007703 0.110003 0.084486
907 /gyrosc/comp 244.066910
909 /gyrosc/gyro -0.007262 0.110899 0.083849
912 /gyrosc/comp 244.066910
915 /gyrosc/gyro -0.007015 0.111395 0.083604
919 /gyrosc/quat 0.997579 -0.005825 0.055474 0.041530
923 /gyrosc/comp 244.066910
926 /gyrosc/accel -0.011982 0.010309 -0.034278
929 /gyrosc/comp 244.066910
932 /gyrosc/gyro -0.005926 0.113223 0.083023
935 /gyrosc/accel -0.015491 0.003122 -0.030728
938 /gyrosc/comp 244.066910
942 /gyrosc/gyro -0.005644 0.113671 0.082939
944 /gyrosc/comp 244.066910
947 /gyrosc/gyro -0.005074 0.114607 0.082774
951 /gyrosc/accel -0.022573 -0.003609 -0.024273
955 /gyrosc/quat 0.997506 -0.004900 0.057118 0.041162
958 /gyrosc/comp 244.066910
961 /gyrosc/accel -0.028673 -0.008056 -0.018043
965 /gyrosc/comp 244.066910
968 /gyrosc/gyro -0.004227 0.115930 0.082424
972 /gyrosc/quat 0.997476 -0.004495 0.057796 0.041009
975 /gyrosc/comp 244.066910
978 /gyrosc/grav 0.116286 0.003710 -0.993209
981 /gyrosc/comp 244.066910
984 /gyrosc/accel -0.036065 -0.021972 -0.028297
987 /gyrosc/comp 244.066910
990 /gyrosc/gyro -0.003019 0.116954 0.081189
992 /gyrosc/comp 244.066910
995 /gyrosc/gyro -0.002647 0.116932 0.080463
999 /gyrosc/accel -0.039746 -0.020927 -0.029431
1002 /gyrosc/comp 244.066910
1006 /gyrosc/gyro -0.002472 0.116865 0.080060
1011 /gyrosc/rmatrix 0.990021 0.079141 -0.116598 -0.079974 0.996794 -0.002472 0.116029 0.011772 0.993176
1015 /gyrosc/comp 244.066910
1018 /gyrosc/gyro -0.001979 0.116734 0.079205
1022 /gyrosc/accel -0.045271 -0.010875 -0.044802
1025 /gyrosc/comp 244.066910
1028 /gyrosc/gyro -0.001178 0.116596 0.078339
1030 /gyrosc/comp 244.066910
1034 /gyrosc/gyro -0.000655 0.116533 0.077881
1038 /gyrosc/rmatrix 0.990213 0.077198 -0.116269 -0.077802 0.996969 -0.000655 0.115866 0.009695 0.993218
1044 /gyrosc/comp 244.066910
1047 /gyrosc/comp 244.066910
1050 /gyrosc/gyro 0.002139 0.116576 0.075989
1053 /gyrosc/accel -0.051890 -0.001920 -0.055313
1059 /gyrosc/rmatrix 0.990328 0.075649 -0.116312 -0.075916 0.997112 0.002139 0.116138 0.006712 0.993210
1063 /gyrosc/comp 244.066910
1068 /gyrosc/rmatrix 0.990357 0.075281 -0.116304 -0.075450 0.997145 0.002956 0.116194 0.005848 0.993209
1072 /gyrosc/comp 244.066910
1075 /gyrosc/gyro 0.004655 0.116444 0.074575
1078 /gyrosc/comp 244.066910
1082 /gyrosc/gyro 0.006408 0.116360 0.073537
1085 /gyrosc/comp 244.066910
1088 /gyrosc/accel -0.056443 -0.014545 -0.046434
1092 /gyrosc/gyro 0.008970 0.116568 0.071583
1095 /gyrosc/mag 30.962112 -32.117340 -236.948151
1098 /gyrosc/comp 245.192688
1101 /gyrosc/gyro 0.010553 0.116973 0.070030
1103 /gyrosc/comp 245.192688
1107 /gyrosc/gyro 0.011298 0.117233 0.069213
1110 /gyrosc/grav 0.116957 -0.011297 -0.993073
1113 /gyrosc/comp 245.192688
1116 /gyrosc/gyro 0.012740 0.117770 0.067572
1119 /gyrosc/comp 245.192688
1123 /gyrosc/gyro 0.014184 0.118195 0.065890
1127 /gyrosc/accel -0.071033 -0.014183 -0.037945
1129 /gyrosc/comp 245.192688
1133 /gyrosc/gyro 0.014933 0.118348 0.065005
1137 /gyrosc/rmatrix 0.990793 0.066265 -0.118059 -0.064952 0.997777 0.014933 0.118786 -0.007127 0.992894
1142 /gyrosc/comp 245.192688
1145 /gyrosc/gyro 0.016538 0.118503 0.063062
1148 /gyrosc/alt 0.243093 101.101280
1151 /gyrosc/comp 245.192688
1154 /gyrosc/gyro 0.018345 0.118522 0.060894
1156 /gyrosc/comp 245.192688
1160 /gyrosc/gyro 0.019346 0.118485 0.059738
1165 /gyrosc/accel -0.074882 -0.007160 -0.032267
1168 /gyrosc/gyro 0.021555 0.118429 0.057331
1171 /gyrosc/mag 30.733170 -31.728790 -236.320160
1174 /gyrosc/comp 245.192688
1177 /gyrosc/gyro 0.023996 0.118455 0.054832
1181 /gyrosc/accel -0.076335 -0.013665 -0.022476
1184 /gyrosc/accel -0.076441 -0.012396 -0.022520
1187 /gyrosc/comp 246.385590
1190 /gyrosc/gyro 0.027772 0.118883 0.050763
1193 /gyrosc/rrate 0.276437 0.030479 -0.253950
1196 /gyrosc/comp 246.385590
1199 /gyrosc/gyro 0.030138 0.119282 0.047828
1203 /gyrosc/comp 246.385590
1207 /gyrosc/gyro 0.031245 0.119560 0.046313
1210 /gyrosc/accel -0.080704 -0.018839 0.006323
1213 /gyrosc/comp 246.385590
1216 /gyrosc/gyro 0.033187 0.120123 0.043144
1219 /gyrosc/accel -0.080004 -0.022117 0.012892
1222 /gyrosc/comp 246.385590
1225 /gyrosc/gyro 0.034758 0.120638 0.039782
1228 /gyrosc/comp 246.385590
1231 /gyrosc/gyro 0.035422 0.120860 0.038032
1236 /gyrosc/rmatrix 0.991825 0.042012 -0.120491 -0.037999 0.998650 0.035415 0.121816 -0.030547 0.992083
1241 /gyrosc/comp 246.385590
1244 /gyrosc/gyro 0.036676 0.121187 0.034459
1248 /gyrosc/mag 30.741241 -31.042877 -236.236267
1251 /gyrosc/comp 246.385590
1254 /gyrosc/gyro 0.038045 0.121366 0.030819
1256 /gyrosc/comp 247.528336
1260 /gyrosc/gyro 0.038848 0.121430 0.028929
1263 /gyrosc/accel -0.080742 -0.016399 -0.008464
1267 /gyrosc/gyro 0.040741 0.121638 0.024934
1270 /gyrosc/grav 0.121238 -0.040730 -0.991787
1273 /gyrosc/comp 247.528336
1276 /gyrosc/gyro 0.042945 0.121924 0.020570
1280 /gyrosc/accel -0.087452 -0.017844 -0.003029
1284 /gyrosc/comp 247.528336
1287 /gyrosc/rrate 0.286077 0.009590 -0.438397
1290 /gyrosc/comp 248.529419
1294 /gyrosc/rmatrix 0.992358 0.018899 -0.121939 -0.013332 0.998838 0.046313 0.122672 -0.044334 0.991457
1299 /gyrosc/comp 248.529419
1301 /gyrosc/gyro 0.048300 0.122551 0.008165
1304 /gyrosc/comp 248.529419
1307 /gyrosc/gyro 0.049158 0.122581 0.005486
1310 /gyrosc/accel -0.087672 -0.030863 0.024226
1313 /gyrosc/comp 248.529419
1315 /gyrosc/gyro 0.050605 0.122547 -0.000051
1466 /gyrosc/comp 248.529419
1469 /gyrosc/gyro 0.051238 0.122516 -0.002887
1473 /gyrosc/accel -0.084863 -0.025810 0.023535
1480 /gyrosc/rmatrix 0.992518 0.003393 -0.122049 0.002884 0.998683 0.051216 0.122062 -0.051185 0.991202
1485 /gyrosc/rrate 0.190506 -0.033807 -0.547665
1490 /gyrosc/quat 0.997798 0.025657 0.061162 0.000128
1493 /gyrosc/grav 0.122049 -0.051216 -0.991202
1496 /gyrosc/mag 31.924088 -30.418030 -236.325485
1499 /gyrosc/comp 248.529419
1502 /gyrosc/rrate 0.184268 0.003609 -0.567686
1505 /gyrosc/grav 0.124310 -0.057039 -0.990603
1510 /gyrosc/gyro 0.063341 0.128836 -0.081606
1673 /gyrosc/mag 33.303757 -29.873749 -236.481033
1677 /gyrosc/comp 254.412811
1681 /gyrosc/gyro 0.067533 0.133437 -0.112675
1685 /gyrosc/accel -0.038591 0.007606 -0.012308
1692 /gyrosc/rmatrix 0.985835 -0.102517 -0.132738 0.112181 0.991394 0.067481 0.124678 -0.081416 0.988851
1696 /gyrosc/comp 256.198975
1699 /gyrosc/gyro 0.068262 0.135476 -0.124465
1702 /gyrosc/accel -0.029417 0.003909 -0.010235
1705 /gyrosc/accel -0.023991 -0.000668 -0.008146
1710 /gyrosc/accel -0.022567 -0.001983 -0.005624
1713 /gyrosc/gyro 0.074686 0.141351 -0.198077
1882 /gyrosc/mag 35.667175 -27.755386 -235.406616
1886 /gyrosc/comp 263.229187
1889 /gyrosc/comp 264.271179
1892 /gyrosc/gyro 0.080150 0.142991 -0.270635
1897 /gyrosc/accel -0.002993 0.047029 -0.055818
1903 /gyrosc/rmatrix 0.956817 -0.253621 -0.142047 0.266486 0.960508 0.080065 0.116131 -0.114461 0.986617
1908 /gyrosc/comp 265.333771
1913 /gyrosc/rmatrix 0.951984 -0.270926 -0.142569 0.284222 0.955186 0.082692 0.113776 -0.119243 0.986325
1919 /gyrosc/mag 36.422989 -27.385071 -235.150864
1924 /gyrosc/quat 0.986246 0.051774 0.064952 -0.142897
1927 /gyrosc/rrate 0.290373 -0.086482 -0.722386
1931 /gyrosc/quat 0.979373 0.063486 0.062302 -0.181428
1935 /gyrosc/mag 39.492035 -24.591599 -234.663391
1938 /gyrosc/comp 276.259766
1941 /gyrosc/grav 0.127109 -0.114562 -0.985251
1945 /gyrosc/gyro 0.117001 0.128495 -0.492515
1948 /gyrosc/comp 277.263855
1951 /gyrosc/gyro 0.118454 0.128798 -0.501308
1955 /gyrosc/mag 41.212143 -23.682007 -234.650055
1959 /gyrosc/comp 277.263855
1964 /gyrosc/rmatrix 0.874920 -0.467163 -0.127572 0.481098 0.868583 0.118777 0.055319 -0.165295 0.984692
1968 /gyrosc/comp 277.263855
1971 /gyrosc/accel -0.003020 0.014009 0.002404
1974 /gyrosc/comp 277.263855
1977 /gyrosc/gyro 0.120315 0.127583 -0.525111
1981 /gyrosc/rrate 0.138220 -0.248090 -1.001316
1984 /gyrosc/comp 278.939789
1986 /gyrosc/comp 278.939789
1989 /gyrosc/gyro 0.120114 0.125377 -0.541120
1993 /gyrosc/accel -0.018389 -0.000261 -0.009413
2001 /gyrosc/rmatrix 0.858123 -0.498210 -0.124147 0.511385 0.850957 0.119826 0.045946 -0.166312 0.985002
2005 /gyrosc/gyro 0.119920 0.124049 -0.552379
2009 /gyrosc/comp 280.617981
2011 /gyrosc/gyro 0.119907 0.123571 -0.558111
2015 /gyrosc/accel -0.020840 0.006827 -0.030421
2018 /gyrosc/comp 281.938171
2021 /gyrosc/gyro 0.120144 0.123059 -0.569750
2024 /gyrosc/comp 281.938171
2027 /gyrosc/gyro 0.120744 0.123220 -0.581554
2030 /gyrosc/comp 281.938171
2033 /gyrosc/gyro 0.121170 0.123554 -0.587472
2037 /gyrosc/comp 283.292236
2041 /gyrosc/gyro 0.122219 0.124611 -0.599297
2044 /gyrosc/accel -0.010325 0.027783 -0.045856
2047 /gyrosc/comp 283.292236
2050 /gyrosc/gyro 0.123366 0.125950 -0.611184
2055 /gyrosc/rmatrix 0.821352 -0.556632 -0.124663 0.569476 0.812745 0.123054 0.032824 -0.172063 0.984539
2059 /gyrosc/comp 283.292236
2062 /gyrosc/accel -0.009554 0.024530 -0.031352
2065 /gyrosc/comp 283.292236
2068 /gyrosc/gyro 0.124957 0.128133 -0.629383
2072 /gyrosc/grav 0.126786 -0.124632 -0.984069
2075 /gyrosc/comp 283.292236
2078 /gyrosc/comp 285.600159
2082 /gyrosc/gyro 0.126238 0.130157 -0.648192
2085 /gyrosc/accel -0.007648 -0.002027 0.010797
2089 /gyrosc/quat 0.945355 0.080335 0.041480 -0.313256
2092 /gyrosc/comp 285.600159
2095 /gyrosc/accel -0.007725 -0.006644 0.014910
2098 /gyrosc/comp 287.080048
2101 /gyrosc/gyro 0.127526 0.132350 -0.674701
2104 /gyrosc/comp 287.080048
2107 /gyrosc/gyro 0.127795 0.132906 -0.681612
2110 /gyrosc/comp 288.662109
2113 /gyrosc/gyro 0.128288 0.134022 -0.695725
2118 /gyrosc/rmatrix 0.771663 -0.622073 -0.132523 0.635675 0.761281 0.127937 0.021302 -0.182966 0.982889
2124 /gyrosc/comp 288.662109
2127 /gyrosc/gyro 0.128735 0.135081 -0.710121
2132 /gyrosc/rmatrix 0.762646 -0.632877 -0.133556 0.646531 0.752008 0.128380 0.019186 -0.184257 0.982691
2136 /gyrosc/comp 288.662109
2140 /gyrosc/gyro 0.128955 0.135593 -0.717384
2143 /gyrosc/accel 0.002633 0.007138 0.014317
2146 /gyrosc/accel 0.007671 0.013840 0.012046
2149 /gyrosc/comp 290.309601
2152 /gyrosc/gyro 0.129825 0.137733 -0.746601
2156 /gyrosc/comp 291.972931
2159 /gyrosc/gyro 0.130078 0.138301 -0.753910
2162 /gyrosc/comp 291.972931
2165 /gyrosc/gyro 0.130614 0.139599 -0.768517
2169 /gyrosc/grav 0.137961 -0.130243 -0.981837
2172 /gyrosc/comp 291.972931
2175 /gyrosc/gyro 0.131126 0.141131 -0.783124
2178 /gyrosc/comp 293.631897
2181 /gyrosc/gyro 0.131326 0.142016 -0.790426
2185 /gyrosc/accel 0.020858 0.020139 0.011896
2191 /gyrosc/rmatrix 0.709632 -0.690459 -0.140320 0.704533 0.697485 0.130949 0.007457 -0.191785 0.981409
2195 /gyrosc/gyro 0.131539 0.143934 -0.804994
2200 /gyrosc/accel 0.023344 0.016338 0.015335
2203 /gyrosc/comp 295.285309
2206 /gyrosc/accel 0.022385 0.016341 0.015195
2209 /gyrosc/comp 295.285309
2213 /gyrosc/gyro 0.131366 0.146716 -0.826799
2216 /gyrosc/comp 296.943726
2219 /gyrosc/quat 0.910324 0.089795 0.040798 -0.401973
2222 /gyrosc/comp 296.943726
2225 /gyrosc/gyro 0.130894 0.148954 -0.848765
2228 /gyrosc/comp 296.943726
2232 /gyrosc/gyro 0.130631 0.150185 -0.863664
2236 /gyrosc/rmatrix 0.657160 -0.739008 -0.148347 0.753751 0.644121 0.130260 -0.000710 -0.197418 0.980319
2242 /gyrosc/comp 298.643707
2245 /gyrosc/gyro 0.130597 0.151330 -0.878758
2248 /gyrosc/comp 298.643707
2251 /gyrosc/gyro 0.130703 0.151874 -0.886360
2255 /gyrosc/accel 0.031457 0.009558 -0.006575
2258 /gyrosc/comp 300.379395
2260 /gyrosc/comp 300.379395
2263 /gyrosc/gyro 0.131676 0.153949 -0.917097
2267 /gyrosc/accel 0.031168 0.010202 -0.004283
2270 /gyrosc/comp 300.379395
2273 /gyrosc/gyro 0.131948 0.154455 -0.924836
2277 /gyrosc/grav 0.152504 -0.131565 -0.979506
2281 /gyrosc/comp 302.137238
2284 /gyrosc/gyro 0.132396 0.155481 -0.940286
2287 /gyrosc/accel 0.035312 0.009634 0.010373
2291 /gyrosc/comp 302.137238
2294 /gyrosc/gyro 0.132626 0.156518 -0.955637
2297 /gyrosc/comp 303.885986
2300 /gyrosc/gyro 0.132630 0.157030 -0.963261
2303 /gyrosc/accel 0.041536 0.005654 0.018527
2306 /gyrosc/comp 303.885986
2309 /gyrosc/accel 0.044061 0.004834 0.026083
2312 /gyrosc/comp 303.885986
2315 /gyrosc/gyro 0.131894 0.158656 -0.993601
2319 /gyrosc/accel 0.044842 0.004803 0.027204
2323 /gyrosc/comp 305.621460
2326 /gyrosc/gyro 0.131566 0.158869 -1.001183
2329 /gyrosc/comp 305.621460
2332 /gyrosc/gyro 0.130876 0.158968 -1.016382
2337 /gyrosc/rmatrix 0.537372 -0.828613 -0.156945 0.842938 0.521943 0.130502 -0.026220 -0.202423 0.978947
2342 /gyrosc/comp 307.369202
2344 /gyrosc/rrate 0.187408 -0.248618 -1.504247
2348 /gyrosc/comp 307.369202
2351 /gyrosc/gyro 0.130019 0.158344 -1.039369
2355 /gyrosc/accel 0.056950 -0.001085 0.004011
2358 /gyrosc/comp 309.145813
2362 /gyrosc/rmatrix 0.504889 -0.849060 -0.155510 0.862524 0.489204 0.129353 -0.033753 -0.199440 0.979329
2368 /gyrosc/comp 309.145813
2371 /gyrosc/gyro 0.129739 0.156336 -1.070459
2374 /gyrosc/comp 309.145813
2377 /gyrosc/gyro 0.129850 0.155713 -1.078279
2380 /gyrosc/accel 0.054641 0.009215 -0.021835
2383 /gyrosc/comp 310.943268
2386 /gyrosc/comp 310.943268
2389 /gyrosc/gyro 0.130584 0.153404 -1.109472
2393 /gyrosc/accel 0.055865 0.011988 -0.020325
2398 /gyrosc/rmatrix 0.457724 -0.876091 -0.151502 0.887840 0.441345 0.130213 -0.047214 -0.194111 0.979843
2403 /gyrosc/comp 312.730225
2406 /gyrosc/gyro 0.130744 0.152922 -1.117203
2410 /gyrosc/accel 0.056340 0.012147 -0.020273
2414 /gyrosc/gyro 0.130888 0.152137 -1.132530
2417 /gyrosc/comp 312.730225
2420 /gyrosc/gyro 0.130773 0.151512 -1.147663
2423 /gyrosc/comp 314.480682
2426 /gyrosc/gyro 0.130614 0.151227 -1.155161
2429 /gyrosc/comp 314.480682
2432 /gyrosc/gyro 0.130086 0.150620 -1.170091
2435 /gyrosc/comp 316.203705
2438 /gyrosc/gyro 0.129370 0.149912 -1.185078
2443 /gyrosc/rmatrix 0.389857 -0.908888 -0.148103 0.918786 0.373081 0.129010 -0.062001 -0.186370 0.980521
2449 /gyrosc/comp 316.203705
2452 /gyrosc/gyro 0.128984 0.149532 -1.192588
2457 /gyrosc/rmatrix 0.382943 -0.911881 -0.147738 0.921608 0.366189 0.128626 -0.063192 -0.185413 0.980627
2461 /gyrosc/comp 317.221863
2465 /gyrosc/gyro 0.128257 0.148753 -1.207655
2468 /gyrosc/rrate 0.157677 -0.274558 -1.483273
2471 /gyrosc/gyro 0.127683 0.147858 -1.222763
2474 /gyrosc/comp 317.221863
2477 /gyrosc/gyro 0.127472 0.147352 -1.230319
2482 /gyrosc/comp 318.259399
2485 /gyrosc/gyro 0.127243 0.146192 -1.245419
2488 /gyrosc/comp 318.259399
2491 /gyrosc/gyro 0.127185 0.145549 -1.252988
2494 /gyrosc/accel 0.043544 -0.007817 -0.005275
2498 /gyrosc/quat 0.809020 0.093889 0.021622 -0.579831
2502 /gyrosc/gyro 0.127161 0.144189 -1.268213
2505 /gyrosc/comp 319.302368
2508 /gyrosc/gyro 0.127125 0.142768 -1.283496
2512 /gyrosc/accel 0.044656 -0.007708 0.009579
2515 /gyrosc/comp 319.302368
2518 /gyrosc/gyro 0.126951 0.141329 -1.298785
2522 /gyrosc/comp 320.379913
2525 /gyrosc/gyro 0.126806 0.140582 -1.306417
2528 /gyrosc/accel 0.042967 -0.011977 0.019065
2531 /gyrosc/comp 320.379913
2535 /gyrosc/gyro 0.126426 0.139069 -1.321660
2537 /gyrosc/comp 320.379913
2541 /gyrosc/gyro 0.126214 0.138311 -1.329294
2546 /gyrosc/rmatrix 0.253729 -0.957556 -0.136774 0.963256 0.237259 0.125880 -0.088086 -0.163688 0.982572
2550 /gyrosc/comp 320.379913
2553 /gyrosc/gyro 0.125783 0.136760 -1.344627
2557 /gyrosc/comp 320.379913
2559 /gyrosc/gyro 0.125417 0.135116 -1.360076
2564 /gyrosc/accel 0.035389 -0.000248 0.018137
2567 /gyrosc/comp 321.891907
2570 /gyrosc/mag 51.736725 -8.667740 -233.765564
2573 /gyrosc/comp 321.891907
2577 /gyrosc/gyro 0.125146 0.132310 -1.383509
2579 /gyrosc/comp 321.891907
2583 /gyrosc/gyro 0.125315 0.130261 -1.399265
2586 /gyrosc/grav 0.128875 -0.124987 -0.983753
2589 /gyrosc/comp 321.891907
2593 /gyrosc/gyro 0.125508 0.129224 -1.407194
2596 /gyrosc/accel 0.035265 0.017864 0.003622
2599 /gyrosc/comp 323.562683
2602 /gyrosc/gyro 0.126038 0.127111 -1.423164
2606 /gyrosc/comp 323.562683
2610 /gyrosc/gyro 0.126554 0.124962 -1.439316
2613 /gyrosc/accel 0.038728 0.029567 0.008651
2616 /gyrosc/comp 323.562683
2619 /gyrosc/accel 0.043941 0.026954 0.012425
2622 /gyrosc/comp 324.787720
2625 /gyrosc/accel 0.051185 0.024268 0.018397
2628 /gyrosc/comp 324.787720
2631 /gyrosc/gyro 0.125841 0.119617 -1.480354
2635 /gyrosc/accel 0.045323 0.032949 0.018802
2637 /gyrosc/comp 324.787720
2641 /gyrosc/accel 0.046334 0.032164 0.019022
2644 /gyrosc/comp 324.787720
2648 /gyrosc/gyro 0.122624 0.116765 -1.505811
2652 /gyrosc/accel 0.025580 0.051150 0.016373
2655 /gyrosc/comp 324.787720
2658 /gyrosc/gyro 0.119107 0.115708 -1.523120
2662 /gyrosc/accel 0.002724 0.076757 0.007547
2665 /gyrosc/comp 326.583740
2668 /gyrosc/accel -0.007108 0.099579 -0.007534
2670 /gyrosc/comp 326.583740
2673 /gyrosc/gyro 0.112696 0.116130 -1.548933
2677 /gyrosc/accel -0.005027 0.108567 -0.026037
2680 /gyrosc/comp 326.583740
2683 /gyrosc/gyro 0.108351 0.117476 -1.565825
2686 /gyrosc/comp 326.583740
2690 /gyrosc/gyro 0.106353 0.118463 -1.574089
2694 /gyrosc/accel 0.002172 0.115125 -0.043060
2699 /gyrosc/rmatrix 0.009276 -0.993027 -0.117518 0.994344 -0.003274 0.106153 -0.105798 -0.117838 0.987381
2704 /gyrosc/gyro 0.102970 0.120665 -1.590162
2708 /gyrosc/grav 0.119735 -0.102788 -0.987471
2710 /gyrosc/comp 327.960693
2713 /gyrosc/gyro 0.100519 0.122530 -1.605712
2717 /gyrosc/accel 0.047018 0.102547 -0.036891
2720 /gyrosc/gyro 0.099614 0.123158 -1.613357
2723 /gyrosc/comp 327.960693
2727 /gyrosc/accel 0.067436 0.084901 -0.006844
2731 /gyrosc/comp 327.960693
2734 /gyrosc/gyro 0.097177 0.122309 -1.643819
2737 /gyrosc/quat 0.680923 0.077717 0.006053 -0.728194
2741 /gyrosc/comp 329.085114
2744 /gyrosc/gyro 0.096612 0.121230 -1.651485
2748 /gyrosc/rrate 0.067162 -0.392490 -1.522860
2751 /gyrosc/gyro 0.095246 0.118288 -1.666913
2755 /gyrosc/quat 0.672468 0.075656 0.004517 -0.736236
2758 /gyrosc/comp 329.085114
2761 /gyrosc/accel 0.052196 0.052423 0.015274
2764 /gyrosc/comp 329.085114
2767 /gyrosc/gyro 0.092284 0.112450 -1.690084
2771 /gyrosc/comp 329.085114
2774 /gyrosc/gyro 0.089708 0.108326 -1.705470
2777 /gyrosc/grav 0.107679 -0.089588 -0.990141
2780 /gyrosc/comp 330.314789
2783 /gyrosc/accel 0.005164 0.071284 -0.020635
2786 /gyrosc/rrate -0.143108 -0.503332 -1.537904
2790 /gyrosc/comp 330.314789
2793 /gyrosc/accel 0.006966 0.069749 -0.020315
2795 /gyrosc/comp 330.314789
2798 /gyrosc/gyro 0.082070 0.099085 -1.743713
2802 /gyrosc/accel -0.012439 0.082466 -0.040740
2805 /gyrosc/comp 330.314789
2808 /gyrosc/gyro 0.080452 0.097390 -1.751400
2811 /gyrosc/comp 330.314789
2815 /gyrosc/gyro 0.077223 0.094208 -1.766878
2818 /gyrosc/accel -0.045464 0.099118 -0.080766
2821 /gyrosc/comp 331.608643
2824 /gyrosc/gyro 0.074149 0.091485 -1.782502
2827 /gyrosc/rrate -0.148060 -0.358543 -1.577308
2830 /gyrosc/comp 331.608643
2833 /gyrosc/accel -0.059570 0.104011 -0.094814
2836 /gyrosc/comp 331.608643
2839 /gyrosc/gyro 0.070258 0.088461 -1.806346
2842 /gyrosc/accel -0.065072 0.106913 -0.108708
2845 /gyrosc/comp 331.608643
2849 /gyrosc/gyro 0.068323 0.087353 -1.822302
2852 /gyrosc/accel -0.064074 0.106722 -0.111850
2855 /gyrosc/comp 331.608643
2859 /gyrosc/gyro 0.067572 0.087067 -1.830239
2862 /gyrosc/rrate 0.001250 -0.145426 -1.576295
2865 /gyrosc/comp 333.096832
2868 /gyrosc/accel -0.055327 0.115275 -0.092528
2871 /gyrosc/comp 333.096832
2874 /gyrosc/gyro 0.065766 0.087364 -1.861375
2877 /gyrosc/accel -0.045973 0.116286 -0.069169
2880 /gyrosc/comp 333.096832
2885 /gyrosc/rmatrix -0.287197 -0.953886 -0.087286 0.953819 -0.293165 0.065443 -0.088014 -0.064460 0.994031
2891 /gyrosc/comp 333.096832
2894 /gyrosc/gyro 0.064958 0.087950 -1.884008
2897 /gyrosc/accel -0.040899 0.117021 -0.047561
2900 /gyrosc/comp 333.096832
2903 /gyrosc/gyro 0.064392 0.087999 -1.898702
2907 /gyrosc/accel -0.035427 0.110765 -0.028700
2912 /gyrosc/rmatrix -0.322319 -0.942573 -0.087552 0.942427 -0.328219 0.064053 -0.089111 -0.061866 0.994099
2916 /gyrosc/comp 334.494598
2919 /gyrosc/gyro 0.063535 0.087152 -1.920178
2923 /gyrosc/grav 0.086866 -0.063493 -0.994195
2927 /gyrosc/comp 334.494598
2930 /gyrosc/gyro 0.063129 0.086059 -1.934241
2933 /gyrosc/comp 334.494598
2935 /gyrosc/comp 335.764954
2938 /gyrosc/gyro 0.063020 0.084135 -1.955319
2942 /gyrosc/accel -0.044105 0.072255 -0.012367
2944 /gyrosc/comp 335.764954
2948 /gyrosc/gyro 0.063296 0.082921 -1.969441
2951 /gyrosc/accel -0.049915 0.064307 -0.013824
2954 /gyrosc/comp 335.764954
2957 /gyrosc/gyro 0.063499 0.082371 -1.976548
2960 /gyrosc/grav 0.082112 -0.063457 -0.994601
2963 /gyrosc/comp 335.764954
2966 /gyrosc/gyro 0.063883 0.081358 -1.990891
2970 /gyrosc/comp 335.764954
2974 /gyrosc/gyro 0.064062 0.080328 -2.005316
2977 /gyrosc/accel -0.058272 0.052894 -0.009938
2979 /gyrosc/comp 337.128448
2982 /gyrosc/gyro 0.064053 0.079789 -2.012544
2986 /gyrosc/accel -0.057736 0.052885 -0.009895
2989 /gyrosc/comp 337.128448
2992 /gyrosc/accel -0.051659 0.050990 -0.014370
2995 /gyrosc/comp 337.128448
2998 /gyrosc/gyro 0.063670 0.077324 -2.041315
3002 /gyrosc/accel -0.043978 0.053068 -0.025394
3006 /gyrosc/rmatrix -0.447613 -0.890898 -0.077090 0.889527 -0.452430 0.063627 -0.091563 -0.040093 0.994992
3012 /gyrosc/comp 337.128448
3014 /gyrosc/comp 337.128448
3016 /gyrosc/gyro 0.063373 0.075739 -2.062577
3020 /gyrosc/accel -0.036819 0.068015 -0.045350
3024 /gyrosc/rmatrix -0.466618 -0.881229 -0.075515 0.879724 -0.471248 0.063330 -0.091395 -0.036881 0.995132
3050 /gyrosc/comp 338.529541
3054 /gyrosc/gyro 0.063401 0.075151 -2.076390
3058 /gyrosc/accel -0.031640 0.069950 -0.050053
3064 /gyrosc/rmatrix -0.478798 -0.874722 -0.074929 0.873129 -0.483354 0.063359 -0.091638 -0.035087 0.995174
3070 /gyrosc/rrate 0.119937 -0.124197 -1.346820
3075 /gyrosc/quat 0.508188 0.048430 -0.008220 -0.859844
3078 /gyrosc/grav 0.074929 -0.063359 -0.995174
3082 /gyrosc/mag 53.230179 1.743164 -234.667343
3085 /gyrosc/alt 0.348785 101.100029
3088 /gyrosc/mag 52.947647 2.922089 -235.041992
3091 /gyrosc/comp 339.775055
3094 /gyrosc/gyro 0.068251 0.076439 -2.147954
3098 /gyrosc/mag 52.244476 4.141846 -235.006653
3103 /gyrosc/rmatrix -0.555718 -0.827851 -0.076412 0.825263 -0.560421 0.069772 -0.100584 -0.024286 0.994632
3109 /gyrosc/comp 341.005737
3111 /gyrosc/gyro 0.070598 0.076656 -2.180481
3115 /gyrosc/rrate 0.158428 -0.101448 -1.300829
3118 /gyrosc/comp 341.005737
3121 /gyrosc/gyro 0.070989 0.076572 -2.193710
3124 /gyrosc/comp 341.005737
3126 /gyrosc/gyro 0.071056 0.076533 -2.200306
3129 /gyrosc/comp 341.005737
3132 /gyrosc/accel -0.017480 0.031274 0.025733
3135 /gyrosc/comp 341.005737
3138 /gyrosc/gyro 0.070822 0.076625 -2.226227
3143 /gyrosc/rmatrix -0.603418 -0.793761 -0.076358 0.790798 -0.607973 0.070763 -0.102593 -0.017684 0.994566
3148 /gyrosc/comp 342.357086
3152 /gyrosc/gyro 0.070736 0.076670 -2.232559
3155 /gyrosc/accel -0.001880 0.048109 0.007234
3158 /gyrosc/comp 342.357086
3161 /gyrosc/gyro 0.070624 0.076674 -2.245020
3164 /gyrosc/accel 0.006539 0.052834 -0.002631
3168 /gyrosc/gyro 0.070706 0.076433 -2.257218
3173 /gyrosc/rmatrix -0.627750 -0.774679 -0.076168 0.771586 -0.632189 0.070647 -0.102882 -0.014421 0.994589
3177 /gyrosc/comp 342.357086
3183 /gyrosc/rmatrix -0.632398 -0.770912 -0.075937 0.767774 -0.636797 0.070792 -0.102931 -0.013534 0.994596
3187 /gyrosc/comp 342.357086
3190 /gyrosc/gyro 0.071334 0.075598 -2.275032
3193 /gyrosc/comp 342.357086
3196 /gyrosc/gyro 0.072061 0.074980 -2.286700
3199 /gyrosc/comp 342.357086
3202 /gyrosc/gyro 0.072480 0.074705 -2.292477
3205 /gyrosc/comp 342.357086
3208 /gyrosc/gyro 0.073330 0.074274 -2.303859
3211 /gyrosc/rrate 0.163331 -0.111119 -1.110360
3214 /gyrosc/comp 342.357086
3217 /gyrosc/accel 0.013010 0.062237 -0.043017
3221 /gyrosc/comp 343.875702
3224 /gyrosc/gyro 0.074393 0.074223 -2.320408
3227 /gyrosc/accel 0.012919 0.062560 -0.043048
3230 /gyrosc/comp 343.875702
3233 /gyrosc/gyro 0.075011 0.074713 -2.330986
3236 /gyrosc/comp 343.875702
3239 /gyrosc/gyro 0.075682 0.075490 -2.341214
3242 /gyrosc/rrate 0.148118 0.005922 -0.988880
3245 /gyrosc/comp 343.875702
3248 /gyrosc/gyro 0.076075 0.075881 -2.346207
3252 /gyrosc/grav 0.075589 -0.076002 -0.994238
3255 /gyrosc/comp 343.875702
3258 /gyrosc/gyro 0.077008 0.076520 -2.356020
3262 /gyrosc/comp 343.875702
3265 /gyrosc/gyro 0.078144 0.076857 -2.365675
3268 /gyrosc/accel 0.012442 0.049745 -0.027143
3273 /gyrosc/rmatrix -0.707473 -0.702582 -0.076547 0.698234 -0.711600 0.078065 -0.109318 0.001781 0.994005
3278 /gyrosc/gyro 0.078777 0.076923 -2.370459
3283 /gyrosc/rmatrix -0.710786 -0.699224 -0.076609 0.694787 -0.714897 0.078695 -0.109793 0.002709 0.993951
3287 /gyrosc/comp 343.875702
3291 /gyrosc/accel 0.007330 0.044438 -0.020448
3297 /gyrosc/rmatrix -0.717352 -0.692489 -0.076578 0.687870 -0.721413 0.079991 -0.110637 0.004706 0.993850
3304 /gyrosc/rrate 0.200085 -0.085169 -0.934489
3308 /gyrosc/quat 0.372520 0.050524 -0.022857 -0.926366
3312 /gyrosc/grav 0.076578 -0.079991 -0.993850
3316 /gyrosc/mag 49.367828 9.027359 -236.226105
3319 /gyrosc/comp 345.128021
3322 /gyrosc/gyro 0.081311 0.076789 -2.389539
3326 /gyrosc/rrate 0.145663 -0.079563 -0.925626
3329 /gyrosc/gyro 0.083558 0.076787 -2.417807
3333 /gyrosc/comp 345.128021
3338 /gyrosc/rmatrix -0.748882 -0.658239 -0.076789 0.653008 -0.752704 0.083767 -0.112939 0.012588 0.993522
3343 /gyrosc/comp 345.128021
3346 /gyrosc/gyro 0.084122 0.077512 -2.436077
3352 /gyrosc/rmatrix -0.754773 -0.651433 -0.077160 0.646134 -0.758585 0.084022 -0.113268 0.013562 0.993472
3356 /gyrosc/comp 346.344391
3359 /gyrosc/gyro 0.084276 0.077658 -2.440585
3363 /gyrosc/comp 346.344391
3365 /gyrosc/comp 346.344391
3368 /gyrosc/gyro 0.085318 0.077883 -2.458456
3374 /gyrosc/rmatrix -0.769060 -0.634457 -0.077521 0.628933 -0.772775 0.085214 -0.113971 0.016779 0.993342
3381 /gyrosc/gyro 0.085708 0.077894 -2.462885
3384 /gyrosc/accel -0.023223 0.047212 -0.018960
3387 /gyrosc/comp 346.344391
3391 /gyrosc/accel -0.026620 0.048386 -0.018681
3394 /gyrosc/comp 346.344391
3397 /gyrosc/gyro 0.087136 0.078126 -2.476016
3401 /gyrosc/gyro 0.088144 0.078598 -2.484650
3404 /gyrosc/comp 347.484283
3407 /gyrosc/gyro 0.089123 0.079222 -2.493106
3411 /gyrosc/accel -0.028959 0.048538 0.000888
3414 /gyrosc/comp 347.484283
3417 /gyrosc/gyro 0.089582 0.079559 -2.497237
3424 /gyrosc/rmatrix -0.792687 -0.604467 -0.079156 0.598275 -0.796281 0.089463 -0.117108 0.023559 0.992840
3428 /gyrosc/comp 347.484283
3433 /gyrosc/rmatrix -0.797430 -0.598107 -0.079827 0.591767 -0.801032 0.090326 -0.117969 0.024790 0.992708
3438 /gyrosc/grav 0.079827 -0.090326 -0.992708
3442 /gyrosc/accel -0.027199 0.044026 0.015359
3445 /gyrosc/mag 46.693756 11.919434 -236.333817
3448 /gyrosc/comp 347.484283
3451 /gyrosc/comp 347.484283
3454 /gyrosc/gyro 0.092234 0.081126 -2.525044
3457 /gyrosc/comp 347.484283
3463 /gyrosc/rmatrix -0.813368 -0.576119 -0.080736 0.569385 -0.816838 0.092604 -0.119299 0.029351 0.992424
3467 /gyrosc/comp 347.484283
3470 /gyrosc/gyro 0.092945 0.081180 -2.536738
3474 /gyrosc/comp 347.484283
3477 /gyrosc/gyro 0.093287 0.081228 -2.544469
3480 /gyrosc/accel -0.030447 0.045117 0.009886
3483 /gyrosc/comp 347.484283
3486 /gyrosc/comp 348.733887
3489 /gyrosc/gyro 0.093913 0.081355 -2.555806
3494 /gyrosc/rmatrix -0.826308 -0.557376 -0.080907 0.550419 -0.829606 0.093775 -0.119389 0.032954 0.992301
3500 /gyrosc/comp 348.733887
3503 /gyrosc/gyro 0.094567 0.081440 -2.563094
3507 /gyrosc/grav 0.080987 -0.094426 -0.992232
3510 /gyrosc/comp 348.733887
3514 /gyrosc/gyro 0.095552 0.081643 -2.570088
3517 /gyrosc/comp 348.733887
3520 /gyrosc/gyro 0.096182 0.081819 -2.573467
3524 /gyrosc/accel -0.024053 0.066019 -0.029253
3527 /gyrosc/grav 0.081350 -0.096033 -0.992048
3530 /gyrosc/comp 348.733887
3534 /gyrosc/gyro 0.099012 0.082435 -2.586452
3537 /gyrosc/grav 0.081938 -0.098851 -0.991723
3540 /gyrosc/comp 348.733887
3544 /gyrosc/accel -0.016198 0.055822 -0.013327
3548 /gyrosc/comp 348.733887
3551 /gyrosc/gyro 0.100690 0.082224 -2.595855
3554 /gyrosc/quat 0.270918 0.053080 -0.037359 -0.960411
3558 /gyrosc/comp 348.733887
3561 /gyrosc/gyro 0.101535 0.082042 -2.601896
3564 /gyrosc/comp 348.733887
3567 /gyrosc/gyro 0.101889 0.082013 -2.604847
3571 /gyrosc/grav 0.081496 -0.101713 -0.991470
3574 /gyrosc/comp 348.733887
3577 /gyrosc/gyro 0.102542 0.082131 -2.610635
3580 /gyrosc/comp 348.733887
3583 /gyrosc/gyro 0.103233 0.082522 -2.616283
3587 /gyrosc/comp 348.733887
3591 /gyrosc/gyro 0.103606 0.082798 -2.619072
3594 /gyrosc/accel -0.007248 0.024884 -0.005306
3597 /gyrosc/comp 348.733887
3600 /gyrosc/gyro 0.104376 0.083370 -2.624580
3603 /gyrosc/rrate 0.118330 -0.004460 -0.533550
3606 /gyrosc/gyro 0.104739 0.083615 -2.627318
3610 /gyrosc/accel 0.001657 0.017374 0.000735
3614 /gyrosc/comp 349.852448
3621 /gyrosc/gyro 0.105381 0.083933 -2.632776
3625 /gyrosc/accel 0.008915 0.010170 0.009461
3630 /gyrosc/rmatrix -0.865951 -0.493130 -0.083370 0.484442 -0.868476 0.105186 -0.124275 0.050698 0.990952
3636 /gyrosc/rrate 0.100153 -0.040683 -0.534642
3641 /gyrosc/quat 0.253241 0.053791 -0.040382 -0.965062
3644 /gyrosc/grav 0.083370 -0.105186 -0.990952
3648 /gyrosc/mag 44.012527 13.766022 -236.044205
3651 /gyrosc/gyro 0.105871 0.083772 -2.644062
3654 /gyrosc/comp 349.852448
3657 /gyrosc/comp 349.852448
3660 /gyrosc/accel 0.014866 0.004900 -0.007174
3663 /gyrosc/comp 349.852448
3666 /gyrosc/gyro 0.104915 0.083337 -2.662684
3670 /gyrosc/comp 349.852448
3674 /gyrosc/gyro 0.104932 0.083700 -2.669055
3677 /gyrosc/accel 0.021105 0.015888 -0.021494
3680 /gyrosc/comp 349.852448
3683 /gyrosc/gyro 0.105462 0.084332 -2.675356
3687 /gyrosc/accel 0.031226 0.027492 -0.034435
3690 /gyrosc/comp 349.852448
3693 /gyrosc/gyro 0.105950 0.084701 -2.678459
3696 /gyrosc/comp 349.852448
3699 /gyrosc/gyro 0.107371 0.085398 -2.684591
3703 /gyrosc/accel 0.049291 0.039339 -0.043104
3706 /gyrosc/comp 349.852448
3709 /gyrosc/gyro 0.108289 0.085696 -2.687644
3714 /gyrosc/accel 0.049005 0.040252 -0.043228
3717 /gyrosc/comp 349.852448
3720 /gyrosc/gyro 0.110412 0.086217 -2.693808
3724 /gyrosc/grav 0.085586 -0.110188 -0.990219
3727 /gyrosc/accel 0.047245 0.044666 -0.023912
3731 /gyrosc/comp 349.852448
3734 /gyrosc/gyro 0.113701 0.086672 -2.703388
3737 /gyrosc/accel 0.041697 0.048392 -0.012353
3740 /gyrosc/comp 349.852448
3743 /gyrosc/accel 0.039296 0.049294 -0.005575
3746 /gyrosc/comp 351.027588
3750 /gyrosc/gyro 0.117184 0.087381 -2.716717
3752 /gyrosc/comp 351.027588
3757 /gyrosc/gyro 0.117815 0.087685 -2.720101
3761 /gyrosc/accel 0.038706 0.053394 -0.000555
3764 /gyrosc/comp 351.027588
3767 /gyrosc/gyro 0.118830 0.088495 -2.726845
3772 /gyrosc/rmatrix -0.907414 -0.410972 -0.087756 0.400118 -0.908764 0.118550 -0.128470 0.072461 0.989063
3777 /gyrosc/comp 351.027588
3780 /gyrosc/gyro 0.119629 0.089587 -2.733412
3783 /gyrosc/comp 351.027588
3786 /gyrosc/gyro 0.119996 0.090231 -2.736612
3790 /gyrosc/comp 351.027588
3793 /gyrosc/gyro 0.120719 0.091628 -2.742907
3795 /gyrosc/comp 351.027588
3800 /gyrosc/gyro 0.121463 0.093072 -2.749083
3803 /gyrosc/accel 0.044893 0.086115 -0.018423
3806 /gyrosc/comp 351.027588
3810 /gyrosc/gyro 0.121881 0.093758 -2.752120
3813 /gyrosc/comp 351.027588
3816 /gyrosc/gyro 0.122853 0.094972 -2.758100
3820 /gyrosc/accel 0.051149 0.079454 -0.015824
3825 /gyrosc/rmatrix -0.918836 -0.383252 -0.094115 0.371342 -0.920374 0.122545 -0.133586 0.077650 0.987990
3830 /gyrosc/comp 351.027588
3833 /gyrosc/gyro 0.124008 0.095720 -2.764026
3837 /gyrosc/gyro 0.124643 0.095857 -2.767006
3842 /gyrosc/grav 0.094968 -0.124320 -0.987687
3844 /gyrosc/comp 352.242950
3848 /gyrosc/gyro 0.125948 0.095637 -2.773080
3851 /gyrosc/gyro 0.127100 0.094777 -2.779361
3855 /gyrosc/accel 0.056503 0.051899 -0.004034
3858 /gyrosc/comp 352.242950
3861 /gyrosc/quat 0.180934 0.057557 -0.054268 -0.980309
3865 /gyrosc/comp 352.242950
3868 /gyrosc/gyro 0.128286 0.092439 -2.789180
3871 /gyrosc/comp 352.242950
3874 /gyrosc/gyro 0.128686 0.090529 -2.795977
3877 /gyrosc/grav 0.089658 -0.128331 -0.987670
3882 /gyrosc/comp 352.242950
3885 /gyrosc/gyro 0.128825 0.089588 -2.799423
3888 /gyrosc/comp 353.283875
3891 /gyrosc/gyro 0.129106 0.087986 -2.806356
3895 /gyrosc/accel 0.025484 0.060175 -0.067472
3898 /gyrosc/comp 353.283875
3901 /gyrosc/accel 0.017821 0.064976 -0.084641
3904 /gyrosc/comp 353.283875
3907 /gyrosc/gyro 0.129816 0.086886 -2.816723
3911 /gyrosc/rrate 0.120409 -0.095852 -0.670727
3915 /gyrosc/quat 0.164009 0.053247 -0.056939 -0.983374
3919 /gyrosc/gyro 0.130444 0.087227 -2.823574
3923 /gyrosc/comp 353.283875
3926 /gyrosc/gyro 0.131111 0.088284 -2.830361
3930 /gyrosc/accel 0.000828 0.063002 -0.080940
3933 /gyrosc/grav 0.087413 -0.130735 -0.987556
3936 /gyrosc/comp 353.283875
3939 /gyrosc/comp 353.283875
3942 /gyrosc/accel -0.005389 0.034794 -0.040780
3945 /gyrosc/comp 354.512848
3948 /gyrosc/gyro 0.132456 0.091641 -2.847641
3953 /gyrosc/rmatrix -0.949588 -0.300089 -0.090711 0.287199 -0.948722 0.132069 -0.125693 0.099359 0.987081
3958 /gyrosc/comp 354.512848
3961 /gyrosc/gyro 0.132643 0.092086 -2.851303
3966 /gyrosc/grav 0.091148 -0.132254 -0.987016
3969 /gyrosc/comp 354.512848
3974 /gyrosc/rmatrix -0.952798 -0.289462 -0.091583 0.276423 -0.951841 0.132622 -0.125562 0.101047 0.986926
3978 /gyrosc/alt 0.391064 101.099510
3982 /gyrosc/grav 0.091442 -0.133004 -0.986888
3984 /gyrosc/comp 354.512848
3989 /gyrosc/rmatrix -0.956376 -0.277536 -0.091200 0.264478 -0.955149 0.133201 -0.124078 0.103269 0.986884
3993 /gyrosc/comp 355.622253
3996 /gyrosc/gyro 0.133960 0.091412 -2.880667
3999 /gyrosc/comp 355.622253
4003 /gyrosc/accel -0.014219 -0.025679 0.009141
4006 /gyrosc/comp 355.622253
4009 /gyrosc/gyro 0.134278 0.090152 -2.895654
4012 /gyrosc/comp 355.622253
4016 /gyrosc/gyro 0.134323 0.089631 -2.906178
4019 /gyrosc/accel -0.014486 -0.020454 -0.005906
4022 /gyrosc/comp 355.622253
4025 /gyrosc/gyro 0.134309 0.089537 -2.911516
4028 /gyrosc/accel -0.010731 -0.014028 -0.014700
4032 /gyrosc/grav 0.088612 -0.133906 -0.987024
4035 /gyrosc/accel -0.006231 -0.006387 -0.020360
4038 /gyrosc/comp 357.263000
4042 /gyrosc/gyro 0.134429 0.090268 -2.932926
4046 /gyrosc/accel -0.002189 0.000937 -0.020686
4049 /gyrosc/comp 357.263000
4052 /gyrosc/gyro 0.134578 0.090644 -2.938311
4055 /gyrosc/mag 38.686722 18.216888 -237.857315
4058 /gyrosc/comp 357.263000
4061 /gyrosc/comp 359.077637
4064 /gyrosc/gyro 0.135849 0.092442 -2.960625
4067 /gyrosc/accel -0.001143 -0.002890 -0.013871
4070 /gyrosc/comp 359.077637
4073 /gyrosc/gyro 0.136308 0.092907 -2.966506
4076 /gyrosc/comp 359.077637
4079 /gyrosc/gyro 0.137357 0.093795 -2.978706
4084 /gyrosc/accel -0.002489 -0.011558 0.001349
4086 /gyrosc/comp 0.148558
4090 /gyrosc/gyro 0.138533 0.094639 -2.991451
4094 /gyrosc/rmatrix -0.982374 -0.161811 -0.093592 0.148145 -0.979277 0.138090 -0.113997 0.121791 0.985988
4099 /gyrosc/comp 0.148558
4102 /gyrosc/gyro 0.139131 0.095052 -2.998013
4105 /gyrosc/comp 1.340895
4108 /gyrosc/gyro 0.140275 0.095890 -3.011453
4111 /gyrosc/accel 0.000015 -0.004411 0.021243
4115 /gyrosc/comp 1.340895
4118 /gyrosc/gyro 0.141271 0.096741 -3.025237
4121 /gyrosc/comp 1.340895
4125 /gyrosc/gyro 0.141677 0.097201 -3.032218
4128 /gyrosc/accel 0.010248 0.007796 0.027391
4132 /gyrosc/rrate 0.205924 -0.100131 -1.366763
4136 /gyrosc/gyro 0.142214 0.098305 -3.046339
4139 /gyrosc/comp 2.611958
4142 /gyrosc/gyro 0.142354 0.099680 -3.060609
4145 /gyrosc/accel 0.018450 0.019925 0.029801
4151 /gyrosc/rmatrix -0.990633 -0.094566 -0.098508 0.080077 -0.986640 0.141873 -0.110609 0.132656 0.984971
4156 /gyrosc/rrate 0.132916 -0.057466 -1.406754
4159 /gyrosc/comp 3.933294
4161 /gyrosc/gyro 0.141881 0.101854 -3.082271
4166 /gyrosc/mag 34.972687 19.041168 -238.067169
4169 /gyrosc/comp 3.933294
4172 /gyrosc/gyro 0.141429 0.103147 -3.096943
4175 /gyrosc/gyro 0.141245 0.103713 -3.104381
4178 /gyrosc/comp 3.933294
4181 /gyrosc/gyro 0.141052 0.104713 -3.119462
4185 /gyrosc/accel 0.037584 0.051504 -0.006352
4187 /gyrosc/comp 6.291447
4191 /gyrosc/gyro 0.141246 0.105476 -3.134714
4193 /gyrosc/comp 6.291447
4197 /gyrosc/gyro 0.141516 0.105761 3.140821
4200 /gyrosc/accel 0.043822 0.060828 -0.014399
4204 /gyrosc/comp 7.726393
4207 /gyrosc/gyro 0.142355 0.106102 3.125509
4211 /gyrosc/accel 0.051174 0.065611 -0.022594
4213 /gyrosc/comp 7.726393
4216 /gyrosc/gyro 0.143445 0.106174 3.110205
4220 /gyrosc/grav 0.104886 -0.142953 -0.984156
4223 /gyrosc/comp 7.726393
4226 /gyrosc/gyro 0.144014 0.106128 3.102554
4229 /gyrosc/comp 8.873846
4232 /gyrosc/gyro 0.145090 0.105966 3.087295
4236 /gyrosc/accel 0.055927 0.072010 -0.009862
4239 /gyrosc/mag 32.785126 19.126175 -238.052597
4244 /gyrosc/rmatrix -0.993074 0.053767 -0.104470 -0.068737 -0.986976 0.145444 -0.095289 0.151618 0.983835
4250 /gyrosc/comp 10.322986
4253 /gyrosc/gyro 0.146310 0.105728 3.064452
4257 /gyrosc/accel 0.053708 0.070563 -0.002903
4259 /gyrosc/comp 10.322986
4262 /gyrosc/gyro 0.146881 0.105696 3.049250
4266 /gyrosc/comp 10.322986
4270 /gyrosc/rmatrix -0.990329 0.091377 -0.104398 -0.106223 -0.983437 0.146859 -0.089249 0.156529 0.983633
4275 /gyrosc/comp 11.785933
4277 /gyrosc/gyro 0.147682 0.105720 3.026319
4280 /gyrosc/comp 11.785933
4284 /gyrosc/gyro 0.148386 0.105588 3.010794
4289 /gyrosc/rmatrix -0.987969 0.114252 -0.104234 -0.128993 -0.980563 0.147842 -0.085317 0.159509 0.983503
4293 /gyrosc/comp 13.275948
4295 /gyrosc/rrate 0.250935 -0.242343 -1.527738
4303 /gyrosc/comp 13.275948
4311 /gyrosc/gyro 0.149820 0.105367 2.987160
4315 /gyrosc/accel 0.044535 0.052504 0.009071
4320 /gyrosc/rmatrix -0.985033 0.137455 -0.103994 -0.152097 -0.977030 0.149260 -0.081089 0.162843 0.983314
4325 /gyrosc/rrate 0.275041 -0.256487 -1.542554
4328 /gyrosc/quat -0.072887 0.046590 -0.078564 -0.993149
4333 /gyrosc/grav 0.103994 -0.149260 -0.983314
4336 /gyrosc/mag 31.351440 19.217590 -238.318420
4339 /gyrosc/grav 0.103532 -0.151001 -0.983097
4372 /gyrosc/comp 16.392332
4376 /gyrosc/gyro 0.153834 0.103759 2.930196
4380 /gyrosc/accel 0.045920 0.037155 0.034268
4385 /gyrosc/rmatrix -0.975810 0.193180 -0.102349 -0.207348 -0.966192 0.153228 -0.069289 0.170744 0.982876
4390 /gyrosc/rrate 0.274837 -0.327007 -1.619475
4395 /gyrosc/quat -0.101086 0.043318 -0.081764 -0.990565
4400 /gyrosc/grav 0.102349 -0.153228 -0.982876
4404 /gyrosc/quat -0.105234 0.042748 -0.082181 -0.990124
4408 /gyrosc/comp 21.520166
4411 /gyrosc/rrate 0.123458 -0.387814 -1.740018
4415 /gyrosc/quat -0.148151 0.036439 -0.084408 -0.984682
4419 /gyrosc/accel 0.035837 0.054851 0.009052
4423 /gyrosc/accel 0.023008 0.069561 0.001297
4425 /gyrosc/comp 23.319363
4428 /gyrosc/accel 0.014550 0.072703 0.006540
4431 /gyrosc/comp 25.124891
4434 /gyrosc/gyro 0.151101 0.097126 2.754541
4437 /gyrosc/comp 25.124891
4441 /gyrosc/gyro 0.149953 0.097358 2.745523
4478 /gyrosc/comp 26.956583
4483 /gyrosc/gyro 0.147221 0.097795 2.727415
4486 /gyrosc/accel 0.010717 0.073279 0.009053
4492 /gyrosc/rmatrix -0.916837 0.387403 -0.096583 -0.398084 -0.905545 0.146689 -0.030632 0.172938 0.984456
4497 /gyrosc/rrate -0.123048 -0.221738 -1.809726
4501 /gyrosc/quat -0.201292 0.032601 -0.081909 -0.975556
4505 /gyrosc/grav 0.096583 -0.146689 -0.984456
4508 /gyrosc/gyro 0.142125 0.098342 2.700080
4511 /gyrosc/comp 31.052475
4514 /gyrosc/gyro 0.129450 0.099999 2.636745
4519 /gyrosc/comp 32.963840
4522 /gyrosc/grav 0.100916 -0.125026 -0.987008
4525 /gyrosc/comp 32.963840
4528 /gyrosc/mag 24.008347 16.522888 -239.532257
4531 /gyrosc/comp 34.797935
4534 /gyrosc/gyro 0.120644 0.104551 2.577043
4539 /gyrosc/rmatrix -0.846936 0.521503 -0.103602 -0.531147 -0.838689 0.120351 -0.024126 0.156958 0.987311
4543 /gyrosc/comp 34.797935
4548 /gyrosc/rmatrix -0.842517 0.528497 -0.104194 -0.538137 -0.834390 0.119168 -0.023958 0.156472 0.987392
4552 /gyrosc/comp 36.593601
4556 /gyrosc/gyro 0.116995 0.106218 2.552270
4560 /gyrosc/rrate -0.075636 -0.090228 -1.649754
4563 /gyrosc/comp 36.593601
4565 /gyrosc/comp 36.593601
4568 /gyrosc/gyro 0.113116 0.107766 2.527367
4571 /gyrosc/comp 38.391430
4575 /gyrosc/gyro 0.110405 0.108930 2.510624
4577 /gyrosc/comp 38.391430
4581 /gyrosc/gyro 0.109002 0.109546 2.502203
4584 /gyrosc/accel -0.055302 0.054236 -0.045051
4587 /gyrosc/comp 40.214512
4590 /gyrosc/gyro 0.106076 0.110748 2.485346
4595 /gyrosc/rmatrix -0.794574 0.597138 -0.109901 -0.606717 -0.787835 0.105878 -0.023360 0.150806 0.988287
4603 /gyrosc/comp 40.214512
4606 /gyrosc/gyro 0.102985 0.111921 2.468583
4609 /gyrosc/comp 40.214512
4612 /gyrosc/gyro 0.101365 0.112505 2.460282
4616 /gyrosc/accel -0.053632 0.067897 -0.054269
4619 /gyrosc/comp 42.018967
4621 /gyrosc/comp 42.018967
4624 /gyrosc/gyro 0.094260 0.114548 2.427860
4628 /gyrosc/mag 19.182693 12.730927 -239.176102
4631 /gyrosc/comp 43.756943
4634 /gyrosc/gyro 0.092397 0.114982 2.420020
4638 /gyrosc/comp 43.756943
4642 /gyrosc/gyro 0.088860 0.115772 2.404812
4645 /gyrosc/accel -0.037161 0.081938 -0.071923
4651 /gyrosc/rmatrix -0.742565 0.659817 -0.115058 -0.669256 -0.737713 0.088743 -0.026325 0.142901 0.989387
4655 /gyrosc/comp 43.756943
4659 /gyrosc/gyro 0.085929 0.116507 2.390288
4662 /gyrosc/comp 43.756943
4665 /gyrosc/comp 45.376652
4668 /gyrosc/gyro 0.083220 0.117494 2.369709
4671 /gyrosc/accel -0.015149 0.075845 -0.083619
4674 /gyrosc/comp 46.933186
4677 /gyrosc/gyro 0.082471 0.117833 2.356652
4680 /gyrosc/comp 46.933186
4684 /gyrosc/gyro 0.082342 0.117822 2.350296
4687 /gyrosc/comp 48.377754
4690 /gyrosc/gyro 0.082396 0.117356 2.337909
4694 /gyrosc/accel -0.011679 0.049847 -0.054452
4697 /gyrosc/comp 48.377754
4700 /gyrosc/gyro 0.082630 0.116342 2.325882
4703 /gyrosc/comp 48.377754
4706 /gyrosc/gyro 0.082724 0.115667 2.319953
4710 /gyrosc/accel -0.022485 0.020572 -0.020760
4712 /gyrosc/comp 49.744724
4716 /gyrosc/gyro 0.082792 0.114085 2.308168
4719 /gyrosc/accel -0.033735 0.013743 -0.013688
4722 /gyrosc/comp 49.744724
4726 /gyrosc/gyro 0.082719 0.112356 2.296417
4729 /gyrosc/comp 51.091694
4732 /gyrosc/gyro 0.082660 0.111489 2.290541
4736 /gyrosc/accel -0.041420 0.008378 -0.015049
4739 /gyrosc/comp 51.091694
4742 /gyrosc/gyro 0.082626 0.109820 2.278731
4746 /gyrosc/rrate 0.129997 -0.256870 -1.164720
4749 /gyrosc/comp 51.091694
4752 /gyrosc/accel -0.052637 0.006440 -0.030623
4755 /gyrosc/comp 52.365692
4759 /gyrosc/gyro 0.082928 0.107605 2.260862
4762 /gyrosc/accel -0.055148 0.010430 -0.037460
4765 /gyrosc/comp 52.365692
4769 /gyrosc/gyro 0.083405 0.106431 2.248834
4773 /gyrosc/comp 53.744057
4776 /gyrosc/gyro 0.083996 0.105601 2.236740
4779 /gyrosc/quat -0.434162 0.029096 -0.060759 -0.898312
4783 /gyrosc/comp 53.744057
4788 /gyrosc/rmatrix -0.616630 0.780249 -0.104776 -0.787251 -0.610858 0.084191 0.001687 0.134400 0.990926
4792 /gyrosc/comp 55.128971
4795 /gyrosc/gyro 0.084796 0.105060 2.218619
4799 /gyrosc/grav 0.104490 -0.084694 -0.990913
4802 /gyrosc/comp 55.128971
4805 /gyrosc/gyro 0.085152 0.104975 2.206604
4809 /gyrosc/comp 55.128971
4812 /gyrosc/grav 0.104417 -0.085181 -0.990879
4815 /gyrosc/comp 56.499893
4818 /gyrosc/accel -0.047306 0.027181 -0.017420
4821 /gyrosc/comp 56.499893
4824 /gyrosc/gyro 0.085698 0.105375 2.176956
4828 /gyrosc/accel -0.045880 0.028419 -0.015178
4831 /gyrosc/comp 57.853733
4835 /gyrosc/gyro 0.085846 0.105573 2.171062
4838 /gyrosc/comp 57.853733
4841 /gyrosc/gyro 0.086222 0.106053 2.159285
4845 /gyrosc/accel -0.044319 0.027873 -0.011326
4850 /gyrosc/rmatrix -0.559568 0.822047 -0.105461 -0.828691 -0.553042 0.086115 0.012467 0.135582 0.990688
4856 /gyrosc/comp 57.853733
4859 /gyrosc/gyro 0.086640 0.106542 2.147519
4862 /gyrosc/comp 59.202667
4865 /gyrosc/gyro 0.086841 0.106777 2.141661
4869 /gyrosc/accel -0.035738 0.024278 -0.000149
4872 /gyrosc/gyro 0.087224 0.107206 2.130033
4875 /gyrosc/comp 60.535515
4878 /gyrosc/gyro 0.087459 0.107552 2.118511
4881 /gyrosc/comp 60.535515
4884 /gyrosc/gyro 0.087484 0.107701 2.112794
4887 /gyrosc/comp 61.841942
4891 /gyrosc/gyro 0.087351 0.107951 2.101455
4895 /gyrosc/quat -0.493699 0.025106 -0.064618 -0.866865
4899 /gyrosc/comp 61.841942
4902 /gyrosc/gyro 0.087210 0.108041 2.095823
4905 /gyrosc/mag 14.377945 6.563141 -238.264236
4908 /gyrosc/comp 61.841942
4911 /gyrosc/gyro 0.086838 0.108150 2.084632
4915 /gyrosc/comp 63.124836
4919 /gyrosc/rmatrix -0.487162 0.866664 -0.107546 -0.873003 -0.480008 0.086359 0.023222 0.135959 0.990442
4924 /gyrosc/comp 63.124836
4927 /gyrosc/gyro 0.086336 0.108157 2.067982
4930 /gyrosc/grav 0.107544 -0.086229 -0.990454
4935 /gyrosc/comp 64.387527
4938 /gyrosc/gyro 0.086244 0.108215 2.057026
4941 /gyrosc/comp 64.387527
4944 /gyrosc/accel -0.020450 0.016093 -0.012908
4947 /gyrosc/comp 64.387527
4951 /gyrosc/gyro 0.086482 0.108659 2.040941
4954 /gyrosc/grav 0.108040 -0.086375 -0.990387
4957 /gyrosc/comp 65.610863
4960 /gyrosc/accel -0.017641 0.020629 -0.004818
4963 /gyrosc/comp 65.610863
4967 /gyrosc/gyro 0.086719 0.109647 2.020277
4969 /gyrosc/comp 66.779648
4973 /gyrosc/gyro 0.086691 0.109797 2.015276
4977 /gyrosc/rmatrix -0.435964 0.893319 -0.109165 -0.899444 -0.428373 0.086582 0.030582 0.135935 0.990246
4983 /gyrosc/comp 66.779648
4986 /gyrosc/gyro 0.086570 0.109930 2.005457
4991 /gyrosc/quat -0.534685 0.023021 -0.065949 -0.842160
4994 /gyrosc/comp 66.779648
4997 /gyrosc/gyro 0.086454 0.109905 1.995843
5000 /gyrosc/comp 67.893074
5003 /gyrosc/rrate 0.094481 -0.079480 -0.923534
5006 /gyrosc/comp 67.893074
5009 /gyrosc/gyro 0.086361 0.109961 1.981887
5012 /gyrosc/comp 68.951515
5015 /gyrosc/gyro 0.086393 0.109986 1.972921
5019 /gyrosc/comp 68.951515
5022 /gyrosc/gyro 0.086436 0.109945 1.968542
5026 /gyrosc/accel -0.012680 0.015665 -0.003614
5028 /gyrosc/comp 68.951515
5031 /gyrosc/gyro 0.086565 0.109667 1.959947
5035 /gyrosc/accel -0.011961 0.013200 -0.004526
5038 /gyrosc/comp 68.951515
5041 /gyrosc/gyro 0.086755 0.109115 1.951495
5044 /gyrosc/grav 0.108489 -0.086646 -0.990314
5047 /gyrosc/comp 68.951515
5051 /gyrosc/gyro 0.086851 0.108783 1.947287
5054 /gyrosc/accel -0.018559 0.009837 -0.013579
5057 /gyrosc/comp 70.916039
5061 /gyrosc/rmatrix -0.366480 0.924197 -0.107477 -0.929486 -0.358469 0.086922 0.041806 0.131753 0.990401
5067 /gyrosc/comp 70.916039
5070 /gyrosc/gyro 0.087194 0.107435 1.930496
5075 /gyrosc/rmatrix -0.358704 0.927319 -0.106821 -0.932447 -0.350656 0.087084 0.043297 0.130843 0.990457
5080 /gyrosc/comp 70.916039
5083 /gyrosc/gyro 0.087277 0.107132 1.926315
5086 /gyrosc/comp 70.916039
5088 /gyrosc/comp 70.916039
5091 /gyrosc/gyro 0.087585 0.106327 1.913894
5094 /gyrosc/accel -0.044242 0.020685 -0.035567
5097 /gyrosc/comp 72.821808
5103 /gyrosc/rmatrix -0.335686 0.936047 -0.105500 -0.940770 -0.327488 0.087764 0.047601 0.128713 0.990539
5108 /gyrosc/comp 72.821808
5110 /gyrosc/gyro 0.088251 0.106223 1.897839
5113 /gyrosc/comp 72.821808
5116 /gyrosc/gyro 0.088698 0.106664 1.890078
5120 /gyrosc/accel -0.055156 0.031132 -0.038095
5123 /gyrosc/comp 72.821808
5126 /gyrosc/accel -0.055470 0.031400 -0.038153
5128 /gyrosc/comp 74.598602
5131 /gyrosc/gyro 0.089613 0.107716 1.878810
5134 /gyrosc/rrate 0.149579 0.008069 -0.717933
5138 /gyrosc/comp 74.598602
5141 /gyrosc/accel -0.055109 0.025041 -0.032502
5144 /gyrosc/comp 74.598602
5149 /gyrosc/gyro 0.090801 0.108821 1.867845
5153 /gyrosc/accel -0.058004 0.026330 -0.024766
5158 /gyrosc/rmatrix -0.300385 0.947666 -0.108159 -0.952265 -0.291494 0.090676 0.054403 0.130234 0.989990
5163 /gyrosc/rrate 0.165559 0.007965 -0.705575
5167 /gyrosc/quat -0.591209 0.016728 -0.068741 -0.803410
5170 /gyrosc/grav 0.108159 -0.090676 -0.989990
5174 /gyrosc/mag 12.073853 1.994217 -239.239304
5177 /gyrosc/accel -0.056343 0.023681 -0.017468
5182 /gyrosc/gyro 0.093386 0.110039 1.849963
5184 /gyrosc/comp 76.251404
5189 /gyrosc/rmatrix -0.277036 0.954661 -0.108963 -0.958919 -0.267488 0.094471 0.061041 0.130659 0.989546
5193 /gyrosc/comp 76.251404
5196 /gyrosc/accel -0.051207 0.015527 -0.020509
5199 /gyrosc/comp 76.251404
5202 /gyrosc/gyro 0.096443 0.108237 1.831879
5205 /gyrosc/comp 76.251404
5208 /gyrosc/gyro 0.097656 0.107058 1.824350
5211 /gyrosc/comp 77.937241
5214 /gyrosc/gyro 0.098269 0.106501 1.820539
5218 /gyrosc/rrate 0.204226 -0.178816 -0.739166
5221 /gyrosc/comp 77.937241
5224 /gyrosc/gyro 0.099588 0.105611 1.812918
5227 /gyrosc/rrate 0.215625 -0.145729 -0.731735
5230 /gyrosc/comp 77.937241
5234 /gyrosc/gyro 0.101068 0.105097 1.805413
5236 /gyrosc/comp 77.937241
5240 /gyrosc/gyro 0.101866 0.104984 1.801722
5243 /gyrosc/rrate 0.237340 -0.090589 -0.703936
5246 /gyrosc/comp 77.937241
5249 /gyrosc/gyro 0.103608 0.104910 1.794478
5254 /gyrosc/rmatrix -0.231162 0.967324 -0.104156 -0.969859 -0.220631 0.103422 0.077063 0.124924 0.989169
5260 /gyrosc/comp 79.635567
5262 /gyrosc/gyro 0.105498 0.104988 1.787331
5266 /gyrosc/comp 79.635567
5269 /gyrosc/gyro 0.106463 0.105044 1.783737
5273 /gyrosc/accel -0.047068 0.024780 -0.036289
5276 /gyrosc/comp 79.635567
5278 /gyrosc/comp 79.635567
5281 /gyrosc/gyro 0.109589 0.104394 1.768815
5285 /gyrosc/accel -0.044803 0.011500 -0.001782
5287 /gyrosc/comp 79.635567
5291 /gyrosc/accel -0.052762 0.003249 0.005706
5294 /gyrosc/comp 81.355446
5297 /gyrosc/gyro 0.110692 0.102795 1.756747
5301 /gyrosc/accel -0.062237 -0.002754 0.003801
5304 /gyrosc/comp 81.355446
5308 /gyrosc/gyro 0.111043 0.101771 1.748102
5313 /gyrosc/rmatrix -0.186547 0.977244 -0.100969 -0.978260 -0.175292 0.110815 0.090595 0.119446 0.988699
5317 /gyrosc/comp 81.355446
5320 /gyrosc/gyro 0.111224 0.101429 1.743605
5323 /gyrosc/comp 81.355446
5326 /gyrosc/gyro 0.111809 0.101161 1.734337
5330 /gyrosc/rrate 0.170393 -0.099368 -0.916089
5333 /gyrosc/comp 81.355446
5335 /gyrosc/comp 83.418190
5338 /gyrosc/gyro 0.113516 0.101834 1.720150
5344 /gyrosc/accel -0.048239 0.028937 -0.025286
5348 /gyrosc/quat -0.648298 0.001551 -0.076087 -0.757574
5351 /gyrosc/comp 83.418190
5354 /gyrosc/quat -0.651744 0.000993 -0.077054 -0.754514
5358 /gyrosc/comp 84.492912
5360 /gyrosc/gyro 0.117214 0.103854 1.701498
5364 /gyrosc/accel -0.017248 0.034960 -0.002523
5368 /gyrosc/gyro 0.118207 0.104323 1.696874
5371 /gyrosc/comp 85.557388
5374 /gyrosc/gyro 0.120019 0.104959 1.687542
5377 /gyrosc/accel -0.014673 0.036006 0.015907
5380 /gyrosc/comp 85.557388
5385 /gyrosc/gyro 0.121503 0.105047 1.678000
5388 /gyrosc/mag 11.100098 -0.395523 -238.839691
5392 /gyrosc/gyro 0.122146 0.104841 1.673117
5395 /gyrosc/accel -0.011585 0.029802 0.026574
5399 /gyrosc/comp 86.668373
5401 /gyrosc/gyro 0.123319 0.104001 1.663102
5405 /gyrosc/comp 86.668373
5408 /gyrosc/gyro 0.124483 0.102717 1.652785
5411 /gyrosc/mag 10.978333 -0.843109 -238.816147
5414 /gyrosc/comp 87.849754
5417 /gyrosc/gyro 0.125105 0.101990 1.647533
5420 /gyrosc/comp 87.849754
5423 /gyrosc/gyro 0.126399 0.100514 1.636853
5428 /gyrosc/quat -0.678829 -0.006503 -0.080312 -0.729862
5431 /gyrosc/comp 87.849754
5434 /gyrosc/gyro 0.127606 0.099053 1.625940
5437 /gyrosc/accel -0.004626 0.045534 -0.005485
5440 /gyrosc/comp 89.086937
5443 /gyrosc/gyro 0.128060 0.098348 1.620418
5449 /gyrosc/comp 89.086937
5458 /gyrosc/gyro 0.128493 0.097083 1.609291
5462 /gyrosc/accel -0.010758 0.062192 -0.010366
5467 /gyrosc/rmatrix -0.050715 0.994076 -0.096131 -0.991021 -0.038168 0.128140 0.123712 0.101767 0.987086
5472 /gyrosc/rrate 0.111280 -0.252938 -1.093346
5477 /gyrosc/quat -0.688876 -0.009571 -0.079783 -0.720411
5481 /gyrosc/grav 0.096131 -0.128140 -0.987086
5484 /gyrosc/mag 10.837830 -1.328308 -238.454849
5488 /gyrosc/accel -0.002407 0.061258 -0.016726
5491 /gyrosc/comp 91.611565
5494 /gyrosc/gyro 0.125217 0.095556 1.576573
5499 /gyrosc/rmatrix -0.007277 0.995430 -0.095218 -0.992394 0.004513 0.123016 0.122884 0.095389 0.987826
5504 /gyrosc/gyro 0.121756 0.096917 1.556314
5507 /gyrosc/comp 92.794426
5510 /gyrosc/gyro 0.121220 0.097363 1.551496
5514 /gyrosc/accel 0.045029 0.085080 -0.073273
5517 /gyrosc/comp 93.885353
5520 /gyrosc/gyro 0.120813 0.098109 1.542192
5523 /gyrosc/comp 93.885353
5526 /gyrosc/gyro 0.121370 0.098395 1.533367
5529 /gyrosc/comp 93.885353
5532 /gyrosc/gyro 0.121962 0.098315 1.529118
5535 /gyrosc/comp 93.885353
5538 /gyrosc/gyro 0.123549 0.097837 1.520911
5542 /gyrosc/accel 0.054477 0.073110 -0.046121
5545 /gyrosc/comp 93.885353
5548 /gyrosc/gyro 0.125419 0.097091 1.513032
5551 /gyrosc/accel 0.040374 0.055556 -0.026108
5555 /gyrosc/comp 95.776207
5558 /gyrosc/gyro 0.126389 0.096643 1.509191
5561 /gyrosc/quat -0.724156 -0.012935 -0.078329 -0.685051
5564 /gyrosc/comp 95.776207
5567 /gyrosc/gyro 0.128312 0.095626 1.501522
5570 /gyrosc/quat -0.726741 -0.014285 -0.078561 -0.682254
5577 /gyrosc/comp 95.776207
5585 /gyrosc/gyro 0.130120 0.094457 1.493682
5589 /gyrosc/accel 0.012392 0.018700 0.004826
5593 /gyrosc/rmatrix 0.064493 0.993526 -0.093519 -0.988599 0.076386 0.129753 0.136057 0.084085 0.987126
5600 /gyrosc/rrate 0.245344 -0.228252 -0.769023
5604 /gyrosc/quat -0.729384 -0.015653 -0.078688 -0.679383
5609 /gyrosc/grav 0.093519 -0.129753 -0.987126
5612 /gyrosc/mag 11.076736 -4.219116 -238.118469
5616 /gyrosc/accel -0.016167 -0.014783 0.027161
5619 /gyrosc/rrate 0.218267 -0.280033 -0.879234
5623 /gyrosc/quat -0.736560 -0.019137 -0.078514 -0.671527
5627 /gyrosc/accel -0.015364 -0.014125 0.027144
5631 /gyrosc/gyro 0.136905 0.086852 1.448025
5633 /gyrosc/comp 98.698685
5636 /gyrosc/accel -0.016691 -0.027441 0.033281
5641 /gyrosc/comp 99.898392
5645 /gyrosc/rmatrix 0.126769 0.988411 -0.083506 -0.980941 0.137417 0.137371 0.147254 0.064500 0.986993
5650 /gyrosc/comp 99.898392
5653 /gyrosc/gyro 0.137913 0.082745 1.419899
5656 /gyrosc/comp 101.240822
5659 /gyrosc/gyro 0.137808 0.081952 1.413815
5662 /gyrosc/accel -0.011229 -0.025607 0.022718
5666 /gyrosc/comp 101.240822
5668 /gyrosc/gyro 0.137270 0.080604 1.401215
5671 /gyrosc/comp 101.240822
5675 /gyrosc/gyro 0.136311 0.079877 1.388091
5678 /gyrosc/rrate -0.008705 -0.207966 -1.318165
5682 /gyrosc/comp 102.714691
5685 /gyrosc/gyro 0.135699 0.079861 1.381384
5688 /gyrosc/comp 102.714691
5691 /gyrosc/gyro 0.134271 0.080491 1.367790
5696 /gyrosc/rmatrix 0.190420 0.978464 -0.079680 -0.970649 0.199800 0.133868 0.146905 0.051850 0.987791
5701 /gyrosc/comp 104.269379
5703 /gyrosc/accel 0.009102 0.025973 -0.029066
5707 /gyrosc/comp 104.269379
5709 /gyrosc/gyro 0.131940 0.082806 1.347367
5715 /gyrosc/rmatrix 0.210205 0.974213 -0.081993 -0.966668 0.219649 0.131557 0.146174 0.051606 0.987912
5720 /gyrosc/comp 105.815750
5723 /gyrosc/comp 105.815750
5726 /gyrosc/gyro 0.129544 0.087133 1.320751
5729 /gyrosc/accel 0.034450 0.039262 -0.023799
5732 /gyrosc/comp 105.815750
5735 /gyrosc/gyro 0.129161 0.088195 1.314170
5738 /gyrosc/comp 107.326576
5741 /gyrosc/gyro 0.128575 0.090060 1.301027
5745 /gyrosc/grav 0.089196 -0.128221 -0.987726
5747 /gyrosc/comp 107.326576
5752 /gyrosc/rmatrix 0.266761 0.959498 -0.090568 -0.952370 0.276848 0.127858 0.147753 0.052147 0.987649
5757 /gyrosc/comp 108.831734
5761 /gyrosc/gyro 0.128082 0.091942 1.281329
5765 /gyrosc/accel 0.055057 0.023927 0.009623
5768 /gyrosc/comp 108.831734
5771 /gyrosc/gyro 0.127890 0.092608 1.268158
5775 /gyrosc/accel 0.055588 0.014214 0.014790
5778 /gyrosc/accel 0.052709 0.008857 0.024114
5781 /gyrosc/comp 110.347862
5784 /gyrosc/gyro 0.127540 0.092897 1.248180
5787 /gyrosc/comp 110.347862
5790 /gyrosc/gyro 0.127110 0.092773 1.234788
5793 /gyrosc/accel 0.040447 0.010542 0.028484
5796 /gyrosc/comp 111.881050
5799 /gyrosc/accel 0.037146 0.009966 0.024407
5804 /gyrosc/grav 0.091653 -0.126132 -0.987770
5807 /gyrosc/comp 111.881050
5810 /gyrosc/gyro 0.126069 0.092365 1.214808
5812 /gyrosc/comp 111.881050
5816 /gyrosc/gyro 0.125172 0.092105 1.201564
5819 /gyrosc/accel 0.032310 0.008299 0.015330
5822 /gyrosc/comp 113.401871
5825 /gyrosc/gyro 0.124697 0.092054 1.194956
5828 /gyrosc/grav 0.091210 -0.124374 -0.988034
5831 /gyrosc/comp 113.401871
5834 /gyrosc/gyro 0.123787 0.092052 1.181692
5837 /gyrosc/comp 114.922691
5841 /gyrosc/gyro 0.123045 0.092012 1.168313
5845 /gyrosc/accel 0.018111 0.005456 -0.006082
5848 /gyrosc/comp 114.922691
5851 /gyrosc/accel 0.018182 0.005166 -0.006040
5854 /gyrosc/alt 0.470333 101.098564
5857 /gyrosc/comp 116.476471
5860 /gyrosc/gyro 0.122331 0.091652 1.147902
5863 /gyrosc/comp 116.476471
5867 /gyrosc/rmatrix 0.411136 0.907087 -0.090334 -0.899411 0.419788 0.121810 0.148413 0.031167 0.988434
5873 /gyrosc/rrate 0.112908 -0.228852 -1.363102
5875 /gyrosc/comp 116.476471
5878 /gyrosc/accel 0.023489 0.004617 -0.005703
5882 /gyrosc/comp 118.063522
5885 /gyrosc/gyro 0.122123 0.089990 1.113223
5889 /gyrosc/accel 0.026218 0.002770 -0.005040
5893 /gyrosc/rmatrix 0.442841 0.892247 -0.088242 -0.884195 0.450909 0.121987 0.148632 0.024003 0.988601
5898 /gyrosc/comp 119.670723
5901 /gyrosc/gyro 0.122403 0.088486 1.092152
5904 /gyrosc/accel 0.029264 0.002087 -0.002637
5908 /gyrosc/quat -0.850729 -0.029290 -0.069459 -0.520170
5911 /gyrosc/comp 119.670723
5915 /gyrosc/mag 14.076553 -13.755966 -238.000320
5920 /gyrosc/rmatrix 0.474936 0.875902 -0.085044 -0.867437 0.482238 0.122476 0.148289 0.015602 0.988821
5926 /gyrosc/rrate 0.134903 -0.333286 -1.438322
5929 /gyrosc/comp 121.317589
5932 /gyrosc/accel 0.027540 0.001078 -0.001428
5935 /gyrosc/comp 121.317589
5938 /gyrosc/gyro 0.122875 0.083387 1.041180
5942 /gyrosc/quat -0.863864 -0.032526 -0.066604 -0.498242
5947 /gyrosc/rmatrix 0.507913 0.857584 -0.081076 -0.848806 0.514301 0.122567 0.146809 0.006564 0.989143
5952 /gyrosc/comp 123.023048
5955 /gyrosc/gyro 0.122875 0.081034 1.018377
5959 /gyrosc/comp 124.785164
5962 /gyrosc/gyro 0.122875 0.079725 1.002888
5965 /gyrosc/comp 124.785164
5968 /gyrosc/gyro 0.122860 0.078630 0.987230
5971 /gyrosc/comp 124.785164
5974 /gyrosc/gyro 0.122841 0.078164 0.979369
5978 /gyrosc/accel 0.054278 0.021138 -0.013526
5981 /gyrosc/comp 126.582954
5984 /gyrosc/gyro 0.122780 0.077354 0.963658
5987 /gyrosc/mag 15.881332 -15.962646 -236.888138
5991 /gyrosc/gyro 0.122733 0.076984 0.955819
5994 /gyrosc/quat -0.884545 -0.036751 -0.062292 -0.460814
5997 /gyrosc/comp 128.378189
6001 /gyrosc/gyro 0.122585 0.076254 0.940178
6005 /gyrosc/mag 15.881332 -15.962646 -236.888138
6008 /gyrosc/comp 128.378189
6013 /gyrosc/rmatrix 0.593125 0.801633 -0.074752 -0.792407 0.597673 0.121976 0.142457 -0.013113 0.989714
6017 /gyrosc/comp 128.378189
6020 /gyrosc/gyro 0.121767 0.074268 0.908962
6024 /gyrosc/accel 0.087040 0.018485 -0.001046
6027 /gyrosc/rrate 0.053278 -0.316685 -1.544313
6031 /gyrosc/rrate 0.037895 -0.337572 -1.548357
6034 /gyrosc/comp 130.166702
6036 /gyrosc/comp 131.968216
6041 /gyrosc/gyro 0.119245 0.069909 0.869570
6044 /gyrosc/accel 0.074473 0.016728 -0.022878
6047 /gyrosc/comp 131.968216
6050 /gyrosc/gyro 0.118476 0.068931 0.861585
6053 /gyrosc/comp 133.799438
6056 /gyrosc/gyro 0.116677 0.067255 0.845559
6059 /gyrosc/accel 0.056056 0.023639 -0.036251
6062 /gyrosc/comp 133.799438
6066 /gyrosc/gyro 0.114639 0.066431 0.829566
6069 /gyrosc/accel 0.032808 0.036248 -0.050946
6073 /gyrosc/comp 133.799438
6076 /gyrosc/gyro 0.113606 0.066544 0.821653
6079 /gyrosc/accel 0.011983 0.051121 -0.064981
6084 /gyrosc/grav 0.066066 -0.113362 -0.991355
6087 /gyrosc/gyro 0.111748 0.068071 0.806211
6091 /gyrosc/comp 135.616241
6094 /gyrosc/gyro 0.111021 0.069467 0.798737
6097 /gyrosc/comp 135.616241
6100 /gyrosc/gyro 0.109967 0.073073 0.784201
6104 /gyrosc/rrate 0.020493 0.236878 -1.414452
6107 /gyrosc/comp 137.314957
6110 /gyrosc/gyro 0.109350 0.077153 0.770173
6113 /gyrosc/comp 137.314957
6116 /gyrosc/gyro 0.109188 0.079122 0.763354
6119 /gyrosc/grav 0.078569 -0.108971 -0.990935
6122 /gyrosc/comp 138.893478
6127 /gyrosc/rrate 0.101607 0.083455 -1.296368
6130 /gyrosc/comp 138.893478
6133 /gyrosc/gyro 0.109144 0.083582 0.736946
6137 /gyrosc/accel 0.021214 0.029917 0.048731
6140 /gyrosc/comp 140.398254
6143 /gyrosc/gyro 0.109305 0.083616 0.730387
6148 /gyrosc/rmatrix 0.736235 0.671614 -0.083020 -0.663176 0.740471 0.109088 0.134739 -0.025257 0.990559
6153 /gyrosc/comp 140.398254
6157 /gyrosc/rmatrix 0.745229 0.661758 -0.081916 -0.653235 0.749189 0.109543 0.133862 -0.028124 0.990601
6162 /gyrosc/comp 140.398254
6166 /gyrosc/gyro 0.110327 0.080047 0.703470
6170 /gyrosc/accel 0.014076 0.026042 0.047424
6173 /gyrosc/comp 141.940475
6176 /gyrosc/comp 141.940475
6179 /gyrosc/gyro 0.110975 0.075018 0.682554
6182 /gyrosc/comp 143.542221
6185 /gyrosc/gyro 0.110947 0.071345 0.668493
6188 /gyrosc/comp 143.542221
6192 /gyrosc/gyro 0.110781 0.069509 0.661527
6197 /gyrosc/rmatrix 0.782432 0.618898 -0.069027 -0.610557 0.784218 0.110554 0.122554 -0.044356 0.991470
6201 /gyrosc/comp 145.127808
6206 /gyrosc/rmatrix 0.791258 0.607940 -0.065726 -0.599810 0.792558 0.109907 0.118908 -0.047542 0.991766
6211 /gyrosc/comp 145.127808
6215 /gyrosc/gyro 0.109125 0.063463 0.634517
6220 /gyrosc/rmatrix 0.799643 0.597158 -0.063043 -0.589262 0.800568 0.108908 0.115506 -0.049939 0.992051
6225 /gyrosc/comp 145.127808
6227 /gyrosc/comp 146.640045
6230 /gyrosc/gyro 0.107113 0.060811 0.614975
6233 /gyrosc/comp 146.640045
6236 /gyrosc/gyro 0.105530 0.059775 0.602084
6240 /gyrosc/comp 148.117920
6243 /gyrosc/quat -0.953791 -0.041297 -0.043686 -0.294397
6247 /gyrosc/comp 148.117920
6250 /gyrosc/gyro 0.102964 0.058675 0.582793
6254 /gyrosc/accel -0.024563 0.061400 -0.057636
6257 /gyrosc/comp 148.117920
6260 /gyrosc/gyro 0.101245 0.058024 0.569903
6263 /gyrosc/comp 149.593246
6267 /gyrosc/accel -0.019477 0.063817 -0.046379
6270 /gyrosc/mag 22.688950 -22.653259 -236.343796
6273 /gyrosc/comp 149.593246
6276 /gyrosc/rrate -0.072987 -0.206906 -1.275012
6280 /gyrosc/quat -0.960403 -0.039802 -0.040768 -0.272726
6284 /gyrosc/grav 0.056598 -0.098688 -0.993508
6289 /gyrosc/mag 22.688950 -22.653259 -236.343796
6292 /gyrosc/comp 151.067993
6295 /gyrosc/accel -0.005813 0.062472 -0.035522
6298 /gyrosc/comp 152.490982
6301 /gyrosc/gyro 0.095856 0.054612 0.519328
6305 /gyrosc/rrate -0.024503 -0.208841 -1.190448
6308 /gyrosc/gyro 0.094995 0.053713 0.507520
6311 /gyrosc/comp 152.490982
6314 /gyrosc/gyro 0.094587 0.053306 0.501762
6318 /gyrosc/accel -0.000170 0.047891 -0.006922
6321 /gyrosc/quat -0.966955 -0.039171 -0.037519 -0.249112
6325 /gyrosc/comp 153.821457
6329 /gyrosc/rrate -0.036490 -0.175327 -1.099634
6332 /gyrosc/comp 153.821457
6335 /gyrosc/gyro 0.092671 0.051812 0.479604
6338 /gyrosc/grav 0.051566 -0.092538 -0.994373
6342 /gyrosc/comp 155.075882
6344 /gyrosc/grav 0.051163 -0.091878 -0.994455
6348 /gyrosc/comp 155.075882
6352 /gyrosc/rmatrix 0.891309 0.450605 -0.050232 -0.445273 0.890829 0.090306 0.085441 -0.058124 0.994646
6357 /gyrosc/comp 155.075882
6360 /gyrosc/gyro 0.088562 0.049285 0.452895
6362 /gyrosc/comp 156.297302
6365 /gyrosc/gyro 0.087562 0.048610 0.447588
6371 /gyrosc/accel -0.013920 0.001910 0.018979
6374 /gyrosc/comp 156.297302
6378 /gyrosc/rmatrix 0.903340 0.426357 -0.046868 -0.421636 0.902730 0.085456 0.078743 -0.057435 0.995239
6383 /gyrosc/comp 157.517014
6386 /gyrosc/gyro 0.083632 0.045238 0.426240
6389 /gyrosc/accel -0.011847 -0.002510 0.009340
6394 /gyrosc/rmatrix 0.908033 0.416467 -0.045065 -0.412005 0.907344 0.083534 0.075679 -0.057285 0.995485
6399 /gyrosc/accel -0.010855 -0.003448 0.009463
6402 /gyrosc/comp 158.750305
6405 /gyrosc/gyro 0.080831 0.042080 0.410082
6409 /gyrosc/comp 158.750305
6412 /gyrosc/gyro 0.079903 0.040919 0.404745
6416 /gyrosc/comp 158.750305
6420 /gyrosc/rmatrix 0.921432 0.386648 -0.038287 -0.382998 0.920453 0.077958 0.065384 -0.057169 0.996221
6424 /gyrosc/comp 159.946213
6427 /gyrosc/gyro 0.076215 0.035677 0.384201
6430 /gyrosc/comp 159.946213
6433 /gyrosc/gyro 0.075364 0.034257 0.379272
6437 /gyrosc/accel 0.009777 0.006582 -0.021154
6440 /gyrosc/comp 161.068344
6443 /gyrosc/grav 0.031271 -0.073785 -0.996784
6447 /gyrosc/comp 161.068344
6451 /gyrosc/gyro 0.072609 0.028453 0.360236
6454 /gyrosc/quat -0.982982 -0.033159 -0.020488 -0.179517
6458 /gyrosc/comp 161.068344
6462 /gyrosc/rmatrix 0.936417 0.349855 -0.026924 -0.347255 0.935001 0.072027 0.050373 -0.058097 0.997039
6466 /gyrosc/comp 162.135025
6469 /gyrosc/gyro 0.071203 0.024120 0.346431
6473 /gyrosc/accel 0.003211 0.007880 -0.044648
6476 /gyrosc/comp 162.135025
6479 /gyrosc/grav 0.021329 -0.070436 -0.997288
6482 /gyrosc/comp 163.173355
6485 /gyrosc/gyro 0.070202 0.020132 0.332885
6490 /gyrosc/accel 0.002288 0.006180 -0.048198
6495 /gyrosc/rmatrix 0.944450 0.328040 -0.020081 -0.325966 0.942775 0.070145 0.041943 -0.059702 0.997335
6499 /gyrosc/comp 163.173355
6502 /gyrosc/gyro 0.069277 0.016000 0.315297
6506 /gyrosc/accel -0.007142 0.005379 -0.045419
6509 /gyrosc/comp 164.181091
6512 /gyrosc/gyro 0.069110 0.015170 0.310986
6515 /gyrosc/comp 164.181091
6518 /gyrosc/grav 0.013686 -0.068824 -0.997535
6521 /gyrosc/comp 164.181091
6524 /gyrosc/gyro 0.068812 0.012496 0.293892
6528 /gyrosc/comp 164.181091
6531 /gyrosc/gyro 0.068826 0.011952 0.289613
6536 /gyrosc/rmatrix 0.958051 0.286348 -0.011924 -0.284905 0.956086 0.068771 0.031093 -0.062489 0.997561
6541 /gyrosc/comp 166.145294
6544 /gyrosc/gyro 0.068900 0.010901 0.281015
6548 /gyrosc/accel -0.007563 -0.002001 -0.024008
6550 /gyrosc/comp 166.145294
6553 /gyrosc/gyro 0.068933 0.009888 0.272392
6557 /gyrosc/mag 30.861191 -27.682480 -236.111557
6561 /gyrosc/quat -0.990410 -0.033497 -0.009265 -0.133717
6564 /gyrosc/comp 166.145294
6568 /gyrosc/gyro 0.068589 0.008610 0.259514
6571 /gyrosc/comp 166.145294
6575 /gyrosc/gyro 0.068061 0.007996 0.251079
6578 /gyrosc/accel 0.004215 -0.006576 -0.005185
6581 /gyrosc/comp 168.098984
6584 /gyrosc/gyro 0.067731 0.007775 0.246916
6588 /gyrosc/quat -0.991796 -0.033123 -0.008025 -0.123204
6592 /gyrosc/comp 168.098984
6595 /gyrosc/gyro 0.066947 0.007517 0.238663
6598 /gyrosc/comp 168.098984
6601 /gyrosc/gyro 0.066039 0.007398 0.230512
6604 /gyrosc/accel 0.006320 -0.001514 -0.004221
6611 /gyrosc/rmatrix 0.973411 0.228945 -0.007382 -0.227978 0.971428 0.065991 0.022279 -0.062553 0.997793
6616 /gyrosc/quat -0.993039 -0.032160 -0.007345 -0.113072
6619 /gyrosc/comp 168.098984
6623 /gyrosc/gyro 0.064730 0.007124 0.218691
6626 /gyrosc/mag 32.591141 -28.254578 -235.878036
6629 /gyrosc/comp 169.935120
6633 /gyrosc/gyro 0.064363 0.007043 0.214870
6637 /gyrosc/rmatrix 0.978465 0.206299 -0.006914 -0.205455 0.976594 0.063664 0.019886 -0.060873 0.997947
6642 /gyrosc/comp 169.935120
6645 /gyrosc/gyro 0.063032 0.006701 0.199995
6649 /gyrosc/comp 169.935120
6652 /gyrosc/gyro 0.062259 0.006343 0.192947
6656 /gyrosc/accel 0.018205 0.006509 -0.019032
6660 /gyrosc/gps -37.773994 144.997314 63.622532 318.515625 0.000000 17.442387
6664 /gyrosc/comp 171.572113
6667 /gyrosc/gyro 0.061133 0.005422 0.183107
6670 /gyrosc/accel 0.027089 -0.000474 -0.017645
6676 /gyrosc/rmatrix 0.983208 0.182409 -0.005412 -0.181745 0.981446 0.061095 0.016456 -0.059085 0.998117
6681 /gyrosc/accel 0.024848 0.004248 -0.022502
6684 /gyrosc/comp 171.572113
6688 /gyrosc/gyro 0.060317 0.003966 0.173909
6692 /gyrosc/accel 0.025384 0.004037 -0.022487
6697 /gyrosc/rmatrix 0.984867 0.173267 -0.003958 -0.172719 0.983125 0.060280 0.014336 -0.058685 0.998174
6701 /gyrosc/comp 171.572113
6704 /gyrosc/gyro 0.060304 0.001690 0.162331
6707 /gyrosc/comp 172.945374
6710 /gyrosc/gyro 0.060496 0.001161 0.159510
6713 /gyrosc/grav 0.001159 -0.060459 -0.998170
6717 /gyrosc/comp 172.945374
6719 /gyrosc/comp 172.945374
6722 /gyrosc/gyro 0.061328 -0.000337 0.151216
6728 /gyrosc/rmatrix 0.988592 0.150620 0.000336 -0.150357 0.986730 0.061290 0.008900 -0.060641 0.998120
6733 /gyrosc/comp 172.945374
6736 /gyrosc/gyro 0.062003 -0.001214 0.145946
6739 /gyrosc/accel 0.013876 -0.001284 -0.033706
6743 /gyrosc/comp 172.945374
6746 /gyrosc/gyro 0.062687 -0.002096 0.140871
6749 /gyrosc/comp 174.174927
6752 /gyrosc/rrate 0.061882 -0.125671 -0.497678
6755 /gyrosc/comp 174.174927
6758 /gyrosc/gyro 0.063599 -0.003517 0.133372
6761 /gyrosc/comp 174.174927
6764 /gyrosc/gyro 0.064111 -0.004333 0.128449
6768 /gyrosc/accel 0.009817 -0.006062 -0.017902
6771 /gyrosc/comp 174.174927
6774 /gyrosc/gyro 0.064351 -0.004635 0.126009
6779 /gyrosc/accel 0.010119 -0.005823 -0.017919
6782 /gyrosc/comp 175.302948
6785 /gyrosc/gyro 0.064766 -0.004989 0.121183
6788 /gyrosc/grav -0.004979 -0.064721 -0.997891
6791 /gyrosc/comp 175.302948
6794 /gyrosc/gyro 0.065103 -0.005004 0.116414
6798 /gyrosc/rrate 0.026862 -0.012369 -0.467869
6803 /gyrosc/rmatrix 0.993525 0.113513 0.004859 -0.113588 0.991387 0.065186 0.002582 -0.065316 0.997861
6808 /gyrosc/comp 175.302948
6811 /gyrosc/gyro 0.065429 -0.004352 0.109504
6815 /gyrosc/grav -0.004342 -0.065382 -0.997851
6818 /gyrosc/comp 175.302948
6821 /gyrosc/gyro 0.065514 -0.003703 0.105017
6824 /gyrosc/comp 176.355911
6827 /gyrosc/quat -0.998145 -0.032799 0.000005 -0.051297
6830 /gyrosc/comp 176.355911
6835 /gyrosc/rmatrix 0.995175 0.098074 0.002810 -0.098048 0.993030 0.065414 0.003625 -0.065374 0.997854
6839 /gyrosc/comp 176.355911
6841 /gyrosc/gyro 0.065256 -0.002411 0.094095
6846 /gyrosc/accel 0.014521 -0.006568 0.022054
6851 /gyrosc/rmatrix 0.995588 0.093799 0.002405 -0.093756 0.993457 0.065210 0.003727 -0.065147 0.997869
6856 /gyrosc/comp 176.355911
6859 /gyrosc/gyro 0.065113 -0.002296 0.091988
6863 /gyrosc/accel 0.015246 -0.007794 0.024749
6869 /gyrosc/rmatrix 0.995783 0.091710 0.002291 -0.091664 0.993662 0.065067 0.003691 -0.065003 0.997878
6874 /gyrosc/rrate -0.030727 -0.011536 -0.414638
6878 /gyrosc/quat -0.998414 -0.032569 -0.000350 -0.045916
6882 /gyrosc/comp 176.355911
6886 /gyrosc/gyro 0.064752 -0.002244 0.087861
6890 /gyrosc/rrate -0.046318 -0.044975 -0.397309
6893 /gyrosc/grav -0.002459 -0.064035 -0.997945
6897 /gyrosc/gyro 0.063184 -0.002861 0.076073
6901 /gyrosc/rmatrix 0.997118 0.075819 0.002855 -0.075848 0.995118 0.063142 0.001946 -0.063176 0.998001
6907 /gyrosc/gyro 0.062339 -0.003159 0.072470
6910 /gyrosc/comp 177.779770
6914 /gyrosc/gyro 0.061248 -0.003464 0.069122
6918 /gyrosc/accel 0.018061 -0.000939 0.019298
6923 /gyrosc/rmatrix 0.997621 0.068855 0.003458 -0.068937 0.995741 0.061210 0.000771 -0.061303 0.998119
6929 /gyrosc/rrate -0.120133 -0.050776 -0.317958
6933 /gyrosc/quat -0.998934 -0.030661 0.000672 -0.034485
6937 /gyrosc/grav -0.003458 -0.061210 -0.998119
6941 /gyrosc/mag 36.630112 -29.002487 -236.464478
6944 /gyrosc/accel 0.017040 -0.001896 0.008901
6947 /gyrosc/comp 177.779770
6950 /gyrosc/comp 178.829910
6953 /gyrosc/rrate -0.123466 -0.053556 -0.222545
6956 /gyrosc/comp 178.829910
6959 /gyrosc/gyro 0.054865 -0.005216 0.056323
6962 /gyrosc/comp 178.829910
6967 /gyrosc/gyro 0.053756 -0.005927 0.054278
6970 /gyrosc/rrate -0.109184 -0.086007 -0.197295
6973 /gyrosc/comp 178.829910
6978 /gyrosc/rmatrix 0.998578 0.052929 0.006292 -0.053189 0.997167 0.053188 -0.003459 -0.053447 0.998565
6982 /gyrosc/comp 178.829910
6986 /gyrosc/gyro 0.052141 -0.006960 0.051419
6991 /gyrosc/rmatrix 0.998673 0.051033 0.006950 -0.051327 0.997321 0.052117 -0.004272 -0.052405 0.998617
6995 /gyrosc/comp 178.829910
7000 /gyrosc/rmatrix 0.998715 0.050162 0.007244 -0.050470 0.997393 0.051569 -0.004639 -0.051869 0.998643
7006 /gyrosc/comp 178.829910
7009 /gyrosc/gyro 0.050481 -0.007773 0.048928
7013 /gyrosc/rrate -0.115533 -0.060198 -0.158145
7017 /gyrosc/gyro 0.049264 -0.008273 0.047332
7020 /gyrosc/comp 178.829910
7025 /gyrosc/rmatrix 0.998899 0.046124 0.008514 -0.046484 0.997736 0.048598 -0.006254 -0.048940 0.998782
7030 /gyrosc/accel 0.019099 -0.013758 -0.000944
7033 /gyrosc/comp 178.829910
7036 /gyrosc/gyro 0.045889 -0.009616 0.043643
7040 /gyrosc/accel 0.021797 -0.014491 -0.006058
7044 /gyrosc/comp 178.829910
7047 /gyrosc/gyro 0.045201 -0.009937 0.042944
7050 /gyrosc/comp 178.829910
7053 /gyrosc/mag 37.665100 -30.232712 -236.908432
7056 /gyrosc/comp 178.829910
7060 /gyrosc/gyro 0.042870 -0.011104 0.040404
7062 /gyrosc/comp 179.963608
7066 /gyrosc/gyro 0.042388 -0.011435 0.039840
7069 /gyrosc/rrate -0.091141 -0.070929 -0.107694
7072 /gyrosc/comp 179.963608
7076 /gyrosc/gyro 0.041724 -0.011995 0.038762
7079 /gyrosc/accel 0.026160 -0.002431 -0.026333
7082 /gyrosc/comp 179.963608
7086 /gyrosc/gyro 0.041332 -0.012489 0.037736
7090 /gyrosc/comp 179.963608
7093 /gyrosc/gyro 0.041255 -0.012641 0.037249
7097 /gyrosc/quat -0.999596 -0.020740 0.005934 -0.018489
7100 /gyrosc/comp 179.963608
7103 /gyrosc/gyro 0.041092 -0.012860 0.036387
7106 /gyrosc/comp 179.963608
7109 /gyrosc/gyro 0.040865 -0.012824 0.035648
7112 /gyrosc/comp 179.963608
7116 /gyrosc/gyro 0.040629 -0.012757 0.035334
7118 /gyrosc/comp 179.963608
7122 /gyrosc/gyro 0.039969 -0.012306 0.034864
7127 /gyrosc/rmatrix 0.999334 0.034362 0.012296 -0.034829 0.998594 0.039958 -0.010906 -0.040360 0.999126
7133 /gyrosc/comp 179.963608
7136 /gyrosc/gyro 0.039027 -0.011646 0.034647
7140 /gyrosc/accel 0.022761 0.001465 0.002436
7142 /gyrosc/comp 179.963608
7145 /gyrosc/gyro 0.038489 -0.011238 0.034615
7149 /gyrosc/grav -0.011229 -0.038479 -0.999196
7154 /gyrosc/rmatrix 0.999359 0.034238 0.010476 -0.034606 0.998708 0.037223 -0.009188 -0.037562 0.999252
7159 /gyrosc/comp 179.963608
7162 /gyrosc/gyro 0.035891 -0.009762 0.034747
7165 /gyrosc/comp 179.963608
7169 /gyrosc/gyro 0.035239 -0.009485 0.034862
7173 /gyrosc/accel 0.022052 -0.002229 0.004843
7176 /gyrosc/comp 179.963608
7179 /gyrosc/comp 179.963608
7182 /gyrosc/gyro 0.032878 -0.008760 0.035779
7185 /gyrosc/accel 0.027448 -0.004130 0.003739
7188 /gyrosc/comp 179.963608
7193 /gyrosc/rmatrix 0.999319 0.035852 0.008712 -0.036116 0.998823 0.032365 -0.007541 -0.032657 0.999438
7197 /gyrosc/comp 179.963608
7200 /gyrosc/gyro 0.031453 -0.008869 0.037056
7203 /gyrosc/accel 0.031173 -0.005845 0.001175
7211 /gyrosc/rmatrix 0.999285 0.036767 0.008865 -0.037029 0.998819 0.031447 -0.007698 -0.031753 0.999466
7217 /gyrosc/comp 179.963608
7220 /gyrosc/gyro 0.030672 -0.009211 0.038201
7224 /gyrosc/accel 0.030829 -0.010150 -0.000055
7229 /gyrosc/rmatrix 0.999239 0.037908 0.009207 -0.038174 0.998800 0.030668 -0.008033 -0.030996 0.999487
7234 /gyrosc/rrate -0.074717 -0.044613 0.123767
7238 /gyrosc/quat -0.999691 -0.015421 0.004311 -0.019026
7242 /gyrosc/mag 37.673706 -30.877945 -236.771271
7246 /gyrosc/rrate -0.094097 -0.048938 0.147845
7252 /gyrosc/gyro 0.028214 -0.010482 0.042328
7255 /gyrosc/comp 179.963608
7258 /gyrosc/gyro 0.027249 -0.010881 0.043862
7261 /gyrosc/comp 179.963608
7265 /gyrosc/rrate -0.097701 -0.042396 0.147924
7267 /gyrosc/comp 179.963608
7270 /gyrosc/mag 37.575867 -31.341446 -236.652390
7274 /gyrosc/gyro 0.025036 -0.011841 0.047584
7277 /gyrosc/comp 179.963608
7279 /gyrosc/gyro 0.024784 -0.011973 0.048301
7283 /gyrosc/accel 0.008612 -0.018797 -0.046903
7285 /gyrosc/comp 179.963608
7288 /gyrosc/gyro 0.024462 -0.012354 0.049699
7293 /gyrosc/accel 0.007666 -0.014390 -0.053125
7301 /gyrosc/comp 179.963608
7308 /gyrosc/gyro 0.024353 -0.012722 0.051061
7311 /gyrosc/accel 0.004844 -0.010638 -0.054806
7316 /gyrosc/rmatrix 0.998632 0.050725 0.012718 -0.051024 0.998401 0.024351 -0.011463 -0.024966 0.999623
7320 /gyrosc/rrate -0.003243 -0.034313 0.134199
7324 /gyrosc/quat -0.999582 -0.012334 0.006048 -0.025448
7327 /gyrosc/grav -0.012718 -0.024351 -0.999623
7330 /gyrosc/mag 37.864975 -31.294449 -236.509918
7513 /gyrosc/comp 179.963608
7517 /gyrosc/gyro 0.024469 -0.013075 0.053056
7521 /gyrosc/accel 0.001932 -0.008584 -0.055057
7528 /gyrosc/rmatrix 0.998524 0.052707 0.013070 -0.053016 0.998294 0.024467 -0.011759 -0.025124 0.999615
7533 /gyrosc/rrate 0.017155 -0.011374 0.130019
7536 /gyrosc/quat -0.999554 -0.012403 0.006210 -0.026443
7540 /gyrosc/grav -0.013070 -0.024467 -0.999615
7543 /gyrosc/accel 0.000056 -0.007265 -0.051613
7547 /gyrosc/rrate 0.024527 0.018687 0.124491
7550 /gyrosc/quat -0.999448 -0.013503 0.005313 -0.029867
7557 /packetpunk/close 1
